[resnet-50]
INFO:root:start with arguments Namespace(batch_size=64, benchmark=0, data_nthreads=4, data_train='../../data/mx-512-qua-99-ratio-0.95_train.rec', data_val='../../data/mx-512-qua-99-ratio-0.95_val.rec', disp_batches=20, dtype='float32', gpus='0,1,2,3', image_shape='3,512,512', kv_store='device', load_epoch=None, lr=0.01, lr_factor=0.1, lr_step_epochs='200,250', max_random_aspect_ratio=0, max_random_h=36, max_random_l=50, max_random_rotate_angle=0, max_random_s=50, max_random_scale=1, max_random_shear_ratio=0, min_random_scale=1, model_prefix='./models/resnet-50-standford-512-lr-0.01/resnet-50-standford-512-lr-0.01', mom=0.9, monitor=0, network='resnet', num_classes=120, num_epochs=300, num_examples=50000, num_layers=50, optimizer='sgd', pad_size=4, random_crop=1, random_mirror=1, rgb_mean='123.68,116.779,103.939', test_io=0, top_k=5, wd=0.0001)
[00:09:51] src/io/iter_image_recordio_2.cc:153: ImageRecordIOParser2: ../../data/mx-512-qua-99-ratio-0.95_train.rec, use 4 threads for decoding..
[00:09:53] src/io/iter_image_recordio_2.cc:153: ImageRecordIOParser2: ../../data/mx-512-qua-99-ratio-0.95_val.rec, use 4 threads for decoding..
[00:09:55] src/operator/././cudnn_algoreg-inl.h:112: Running performance tests to find the best convolution algorithm, this can take a while... (setting env variable MXNET_CUDNN_AUTOTUNE_DEFAULT to 0 to disable)
[00:10:04] src/kvstore/././comm.h:327: only 4 out of 12 GPU pairs are enabled direct access. It may affect the performance. You can set MXNET_ENABLE_GPU_P2P=0 to turn it off
[00:10:04] src/kvstore/././comm.h:336: .v..
[00:10:04] src/kvstore/././comm.h:336: v...
[00:10:04] src/kvstore/././comm.h:336: ...v
[00:10:04] src/kvstore/././comm.h:336: ..v.
INFO:root:Epoch[0] Batch [20]	Speed: 127.62 samples/sec	accuracy=0.008929	top_k_accuracy_5=0.035714
INFO:root:Epoch[0] Batch [40]	Speed: 130.96 samples/sec	accuracy=0.007812	top_k_accuracy_5=0.049219
INFO:root:Epoch[0] Batch [60]	Speed: 130.70 samples/sec	accuracy=0.014063	top_k_accuracy_5=0.055469
INFO:root:Epoch[0] Batch [80]	Speed: 129.13 samples/sec	accuracy=0.019531	top_k_accuracy_5=0.053125
INFO:root:Epoch[0] Batch [100]	Speed: 130.16 samples/sec	accuracy=0.007031	top_k_accuracy_5=0.043750
INFO:root:Epoch[0] Batch [120]	Speed: 130.06 samples/sec	accuracy=0.009375	top_k_accuracy_5=0.050781
INFO:root:Epoch[0] Batch [140]	Speed: 130.00 samples/sec	accuracy=0.008594	top_k_accuracy_5=0.047656
INFO:root:Epoch[0] Train-accuracy=0.014205
INFO:root:Epoch[0] Train-top_k_accuracy_5=0.049716
INFO:root:Epoch[0] Time cost=76.866
INFO:root:Saved checkpoint to "./models/resnet-50-standford-512-lr-0.01/resnet-50-standford-512-lr-0.01-0001.params"
INFO:root:Epoch[0] Validation-accuracy=0.021484
INFO:root:Epoch[0] Validation-top_k_accuracy_5=0.076172
INFO:root:Epoch[1] Batch [20]	Speed: 129.19 samples/sec	accuracy=0.011905	top_k_accuracy_5=0.055804
INFO:root:Epoch[1] Batch [40]	Speed: 128.33 samples/sec	accuracy=0.010156	top_k_accuracy_5=0.063281
INFO:root:Epoch[1] Batch [60]	Speed: 129.06 samples/sec	accuracy=0.014063	top_k_accuracy_5=0.065625
INFO:root:Epoch[1] Batch [80]	Speed: 128.51 samples/sec	accuracy=0.014844	top_k_accuracy_5=0.056250
INFO:root:Epoch[1] Batch [100]	Speed: 127.81 samples/sec	accuracy=0.012500	top_k_accuracy_5=0.060937
INFO:root:Epoch[1] Batch [120]	Speed: 127.47 samples/sec	accuracy=0.019531	top_k_accuracy_5=0.071094
INFO:root:Epoch[1] Batch [140]	Speed: 124.57 samples/sec	accuracy=0.010156	top_k_accuracy_5=0.067187
INFO:root:Epoch[1] Train-accuracy=0.017045
INFO:root:Epoch[1] Train-top_k_accuracy_5=0.061080
INFO:root:Epoch[1] Time cost=76.167
INFO:root:Saved checkpoint to "./models/resnet-50-standford-512-lr-0.01/resnet-50-standford-512-lr-0.01-0002.params"
INFO:root:Epoch[1] Validation-accuracy=0.019531
INFO:root:Epoch[1] Validation-top_k_accuracy_5=0.083984
INFO:root:Epoch[2] Batch [20]	Speed: 124.36 samples/sec	accuracy=0.017857	top_k_accuracy_5=0.075893
INFO:root:Epoch[2] Batch [40]	Speed: 123.11 samples/sec	accuracy=0.020313	top_k_accuracy_5=0.067969
INFO:root:Epoch[2] Batch [60]	Speed: 122.50 samples/sec	accuracy=0.019531	top_k_accuracy_5=0.084375
INFO:root:Epoch[2] Batch [80]	Speed: 122.14 samples/sec	accuracy=0.018750	top_k_accuracy_5=0.075781
INFO:root:Epoch[2] Batch [100]	Speed: 122.39 samples/sec	accuracy=0.018750	top_k_accuracy_5=0.078906
INFO:root:Epoch[2] Batch [120]	Speed: 123.79 samples/sec	accuracy=0.023438	top_k_accuracy_5=0.078125
INFO:root:Epoch[2] Batch [140]	Speed: 122.95 samples/sec	accuracy=0.021875	top_k_accuracy_5=0.076563
INFO:root:Epoch[2] Train-accuracy=0.025568
INFO:root:Epoch[2] Train-top_k_accuracy_5=0.082386
INFO:root:Epoch[2] Time cost=79.133
INFO:root:Saved checkpoint to "./models/resnet-50-standford-512-lr-0.01/resnet-50-standford-512-lr-0.01-0003.params"
INFO:root:Epoch[2] Validation-accuracy=0.021484
INFO:root:Epoch[2] Validation-top_k_accuracy_5=0.103516
INFO:root:Epoch[3] Batch [20]	Speed: 123.11 samples/sec	accuracy=0.014881	top_k_accuracy_5=0.078869
INFO:root:Epoch[3] Batch [40]	Speed: 122.75 samples/sec	accuracy=0.014063	top_k_accuracy_5=0.085938
INFO:root:Epoch[3] Batch [60]	Speed: 123.21 samples/sec	accuracy=0.020313	top_k_accuracy_5=0.093750
INFO:root:Epoch[3] Batch [80]	Speed: 122.15 samples/sec	accuracy=0.014063	top_k_accuracy_5=0.084375
INFO:root:Epoch[3] Batch [100]	Speed: 122.64 samples/sec	accuracy=0.027344	top_k_accuracy_5=0.085938
INFO:root:Epoch[3] Batch [120]	Speed: 124.09 samples/sec	accuracy=0.025781	top_k_accuracy_5=0.075781
INFO:root:Epoch[3] Batch [140]	Speed: 123.67 samples/sec	accuracy=0.024219	top_k_accuracy_5=0.075000
INFO:root:Epoch[3] Train-accuracy=0.023438
INFO:root:Epoch[3] Train-top_k_accuracy_5=0.106250
INFO:root:Epoch[3] Time cost=78.603
INFO:root:Saved checkpoint to "./models/resnet-50-standford-512-lr-0.01/resnet-50-standford-512-lr-0.01-0004.params"
INFO:root:Epoch[3] Validation-accuracy=0.029297
INFO:root:Epoch[3] Validation-top_k_accuracy_5=0.121094
INFO:root:Epoch[4] Batch [20]	Speed: 125.11 samples/sec	accuracy=0.023810	top_k_accuracy_5=0.084821
INFO:root:Epoch[4] Batch [40]	Speed: 122.93 samples/sec	accuracy=0.024219	top_k_accuracy_5=0.092969
INFO:root:Epoch[4] Batch [60]	Speed: 122.38 samples/sec	accuracy=0.026562	top_k_accuracy_5=0.099219
INFO:root:Epoch[4] Batch [80]	Speed: 123.07 samples/sec	accuracy=0.023438	top_k_accuracy_5=0.098437
INFO:root:Epoch[4] Batch [100]	Speed: 122.79 samples/sec	accuracy=0.025781	top_k_accuracy_5=0.097656
INFO:root:Epoch[4] Batch [120]	Speed: 124.22 samples/sec	accuracy=0.017969	top_k_accuracy_5=0.089844
INFO:root:Epoch[4] Batch [140]	Speed: 122.22 samples/sec	accuracy=0.019531	top_k_accuracy_5=0.097656
INFO:root:Epoch[4] Train-accuracy=0.026989
INFO:root:Epoch[4] Train-top_k_accuracy_5=0.105114
INFO:root:Epoch[4] Time cost=78.774
INFO:root:Saved checkpoint to "./models/resnet-50-standford-512-lr-0.01/resnet-50-standford-512-lr-0.01-0005.params"
INFO:root:Epoch[4] Validation-accuracy=0.035156
INFO:root:Epoch[4] Validation-top_k_accuracy_5=0.146484
INFO:root:Epoch[5] Batch [20]	Speed: 121.73 samples/sec	accuracy=0.018601	top_k_accuracy_5=0.091518
INFO:root:Epoch[5] Batch [40]	Speed: 125.41 samples/sec	accuracy=0.016406	top_k_accuracy_5=0.092969
INFO:root:Epoch[5] Batch [60]	Speed: 121.60 samples/sec	accuracy=0.023438	top_k_accuracy_5=0.098437
INFO:root:Epoch[5] Batch [80]	Speed: 123.57 samples/sec	accuracy=0.025781	top_k_accuracy_5=0.103125
INFO:root:Epoch[5] Batch [100]	Speed: 123.76 samples/sec	accuracy=0.023438	top_k_accuracy_5=0.085938
INFO:root:Epoch[5] Batch [120]	Speed: 123.72 samples/sec	accuracy=0.021094	top_k_accuracy_5=0.105469
INFO:root:Epoch[5] Batch [140]	Speed: 122.71 samples/sec	accuracy=0.028125	top_k_accuracy_5=0.101562
INFO:root:Epoch[5] Train-accuracy=0.021307
INFO:root:Epoch[5] Train-top_k_accuracy_5=0.100852
INFO:root:Epoch[5] Time cost=78.858
INFO:root:Saved checkpoint to "./models/resnet-50-standford-512-lr-0.01/resnet-50-standford-512-lr-0.01-0006.params"
INFO:root:Epoch[5] Validation-accuracy=0.033203
INFO:root:Epoch[5] Validation-top_k_accuracy_5=0.128906
INFO:root:Epoch[6] Batch [20]	Speed: 125.39 samples/sec	accuracy=0.022321	top_k_accuracy_5=0.093750
INFO:root:Epoch[6] Batch [40]	Speed: 124.56 samples/sec	accuracy=0.037500	top_k_accuracy_5=0.122656
INFO:root:Epoch[6] Batch [60]	Speed: 123.71 samples/sec	accuracy=0.025781	top_k_accuracy_5=0.109375
INFO:root:Epoch[6] Batch [80]	Speed: 123.67 samples/sec	accuracy=0.024219	top_k_accuracy_5=0.110937
INFO:root:Epoch[6] Batch [100]	Speed: 123.29 samples/sec	accuracy=0.029687	top_k_accuracy_5=0.104688
INFO:root:Epoch[6] Batch [120]	Speed: 124.20 samples/sec	accuracy=0.031250	top_k_accuracy_5=0.118750
INFO:root:Epoch[6] Batch [140]	Speed: 124.83 samples/sec	accuracy=0.028125	top_k_accuracy_5=0.108594
INFO:root:Epoch[6] Train-accuracy=0.026989
INFO:root:Epoch[6] Train-top_k_accuracy_5=0.122159
INFO:root:Epoch[6] Time cost=78.357
INFO:root:Saved checkpoint to "./models/resnet-50-standford-512-lr-0.01/resnet-50-standford-512-lr-0.01-0007.params"
INFO:root:Epoch[6] Validation-accuracy=0.035156
INFO:root:Epoch[6] Validation-top_k_accuracy_5=0.117188
INFO:root:Epoch[7] Batch [20]	Speed: 123.47 samples/sec	accuracy=0.021577	top_k_accuracy_5=0.108631
INFO:root:Epoch[7] Batch [40]	Speed: 124.80 samples/sec	accuracy=0.034375	top_k_accuracy_5=0.130469
INFO:root:Epoch[7] Batch [60]	Speed: 123.02 samples/sec	accuracy=0.035937	top_k_accuracy_5=0.124219
INFO:root:Epoch[7] Batch [80]	Speed: 123.02 samples/sec	accuracy=0.033594	top_k_accuracy_5=0.117188
INFO:root:Epoch[7] Batch [100]	Speed: 124.12 samples/sec	accuracy=0.027344	top_k_accuracy_5=0.107031
INFO:root:Epoch[7] Batch [120]	Speed: 124.73 samples/sec	accuracy=0.025000	top_k_accuracy_5=0.128906
INFO:root:Epoch[7] Batch [140]	Speed: 122.85 samples/sec	accuracy=0.023438	top_k_accuracy_5=0.107031
INFO:root:Epoch[7] Train-accuracy=0.034375
INFO:root:Epoch[7] Train-top_k_accuracy_5=0.103125
INFO:root:Epoch[7] Time cost=78.101
INFO:root:Saved checkpoint to "./models/resnet-50-standford-512-lr-0.01/resnet-50-standford-512-lr-0.01-0008.params"
INFO:root:Epoch[7] Validation-accuracy=0.027344
INFO:root:Epoch[7] Validation-top_k_accuracy_5=0.128906
INFO:root:Epoch[8] Batch [20]	Speed: 122.23 samples/sec	accuracy=0.022321	top_k_accuracy_5=0.113839
INFO:root:Epoch[8] Batch [40]	Speed: 125.20 samples/sec	accuracy=0.029687	top_k_accuracy_5=0.127344
INFO:root:Epoch[8] Batch [60]	Speed: 124.05 samples/sec	accuracy=0.038281	top_k_accuracy_5=0.127344
INFO:root:Epoch[8] Batch [80]	Speed: 123.38 samples/sec	accuracy=0.036719	top_k_accuracy_5=0.120313
INFO:root:Epoch[8] Batch [100]	Speed: 124.45 samples/sec	accuracy=0.031250	top_k_accuracy_5=0.133594
INFO:root:Epoch[8] Batch [120]	Speed: 124.78 samples/sec	accuracy=0.041406	top_k_accuracy_5=0.137500
INFO:root:Epoch[8] Batch [140]	Speed: 123.27 samples/sec	accuracy=0.031250	top_k_accuracy_5=0.135937
INFO:root:Epoch[8] Train-accuracy=0.036932
INFO:root:Epoch[8] Train-top_k_accuracy_5=0.143466
INFO:root:Epoch[8] Time cost=78.409
INFO:root:Saved checkpoint to "./models/resnet-50-standford-512-lr-0.01/resnet-50-standford-512-lr-0.01-0009.params"
INFO:root:Epoch[8] Validation-accuracy=0.027344
INFO:root:Epoch[8] Validation-top_k_accuracy_5=0.130859
INFO:root:Epoch[9] Batch [20]	Speed: 124.74 samples/sec	accuracy=0.025298	top_k_accuracy_5=0.127232
INFO:root:Epoch[9] Batch [40]	Speed: 124.90 samples/sec	accuracy=0.040625	top_k_accuracy_5=0.139844
INFO:root:Epoch[9] Batch [60]	Speed: 125.20 samples/sec	accuracy=0.043750	top_k_accuracy_5=0.153906
INFO:root:Epoch[9] Batch [80]	Speed: 124.73 samples/sec	accuracy=0.036719	top_k_accuracy_5=0.134375
INFO:root:Epoch[9] Batch [100]	Speed: 125.31 samples/sec	accuracy=0.042969	top_k_accuracy_5=0.144531
INFO:root:Epoch[9] Batch [120]	Speed: 123.09 samples/sec	accuracy=0.038281	top_k_accuracy_5=0.151562
INFO:root:Epoch[9] Batch [140]	Speed: 124.78 samples/sec	accuracy=0.035156	top_k_accuracy_5=0.142969
INFO:root:Epoch[9] Train-accuracy=0.045455
INFO:root:Epoch[9] Train-top_k_accuracy_5=0.159091
INFO:root:Epoch[9] Time cost=78.200
INFO:root:Saved checkpoint to "./models/resnet-50-standford-512-lr-0.01/resnet-50-standford-512-lr-0.01-0010.params"
INFO:root:Epoch[9] Validation-accuracy=0.046875
INFO:root:Epoch[9] Validation-top_k_accuracy_5=0.171875
INFO:root:Epoch[10] Batch [20]	Speed: 124.11 samples/sec	accuracy=0.031250	top_k_accuracy_5=0.133185
INFO:root:Epoch[10] Batch [40]	Speed: 124.69 samples/sec	accuracy=0.032813	top_k_accuracy_5=0.166406
INFO:root:Epoch[10] Batch [60]	Speed: 124.54 samples/sec	accuracy=0.052344	top_k_accuracy_5=0.176563
INFO:root:Epoch[10] Batch [80]	Speed: 123.69 samples/sec	accuracy=0.053906	top_k_accuracy_5=0.160156
INFO:root:Epoch[10] Batch [100]	Speed: 125.12 samples/sec	accuracy=0.050000	top_k_accuracy_5=0.166406
INFO:root:Epoch[10] Batch [120]	Speed: 123.55 samples/sec	accuracy=0.047656	top_k_accuracy_5=0.173437
INFO:root:Epoch[10] Batch [140]	Speed: 123.70 samples/sec	accuracy=0.044531	top_k_accuracy_5=0.163281
INFO:root:Epoch[10] Train-accuracy=0.046875
INFO:root:Epoch[10] Train-top_k_accuracy_5=0.171875
INFO:root:Epoch[10] Time cost=77.860
INFO:root:Saved checkpoint to "./models/resnet-50-standford-512-lr-0.01/resnet-50-standford-512-lr-0.01-0011.params"
INFO:root:Epoch[10] Validation-accuracy=0.050781
INFO:root:Epoch[10] Validation-top_k_accuracy_5=0.181641
INFO:root:Epoch[11] Batch [20]	Speed: 123.51 samples/sec	accuracy=0.046875	top_k_accuracy_5=0.159226
INFO:root:Epoch[11] Batch [40]	Speed: 123.47 samples/sec	accuracy=0.046875	top_k_accuracy_5=0.169531
INFO:root:Epoch[11] Batch [60]	Speed: 123.39 samples/sec	accuracy=0.058594	top_k_accuracy_5=0.206250
INFO:root:Epoch[11] Batch [80]	Speed: 121.96 samples/sec	accuracy=0.042969	top_k_accuracy_5=0.185938
INFO:root:Epoch[11] Batch [100]	Speed: 123.73 samples/sec	accuracy=0.056250	top_k_accuracy_5=0.177344
INFO:root:Epoch[11] Batch [120]	Speed: 124.14 samples/sec	accuracy=0.044531	top_k_accuracy_5=0.177344
INFO:root:Epoch[11] Batch [140]	Speed: 123.36 samples/sec	accuracy=0.060156	top_k_accuracy_5=0.178906
INFO:root:Epoch[11] Train-accuracy=0.048295
INFO:root:Epoch[11] Train-top_k_accuracy_5=0.187500
INFO:root:Epoch[11] Time cost=78.707
INFO:root:Saved checkpoint to "./models/resnet-50-standford-512-lr-0.01/resnet-50-standford-512-lr-0.01-0012.params"
INFO:root:Epoch[11] Validation-accuracy=0.044922
INFO:root:Epoch[11] Validation-top_k_accuracy_5=0.179688
INFO:root:Epoch[12] Batch [20]	Speed: 121.98 samples/sec	accuracy=0.040179	top_k_accuracy_5=0.176339
INFO:root:Epoch[12] Batch [40]	Speed: 123.87 samples/sec	accuracy=0.047656	top_k_accuracy_5=0.200000
INFO:root:Epoch[12] Batch [60]	Speed: 122.36 samples/sec	accuracy=0.066406	top_k_accuracy_5=0.195312
INFO:root:Epoch[12] Batch [80]	Speed: 123.70 samples/sec	accuracy=0.058594	top_k_accuracy_5=0.200000
INFO:root:Epoch[12] Batch [100]	Speed: 124.87 samples/sec	accuracy=0.064844	top_k_accuracy_5=0.194531
INFO:root:Epoch[12] Batch [120]	Speed: 122.35 samples/sec	accuracy=0.050781	top_k_accuracy_5=0.220312
INFO:root:Epoch[12] Batch [140]	Speed: 124.79 samples/sec	accuracy=0.051562	top_k_accuracy_5=0.196875
INFO:root:Epoch[12] Train-accuracy=0.059659
INFO:root:Epoch[12] Train-top_k_accuracy_5=0.197443
INFO:root:Epoch[12] Time cost=78.782
INFO:root:Saved checkpoint to "./models/resnet-50-standford-512-lr-0.01/resnet-50-standford-512-lr-0.01-0013.params"
INFO:root:Epoch[12] Validation-accuracy=0.054688
INFO:root:Epoch[12] Validation-top_k_accuracy_5=0.183594
INFO:root:Epoch[13] Batch [20]	Speed: 124.52 samples/sec	accuracy=0.053571	top_k_accuracy_5=0.200149
INFO:root:Epoch[13] Batch [40]	Speed: 123.39 samples/sec	accuracy=0.062500	top_k_accuracy_5=0.223438
INFO:root:Epoch[13] Batch [60]	Speed: 123.13 samples/sec	accuracy=0.069531	top_k_accuracy_5=0.220312
INFO:root:Epoch[13] Batch [80]	Speed: 124.96 samples/sec	accuracy=0.063281	top_k_accuracy_5=0.238281
INFO:root:Epoch[13] Batch [100]	Speed: 123.07 samples/sec	accuracy=0.067187	top_k_accuracy_5=0.207813
INFO:root:Epoch[13] Batch [120]	Speed: 122.32 samples/sec	accuracy=0.064062	top_k_accuracy_5=0.218750
INFO:root:Epoch[13] Batch [140]	Speed: 124.93 samples/sec	accuracy=0.060156	top_k_accuracy_5=0.208594
INFO:root:Epoch[13] Train-accuracy=0.069602
INFO:root:Epoch[13] Train-top_k_accuracy_5=0.188920
INFO:root:Epoch[13] Time cost=78.614
INFO:root:Saved checkpoint to "./models/resnet-50-standford-512-lr-0.01/resnet-50-standford-512-lr-0.01-0014.params"
INFO:root:Epoch[13] Validation-accuracy=0.070312
INFO:root:Epoch[13] Validation-top_k_accuracy_5=0.251953
INFO:root:Epoch[14] Batch [20]	Speed: 126.06 samples/sec	accuracy=0.055060	top_k_accuracy_5=0.222470
INFO:root:Epoch[14] Batch [40]	Speed: 124.34 samples/sec	accuracy=0.074219	top_k_accuracy_5=0.226562
INFO:root:Epoch[14] Batch [60]	Speed: 123.10 samples/sec	accuracy=0.070312	top_k_accuracy_5=0.246875
INFO:root:Epoch[14] Batch [80]	Speed: 124.81 samples/sec	accuracy=0.068750	top_k_accuracy_5=0.242969
INFO:root:Epoch[14] Batch [100]	Speed: 122.53 samples/sec	accuracy=0.057813	top_k_accuracy_5=0.222656
INFO:root:Epoch[14] Batch [120]	Speed: 122.49 samples/sec	accuracy=0.064062	top_k_accuracy_5=0.233594
INFO:root:Epoch[14] Batch [140]	Speed: 122.75 samples/sec	accuracy=0.069531	top_k_accuracy_5=0.234375
INFO:root:Epoch[14] Train-accuracy=0.081250
INFO:root:Epoch[14] Train-top_k_accuracy_5=0.257812
INFO:root:Epoch[14] Time cost=78.156
INFO:root:Saved checkpoint to "./models/resnet-50-standford-512-lr-0.01/resnet-50-standford-512-lr-0.01-0015.params"
INFO:root:Epoch[14] Validation-accuracy=0.054688
INFO:root:Epoch[14] Validation-top_k_accuracy_5=0.189453
INFO:root:Epoch[15] Batch [20]	Speed: 122.93 samples/sec	accuracy=0.075893	top_k_accuracy_5=0.229911
INFO:root:Epoch[15] Batch [40]	Speed: 123.89 samples/sec	accuracy=0.087500	top_k_accuracy_5=0.253125
INFO:root:Epoch[15] Batch [60]	Speed: 123.07 samples/sec	accuracy=0.081250	top_k_accuracy_5=0.273438
INFO:root:Epoch[15] Batch [80]	Speed: 121.66 samples/sec	accuracy=0.075781	top_k_accuracy_5=0.249219
INFO:root:Epoch[15] Batch [100]	Speed: 122.53 samples/sec	accuracy=0.080469	top_k_accuracy_5=0.246094
INFO:root:Epoch[15] Batch [120]	Speed: 122.84 samples/sec	accuracy=0.068750	top_k_accuracy_5=0.252344
INFO:root:Epoch[15] Batch [140]	Speed: 124.18 samples/sec	accuracy=0.089844	top_k_accuracy_5=0.271875
INFO:root:Epoch[15] Train-accuracy=0.082386
INFO:root:Epoch[15] Train-top_k_accuracy_5=0.284091
INFO:root:Epoch[15] Time cost=78.800
INFO:root:Saved checkpoint to "./models/resnet-50-standford-512-lr-0.01/resnet-50-standford-512-lr-0.01-0016.params"
INFO:root:Epoch[15] Validation-accuracy=0.066406
INFO:root:Epoch[15] Validation-top_k_accuracy_5=0.224609
INFO:root:Epoch[16] Batch [20]	Speed: 126.01 samples/sec	accuracy=0.072917	top_k_accuracy_5=0.244792
INFO:root:Epoch[16] Batch [40]	Speed: 122.40 samples/sec	accuracy=0.081250	top_k_accuracy_5=0.292187
INFO:root:Epoch[16] Batch [60]	Speed: 123.43 samples/sec	accuracy=0.091406	top_k_accuracy_5=0.287500
INFO:root:Epoch[16] Batch [80]	Speed: 123.56 samples/sec	accuracy=0.089063	top_k_accuracy_5=0.265625
INFO:root:Epoch[16] Batch [100]	Speed: 123.11 samples/sec	accuracy=0.097656	top_k_accuracy_5=0.268750
INFO:root:Epoch[16] Batch [120]	Speed: 122.84 samples/sec	accuracy=0.075781	top_k_accuracy_5=0.285938
INFO:root:Epoch[16] Batch [140]	Speed: 122.77 samples/sec	accuracy=0.080469	top_k_accuracy_5=0.275000
INFO:root:Epoch[16] Train-accuracy=0.093750
INFO:root:Epoch[16] Train-top_k_accuracy_5=0.292614
INFO:root:Epoch[16] Time cost=78.885
INFO:root:Saved checkpoint to "./models/resnet-50-standford-512-lr-0.01/resnet-50-standford-512-lr-0.01-0017.params"
INFO:root:Epoch[16] Validation-accuracy=0.085938
INFO:root:Epoch[16] Validation-top_k_accuracy_5=0.265625
INFO:root:Epoch[17] Batch [20]	Speed: 124.78 samples/sec	accuracy=0.097470	top_k_accuracy_5=0.273065
INFO:root:Epoch[17] Batch [40]	Speed: 124.87 samples/sec	accuracy=0.096094	top_k_accuracy_5=0.297656
INFO:root:Epoch[17] Batch [60]	Speed: 125.65 samples/sec	accuracy=0.109375	top_k_accuracy_5=0.313281
INFO:root:Epoch[17] Batch [80]	Speed: 124.63 samples/sec	accuracy=0.101562	top_k_accuracy_5=0.288281
INFO:root:Epoch[17] Batch [100]	Speed: 125.02 samples/sec	accuracy=0.089063	top_k_accuracy_5=0.288281
INFO:root:Epoch[17] Batch [120]	Speed: 124.54 samples/sec	accuracy=0.105469	top_k_accuracy_5=0.312500
INFO:root:Epoch[17] Batch [140]	Speed: 123.26 samples/sec	accuracy=0.092188	top_k_accuracy_5=0.292187
INFO:root:Epoch[17] Train-accuracy=0.114062
INFO:root:Epoch[17] Train-top_k_accuracy_5=0.329688
INFO:root:Epoch[17] Time cost=77.708
INFO:root:Saved checkpoint to "./models/resnet-50-standford-512-lr-0.01/resnet-50-standford-512-lr-0.01-0018.params"
INFO:root:Epoch[17] Validation-accuracy=0.076172
INFO:root:Epoch[17] Validation-top_k_accuracy_5=0.259766
INFO:root:Epoch[18] Batch [20]	Speed: 123.85 samples/sec	accuracy=0.097470	top_k_accuracy_5=0.285714
INFO:root:Epoch[18] Batch [40]	Speed: 123.43 samples/sec	accuracy=0.114844	top_k_accuracy_5=0.317969
INFO:root:Epoch[18] Batch [60]	Speed: 122.27 samples/sec	accuracy=0.122656	top_k_accuracy_5=0.330469
INFO:root:Epoch[18] Batch [80]	Speed: 123.04 samples/sec	accuracy=0.102344	top_k_accuracy_5=0.325000
INFO:root:Epoch[18] Batch [100]	Speed: 121.79 samples/sec	accuracy=0.100781	top_k_accuracy_5=0.303906
INFO:root:Epoch[18] Batch [120]	Speed: 124.93 samples/sec	accuracy=0.097656	top_k_accuracy_5=0.317188
INFO:root:Epoch[18] Batch [140]	Speed: 122.28 samples/sec	accuracy=0.100781	top_k_accuracy_5=0.313281
INFO:root:Epoch[18] Train-accuracy=0.102273
INFO:root:Epoch[18] Train-top_k_accuracy_5=0.311080
INFO:root:Epoch[18] Time cost=78.808
INFO:root:Saved checkpoint to "./models/resnet-50-standford-512-lr-0.01/resnet-50-standford-512-lr-0.01-0019.params"
INFO:root:Epoch[18] Validation-accuracy=0.105469
INFO:root:Epoch[18] Validation-top_k_accuracy_5=0.308594
INFO:root:Epoch[19] Batch [20]	Speed: 123.20 samples/sec	accuracy=0.107887	top_k_accuracy_5=0.313988
INFO:root:Epoch[19] Batch [40]	Speed: 124.70 samples/sec	accuracy=0.121875	top_k_accuracy_5=0.357812
INFO:root:Epoch[19] Batch [60]	Speed: 123.27 samples/sec	accuracy=0.126562	top_k_accuracy_5=0.353906
INFO:root:Epoch[19] Batch [80]	Speed: 123.59 samples/sec	accuracy=0.123438	top_k_accuracy_5=0.346875
INFO:root:Epoch[19] Batch [100]	Speed: 123.55 samples/sec	accuracy=0.121094	top_k_accuracy_5=0.323437
INFO:root:Epoch[19] Batch [120]	Speed: 124.67 samples/sec	accuracy=0.108594	top_k_accuracy_5=0.354687
INFO:root:Epoch[19] Batch [140]	Speed: 123.92 samples/sec	accuracy=0.114062	top_k_accuracy_5=0.347656
INFO:root:Epoch[19] Train-accuracy=0.137784
INFO:root:Epoch[19] Train-top_k_accuracy_5=0.360795
INFO:root:Epoch[19] Time cost=78.462
INFO:root:Saved checkpoint to "./models/resnet-50-standford-512-lr-0.01/resnet-50-standford-512-lr-0.01-0020.params"
INFO:root:Epoch[19] Validation-accuracy=0.115234
INFO:root:Epoch[19] Validation-top_k_accuracy_5=0.335938
INFO:root:Epoch[20] Batch [20]	Speed: 123.18 samples/sec	accuracy=0.107887	top_k_accuracy_5=0.331845
INFO:root:Epoch[20] Batch [40]	Speed: 124.29 samples/sec	accuracy=0.126562	top_k_accuracy_5=0.370312
INFO:root:Epoch[20] Batch [60]	Speed: 122.61 samples/sec	accuracy=0.135156	top_k_accuracy_5=0.378906
INFO:root:Epoch[20] Batch [80]	Speed: 124.60 samples/sec	accuracy=0.114062	top_k_accuracy_5=0.363281
INFO:root:Epoch[20] Batch [100]	Speed: 122.68 samples/sec	accuracy=0.128125	top_k_accuracy_5=0.342969
INFO:root:Epoch[20] Batch [120]	Speed: 123.52 samples/sec	accuracy=0.116406	top_k_accuracy_5=0.368750
INFO:root:Epoch[20] Batch [140]	Speed: 123.78 samples/sec	accuracy=0.111719	top_k_accuracy_5=0.350781
INFO:root:Epoch[20] Train-accuracy=0.130682
INFO:root:Epoch[20] Train-top_k_accuracy_5=0.375000
INFO:root:Epoch[20] Time cost=78.829
INFO:root:Saved checkpoint to "./models/resnet-50-standford-512-lr-0.01/resnet-50-standford-512-lr-0.01-0021.params"
INFO:root:Epoch[20] Validation-accuracy=0.119141
INFO:root:Epoch[20] Validation-top_k_accuracy_5=0.326172
INFO:root:Epoch[21] Batch [20]	Speed: 126.09 samples/sec	accuracy=0.127232	top_k_accuracy_5=0.349702
INFO:root:Epoch[21] Batch [40]	Speed: 124.86 samples/sec	accuracy=0.143750	top_k_accuracy_5=0.402344
INFO:root:Epoch[21] Batch [60]	Speed: 122.78 samples/sec	accuracy=0.139063	top_k_accuracy_5=0.394531
INFO:root:Epoch[21] Batch [80]	Speed: 124.89 samples/sec	accuracy=0.132031	top_k_accuracy_5=0.389844
INFO:root:Epoch[21] Batch [100]	Speed: 124.48 samples/sec	accuracy=0.132812	top_k_accuracy_5=0.359375
INFO:root:Epoch[21] Batch [120]	Speed: 124.86 samples/sec	accuracy=0.133594	top_k_accuracy_5=0.377344
INFO:root:Epoch[21] Batch [140]	Speed: 125.29 samples/sec	accuracy=0.128125	top_k_accuracy_5=0.386719
INFO:root:Epoch[21] Train-accuracy=0.153125
INFO:root:Epoch[21] Train-top_k_accuracy_5=0.426563
INFO:root:Epoch[21] Time cost=77.564
INFO:root:Saved checkpoint to "./models/resnet-50-standford-512-lr-0.01/resnet-50-standford-512-lr-0.01-0022.params"
INFO:root:Epoch[21] Validation-accuracy=0.130859
INFO:root:Epoch[21] Validation-top_k_accuracy_5=0.363281
INFO:root:Epoch[22] Batch [20]	Speed: 124.88 samples/sec	accuracy=0.144345	top_k_accuracy_5=0.375000
INFO:root:Epoch[22] Batch [40]	Speed: 123.77 samples/sec	accuracy=0.138281	top_k_accuracy_5=0.407031
INFO:root:Epoch[22] Batch [60]	Speed: 123.91 samples/sec	accuracy=0.157812	top_k_accuracy_5=0.415625
INFO:root:Epoch[22] Batch [80]	Speed: 125.02 samples/sec	accuracy=0.133594	top_k_accuracy_5=0.382031
INFO:root:Epoch[22] Batch [100]	Speed: 123.98 samples/sec	accuracy=0.142969	top_k_accuracy_5=0.365625
INFO:root:Epoch[22] Batch [120]	Speed: 123.12 samples/sec	accuracy=0.147656	top_k_accuracy_5=0.407031
INFO:root:Epoch[22] Batch [140]	Speed: 125.50 samples/sec	accuracy=0.152344	top_k_accuracy_5=0.425000
INFO:root:Epoch[22] Train-accuracy=0.143466
INFO:root:Epoch[22] Train-top_k_accuracy_5=0.407670
INFO:root:Epoch[22] Time cost=78.003
INFO:root:Saved checkpoint to "./models/resnet-50-standford-512-lr-0.01/resnet-50-standford-512-lr-0.01-0023.params"
INFO:root:Epoch[22] Validation-accuracy=0.132812
INFO:root:Epoch[22] Validation-top_k_accuracy_5=0.373047
INFO:root:Epoch[23] Batch [20]	Speed: 122.92 samples/sec	accuracy=0.142857	top_k_accuracy_5=0.406250
INFO:root:Epoch[23] Batch [40]	Speed: 125.42 samples/sec	accuracy=0.166406	top_k_accuracy_5=0.432031
INFO:root:Epoch[23] Batch [60]	Speed: 124.81 samples/sec	accuracy=0.171094	top_k_accuracy_5=0.432031
INFO:root:Epoch[23] Batch [80]	Speed: 124.91 samples/sec	accuracy=0.142187	top_k_accuracy_5=0.414062
INFO:root:Epoch[23] Batch [100]	Speed: 124.61 samples/sec	accuracy=0.152344	top_k_accuracy_5=0.403906
INFO:root:Epoch[23] Batch [120]	Speed: 124.90 samples/sec	accuracy=0.156250	top_k_accuracy_5=0.428125
INFO:root:Epoch[23] Batch [140]	Speed: 125.34 samples/sec	accuracy=0.152344	top_k_accuracy_5=0.418750
INFO:root:Epoch[23] Train-accuracy=0.171875
INFO:root:Epoch[23] Train-top_k_accuracy_5=0.427557
INFO:root:Epoch[23] Time cost=77.946
INFO:root:Saved checkpoint to "./models/resnet-50-standford-512-lr-0.01/resnet-50-standford-512-lr-0.01-0024.params"
INFO:root:Epoch[23] Validation-accuracy=0.125000
INFO:root:Epoch[23] Validation-top_k_accuracy_5=0.369141
INFO:root:Epoch[24] Batch [20]	Speed: 123.41 samples/sec	accuracy=0.156250	top_k_accuracy_5=0.414435
INFO:root:Epoch[24] Batch [40]	Speed: 123.30 samples/sec	accuracy=0.180469	top_k_accuracy_5=0.450781
INFO:root:Epoch[24] Batch [60]	Speed: 125.35 samples/sec	accuracy=0.178906	top_k_accuracy_5=0.443750
INFO:root:Epoch[24] Batch [80]	Speed: 124.66 samples/sec	accuracy=0.168750	top_k_accuracy_5=0.435156
INFO:root:Epoch[24] Batch [100]	Speed: 123.18 samples/sec	accuracy=0.170313	top_k_accuracy_5=0.423438
INFO:root:Epoch[24] Batch [120]	Speed: 124.62 samples/sec	accuracy=0.180469	top_k_accuracy_5=0.461719
INFO:root:Epoch[24] Batch [140]	Speed: 123.69 samples/sec	accuracy=0.173437	top_k_accuracy_5=0.460938
INFO:root:Epoch[24] Train-accuracy=0.157812
INFO:root:Epoch[24] Train-top_k_accuracy_5=0.459375
INFO:root:Epoch[24] Time cost=77.995
INFO:root:Saved checkpoint to "./models/resnet-50-standford-512-lr-0.01/resnet-50-standford-512-lr-0.01-0025.params"
INFO:root:Epoch[24] Validation-accuracy=0.134766
INFO:root:Epoch[24] Validation-top_k_accuracy_5=0.384766
INFO:root:Epoch[25] Batch [20]	Speed: 126.74 samples/sec	accuracy=0.157738	top_k_accuracy_5=0.431548
INFO:root:Epoch[25] Batch [40]	Speed: 124.62 samples/sec	accuracy=0.200781	top_k_accuracy_5=0.471094
INFO:root:Epoch[25] Batch [60]	Speed: 122.93 samples/sec	accuracy=0.190625	top_k_accuracy_5=0.461719
INFO:root:Epoch[25] Batch [80]	Speed: 122.80 samples/sec	accuracy=0.168750	top_k_accuracy_5=0.460156
INFO:root:Epoch[25] Batch [100]	Speed: 123.97 samples/sec	accuracy=0.168750	top_k_accuracy_5=0.444531
INFO:root:Epoch[25] Batch [120]	Speed: 124.63 samples/sec	accuracy=0.175781	top_k_accuracy_5=0.457813
INFO:root:Epoch[25] Batch [140]	Speed: 123.61 samples/sec	accuracy=0.171094	top_k_accuracy_5=0.468750
INFO:root:Epoch[25] Train-accuracy=0.198864
INFO:root:Epoch[25] Train-top_k_accuracy_5=0.480114
INFO:root:Epoch[25] Time cost=78.083
INFO:root:Saved checkpoint to "./models/resnet-50-standford-512-lr-0.01/resnet-50-standford-512-lr-0.01-0026.params"
INFO:root:Epoch[25] Validation-accuracy=0.158203
INFO:root:Epoch[25] Validation-top_k_accuracy_5=0.439453
INFO:root:Epoch[26] Batch [20]	Speed: 123.32 samples/sec	accuracy=0.186012	top_k_accuracy_5=0.451637
INFO:root:Epoch[26] Batch [40]	Speed: 123.56 samples/sec	accuracy=0.199219	top_k_accuracy_5=0.508594
INFO:root:Epoch[26] Batch [60]	Speed: 122.52 samples/sec	accuracy=0.185938	top_k_accuracy_5=0.489844
INFO:root:Epoch[26] Batch [80]	Speed: 123.25 samples/sec	accuracy=0.193750	top_k_accuracy_5=0.479687
INFO:root:Epoch[26] Batch [100]	Speed: 124.49 samples/sec	accuracy=0.200781	top_k_accuracy_5=0.493750
INFO:root:Epoch[26] Batch [120]	Speed: 124.75 samples/sec	accuracy=0.207031	top_k_accuracy_5=0.496094
INFO:root:Epoch[26] Batch [140]	Speed: 123.91 samples/sec	accuracy=0.175000	top_k_accuracy_5=0.493750
INFO:root:Epoch[26] Train-accuracy=0.198864
INFO:root:Epoch[26] Train-top_k_accuracy_5=0.494318
INFO:root:Epoch[26] Time cost=78.567
INFO:root:Saved checkpoint to "./models/resnet-50-standford-512-lr-0.01/resnet-50-standford-512-lr-0.01-0027.params"
INFO:root:Epoch[26] Validation-accuracy=0.162109
INFO:root:Epoch[26] Validation-top_k_accuracy_5=0.425781
INFO:root:Epoch[27] Batch [20]	Speed: 123.83 samples/sec	accuracy=0.192708	top_k_accuracy_5=0.464286
INFO:root:Epoch[27] Batch [40]	Speed: 124.21 samples/sec	accuracy=0.230469	top_k_accuracy_5=0.521875
INFO:root:Epoch[27] Batch [60]	Speed: 123.19 samples/sec	accuracy=0.221094	top_k_accuracy_5=0.529687
INFO:root:Epoch[27] Batch [80]	Speed: 124.25 samples/sec	accuracy=0.215625	top_k_accuracy_5=0.506250
INFO:root:Epoch[27] Batch [100]	Speed: 124.70 samples/sec	accuracy=0.215625	top_k_accuracy_5=0.507031
INFO:root:Epoch[27] Batch [120]	Speed: 123.30 samples/sec	accuracy=0.208594	top_k_accuracy_5=0.510938
INFO:root:Epoch[27] Batch [140]	Speed: 124.44 samples/sec	accuracy=0.208594	top_k_accuracy_5=0.528125
INFO:root:Epoch[27] Train-accuracy=0.223011
INFO:root:Epoch[27] Train-top_k_accuracy_5=0.525568
INFO:root:Epoch[27] Time cost=78.473
INFO:root:Saved checkpoint to "./models/resnet-50-standford-512-lr-0.01/resnet-50-standford-512-lr-0.01-0028.params"
INFO:root:Epoch[27] Validation-accuracy=0.173828
INFO:root:Epoch[27] Validation-top_k_accuracy_5=0.429688
INFO:root:Epoch[28] Batch [20]	Speed: 123.50 samples/sec	accuracy=0.197173	top_k_accuracy_5=0.485863
INFO:root:Epoch[28] Batch [40]	Speed: 124.16 samples/sec	accuracy=0.228125	top_k_accuracy_5=0.550781
INFO:root:Epoch[28] Batch [60]	Speed: 122.49 samples/sec	accuracy=0.239063	top_k_accuracy_5=0.567969
INFO:root:Epoch[28] Batch [80]	Speed: 123.30 samples/sec	accuracy=0.227344	top_k_accuracy_5=0.510938
INFO:root:Epoch[28] Batch [100]	Speed: 124.21 samples/sec	accuracy=0.231250	top_k_accuracy_5=0.507812
INFO:root:Epoch[28] Batch [120]	Speed: 122.54 samples/sec	accuracy=0.220312	top_k_accuracy_5=0.542969
INFO:root:Epoch[28] Batch [140]	Speed: 124.01 samples/sec	accuracy=0.219531	top_k_accuracy_5=0.544531
INFO:root:Epoch[28] Train-accuracy=0.214062
INFO:root:Epoch[28] Train-top_k_accuracy_5=0.534375
INFO:root:Epoch[28] Time cost=78.387
INFO:root:Saved checkpoint to "./models/resnet-50-standford-512-lr-0.01/resnet-50-standford-512-lr-0.01-0029.params"
INFO:root:Epoch[28] Validation-accuracy=0.154297
INFO:root:Epoch[28] Validation-top_k_accuracy_5=0.410156
INFO:root:Epoch[29] Batch [20]	Speed: 123.11 samples/sec	accuracy=0.202381	top_k_accuracy_5=0.516369
INFO:root:Epoch[29] Batch [40]	Speed: 123.47 samples/sec	accuracy=0.244531	top_k_accuracy_5=0.559375
INFO:root:Epoch[29] Batch [60]	Speed: 122.27 samples/sec	accuracy=0.242188	top_k_accuracy_5=0.575781
INFO:root:Epoch[29] Batch [80]	Speed: 123.06 samples/sec	accuracy=0.231250	top_k_accuracy_5=0.544531
INFO:root:Epoch[29] Batch [100]	Speed: 122.79 samples/sec	accuracy=0.257031	top_k_accuracy_5=0.551562
INFO:root:Epoch[29] Batch [120]	Speed: 122.44 samples/sec	accuracy=0.232813	top_k_accuracy_5=0.550781
INFO:root:Epoch[29] Batch [140]	Speed: 121.79 samples/sec	accuracy=0.248438	top_k_accuracy_5=0.575000
INFO:root:Epoch[29] Train-accuracy=0.261364
INFO:root:Epoch[29] Train-top_k_accuracy_5=0.588068
INFO:root:Epoch[29] Time cost=79.087
INFO:root:Saved checkpoint to "./models/resnet-50-standford-512-lr-0.01/resnet-50-standford-512-lr-0.01-0030.params"
INFO:root:Epoch[29] Validation-accuracy=0.189453
INFO:root:Epoch[29] Validation-top_k_accuracy_5=0.468750
INFO:root:Epoch[30] Batch [20]	Speed: 121.94 samples/sec	accuracy=0.240327	top_k_accuracy_5=0.523810
INFO:root:Epoch[30] Batch [40]	Speed: 125.94 samples/sec	accuracy=0.275000	top_k_accuracy_5=0.593750
INFO:root:Epoch[30] Batch [60]	Speed: 122.60 samples/sec	accuracy=0.254688	top_k_accuracy_5=0.572656
INFO:root:Epoch[30] Batch [80]	Speed: 122.62 samples/sec	accuracy=0.253125	top_k_accuracy_5=0.570312
INFO:root:Epoch[30] Batch [100]	Speed: 123.99 samples/sec	accuracy=0.257812	top_k_accuracy_5=0.563281
INFO:root:Epoch[30] Batch [120]	Speed: 124.97 samples/sec	accuracy=0.247656	top_k_accuracy_5=0.576562
INFO:root:Epoch[30] Batch [140]	Speed: 124.78 samples/sec	accuracy=0.241406	top_k_accuracy_5=0.581250
INFO:root:Epoch[30] Train-accuracy=0.252841
INFO:root:Epoch[30] Train-top_k_accuracy_5=0.588068
INFO:root:Epoch[30] Time cost=78.545
INFO:root:Saved checkpoint to "./models/resnet-50-standford-512-lr-0.01/resnet-50-standford-512-lr-0.01-0031.params"
INFO:root:Epoch[30] Validation-accuracy=0.171875
INFO:root:Epoch[30] Validation-top_k_accuracy_5=0.458984
INFO:root:Epoch[31] Batch [20]	Speed: 126.00 samples/sec	accuracy=0.240327	top_k_accuracy_5=0.551339
INFO:root:Epoch[31] Batch [40]	Speed: 122.12 samples/sec	accuracy=0.271094	top_k_accuracy_5=0.610156
INFO:root:Epoch[31] Batch [60]	Speed: 122.06 samples/sec	accuracy=0.275781	top_k_accuracy_5=0.589844
INFO:root:Epoch[31] Batch [80]	Speed: 123.24 samples/sec	accuracy=0.270313	top_k_accuracy_5=0.600781
INFO:root:Epoch[31] Batch [100]	Speed: 123.62 samples/sec	accuracy=0.264062	top_k_accuracy_5=0.589844
INFO:root:Epoch[31] Batch [120]	Speed: 124.83 samples/sec	accuracy=0.269531	top_k_accuracy_5=0.591406
INFO:root:Epoch[31] Batch [140]	Speed: 122.41 samples/sec	accuracy=0.268750	top_k_accuracy_5=0.598437
INFO:root:Epoch[31] Train-accuracy=0.275000
INFO:root:Epoch[31] Train-top_k_accuracy_5=0.604688
INFO:root:Epoch[31] Time cost=78.376
INFO:root:Saved checkpoint to "./models/resnet-50-standford-512-lr-0.01/resnet-50-standford-512-lr-0.01-0032.params"
INFO:root:Epoch[31] Validation-accuracy=0.205078
INFO:root:Epoch[31] Validation-top_k_accuracy_5=0.476562
INFO:root:Epoch[32] Batch [20]	Speed: 124.74 samples/sec	accuracy=0.249256	top_k_accuracy_5=0.581845
INFO:root:Epoch[32] Batch [40]	Speed: 124.90 samples/sec	accuracy=0.277344	top_k_accuracy_5=0.618750
INFO:root:Epoch[32] Batch [60]	Speed: 123.62 samples/sec	accuracy=0.279687	top_k_accuracy_5=0.608594
INFO:root:Epoch[32] Batch [80]	Speed: 123.86 samples/sec	accuracy=0.278906	top_k_accuracy_5=0.592187
INFO:root:Epoch[32] Batch [100]	Speed: 122.10 samples/sec	accuracy=0.292187	top_k_accuracy_5=0.633594
INFO:root:Epoch[32] Batch [120]	Speed: 124.53 samples/sec	accuracy=0.274219	top_k_accuracy_5=0.618750
INFO:root:Epoch[32] Batch [140]	Speed: 122.53 samples/sec	accuracy=0.275000	top_k_accuracy_5=0.605469
INFO:root:Epoch[32] Train-accuracy=0.305398
INFO:root:Epoch[32] Train-top_k_accuracy_5=0.632102
INFO:root:Epoch[32] Time cost=78.726
INFO:root:Saved checkpoint to "./models/resnet-50-standford-512-lr-0.01/resnet-50-standford-512-lr-0.01-0033.params"
INFO:root:Epoch[32] Validation-accuracy=0.218750
INFO:root:Epoch[32] Validation-top_k_accuracy_5=0.517578
INFO:root:Epoch[33] Batch [20]	Speed: 124.33 samples/sec	accuracy=0.276042	top_k_accuracy_5=0.599702
INFO:root:Epoch[33] Batch [40]	Speed: 122.08 samples/sec	accuracy=0.296094	top_k_accuracy_5=0.628125
INFO:root:Epoch[33] Batch [60]	Speed: 122.71 samples/sec	accuracy=0.304688	top_k_accuracy_5=0.625781
INFO:root:Epoch[33] Batch [80]	Speed: 122.91 samples/sec	accuracy=0.280469	top_k_accuracy_5=0.615625
INFO:root:Epoch[33] Batch [100]	Speed: 124.96 samples/sec	accuracy=0.286719	top_k_accuracy_5=0.631250
INFO:root:Epoch[33] Batch [120]	Speed: 122.35 samples/sec	accuracy=0.311719	top_k_accuracy_5=0.634375
INFO:root:Epoch[33] Batch [140]	Speed: 124.32 samples/sec	accuracy=0.294531	top_k_accuracy_5=0.645312
INFO:root:Epoch[33] Train-accuracy=0.295455
INFO:root:Epoch[33] Train-top_k_accuracy_5=0.637784
INFO:root:Epoch[33] Time cost=78.734
INFO:root:Saved checkpoint to "./models/resnet-50-standford-512-lr-0.01/resnet-50-standford-512-lr-0.01-0034.params"
INFO:root:Epoch[33] Validation-accuracy=0.234375
INFO:root:Epoch[33] Validation-top_k_accuracy_5=0.542969
INFO:root:Epoch[34] Batch [20]	Speed: 124.26 samples/sec	accuracy=0.293899	top_k_accuracy_5=0.618304
INFO:root:Epoch[34] Batch [40]	Speed: 123.91 samples/sec	accuracy=0.317188	top_k_accuracy_5=0.647656
INFO:root:Epoch[34] Batch [60]	Speed: 122.37 samples/sec	accuracy=0.326562	top_k_accuracy_5=0.645312
INFO:root:Epoch[34] Batch [80]	Speed: 125.01 samples/sec	accuracy=0.303906	top_k_accuracy_5=0.635156
INFO:root:Epoch[34] Batch [100]	Speed: 124.60 samples/sec	accuracy=0.320312	top_k_accuracy_5=0.653125
INFO:root:Epoch[34] Batch [120]	Speed: 122.60 samples/sec	accuracy=0.325000	top_k_accuracy_5=0.657031
INFO:root:Epoch[34] Batch [140]	Speed: 122.70 samples/sec	accuracy=0.313281	top_k_accuracy_5=0.666406
INFO:root:Epoch[34] Train-accuracy=0.328125
INFO:root:Epoch[34] Train-top_k_accuracy_5=0.630682
INFO:root:Epoch[34] Time cost=78.729
INFO:root:Saved checkpoint to "./models/resnet-50-standford-512-lr-0.01/resnet-50-standford-512-lr-0.01-0035.params"
INFO:root:Epoch[34] Validation-accuracy=0.259766
INFO:root:Epoch[34] Validation-top_k_accuracy_5=0.603516
INFO:root:Epoch[35] Batch [20]	Speed: 124.57 samples/sec	accuracy=0.287202	top_k_accuracy_5=0.632440
INFO:root:Epoch[35] Batch [40]	Speed: 124.80 samples/sec	accuracy=0.326562	top_k_accuracy_5=0.678125
INFO:root:Epoch[35] Batch [60]	Speed: 125.06 samples/sec	accuracy=0.322656	top_k_accuracy_5=0.665625
INFO:root:Epoch[35] Batch [80]	Speed: 122.86 samples/sec	accuracy=0.315625	top_k_accuracy_5=0.659375
INFO:root:Epoch[35] Batch [100]	Speed: 122.44 samples/sec	accuracy=0.323437	top_k_accuracy_5=0.664062
INFO:root:Epoch[35] Batch [120]	Speed: 124.10 samples/sec	accuracy=0.328125	top_k_accuracy_5=0.678125
INFO:root:Epoch[35] Batch [140]	Speed: 122.38 samples/sec	accuracy=0.332031	top_k_accuracy_5=0.675781
INFO:root:Epoch[35] Train-accuracy=0.328125
INFO:root:Epoch[35] Train-top_k_accuracy_5=0.667188
INFO:root:Epoch[35] Time cost=78.113
INFO:root:Saved checkpoint to "./models/resnet-50-standford-512-lr-0.01/resnet-50-standford-512-lr-0.01-0036.params"
INFO:root:Epoch[35] Validation-accuracy=0.255859
INFO:root:Epoch[35] Validation-top_k_accuracy_5=0.574219
INFO:root:Epoch[36] Batch [20]	Speed: 125.80 samples/sec	accuracy=0.321429	top_k_accuracy_5=0.647321
INFO:root:Epoch[36] Batch [40]	Speed: 123.26 samples/sec	accuracy=0.357031	top_k_accuracy_5=0.699219
INFO:root:Epoch[36] Batch [60]	Speed: 125.19 samples/sec	accuracy=0.342187	top_k_accuracy_5=0.680469
INFO:root:Epoch[36] Batch [80]	Speed: 126.27 samples/sec	accuracy=0.352344	top_k_accuracy_5=0.679688
INFO:root:Epoch[36] Batch [100]	Speed: 124.61 samples/sec	accuracy=0.359375	top_k_accuracy_5=0.707031
INFO:root:Epoch[36] Batch [120]	Speed: 122.85 samples/sec	accuracy=0.318750	top_k_accuracy_5=0.675781
INFO:root:Epoch[36] Batch [140]	Speed: 123.75 samples/sec	accuracy=0.330469	top_k_accuracy_5=0.692187
INFO:root:Epoch[36] Train-accuracy=0.353693
INFO:root:Epoch[36] Train-top_k_accuracy_5=0.684659
INFO:root:Epoch[36] Time cost=77.920
INFO:root:Saved checkpoint to "./models/resnet-50-standford-512-lr-0.01/resnet-50-standford-512-lr-0.01-0037.params"
INFO:root:Epoch[36] Validation-accuracy=0.273438
INFO:root:Epoch[36] Validation-top_k_accuracy_5=0.593750
INFO:root:Epoch[37] Batch [20]	Speed: 123.67 samples/sec	accuracy=0.323661	top_k_accuracy_5=0.667411
INFO:root:Epoch[37] Batch [40]	Speed: 125.70 samples/sec	accuracy=0.380469	top_k_accuracy_5=0.718750
INFO:root:Epoch[37] Batch [60]	Speed: 123.77 samples/sec	accuracy=0.360938	top_k_accuracy_5=0.692969
INFO:root:Epoch[37] Batch [80]	Speed: 124.30 samples/sec	accuracy=0.357812	top_k_accuracy_5=0.686719
INFO:root:Epoch[37] Batch [100]	Speed: 124.26 samples/sec	accuracy=0.367969	top_k_accuracy_5=0.717187
INFO:root:Epoch[37] Batch [120]	Speed: 124.75 samples/sec	accuracy=0.360938	top_k_accuracy_5=0.697656
INFO:root:Epoch[37] Batch [140]	Speed: 124.86 samples/sec	accuracy=0.356250	top_k_accuracy_5=0.720313
INFO:root:Epoch[37] Train-accuracy=0.357955
INFO:root:Epoch[37] Train-top_k_accuracy_5=0.701705
INFO:root:Epoch[37] Time cost=78.053
INFO:root:Saved checkpoint to "./models/resnet-50-standford-512-lr-0.01/resnet-50-standford-512-lr-0.01-0038.params"
INFO:root:Epoch[37] Validation-accuracy=0.255859
INFO:root:Epoch[37] Validation-top_k_accuracy_5=0.582031
INFO:root:Epoch[38] Batch [20]	Speed: 124.47 samples/sec	accuracy=0.331845	top_k_accuracy_5=0.677083
INFO:root:Epoch[38] Batch [40]	Speed: 124.89 samples/sec	accuracy=0.387500	top_k_accuracy_5=0.749219
INFO:root:Epoch[38] Batch [60]	Speed: 125.48 samples/sec	accuracy=0.371875	top_k_accuracy_5=0.725000
INFO:root:Epoch[38] Batch [80]	Speed: 123.79 samples/sec	accuracy=0.355469	top_k_accuracy_5=0.705469
INFO:root:Epoch[38] Batch [100]	Speed: 125.74 samples/sec	accuracy=0.381250	top_k_accuracy_5=0.722656
INFO:root:Epoch[38] Batch [120]	Speed: 123.33 samples/sec	accuracy=0.362500	top_k_accuracy_5=0.725781
INFO:root:Epoch[38] Batch [140]	Speed: 123.35 samples/sec	accuracy=0.364844	top_k_accuracy_5=0.722656
INFO:root:Epoch[38] Train-accuracy=0.382102
INFO:root:Epoch[38] Train-top_k_accuracy_5=0.721591
INFO:root:Epoch[38] Time cost=78.256
INFO:root:Saved checkpoint to "./models/resnet-50-standford-512-lr-0.01/resnet-50-standford-512-lr-0.01-0039.params"
INFO:root:Epoch[38] Validation-accuracy=0.259766
INFO:root:Epoch[38] Validation-top_k_accuracy_5=0.599609
INFO:root:Epoch[39] Batch [20]	Speed: 124.04 samples/sec	accuracy=0.346726	top_k_accuracy_5=0.707589
INFO:root:Epoch[39] Batch [40]	Speed: 124.87 samples/sec	accuracy=0.414062	top_k_accuracy_5=0.742188
INFO:root:Epoch[39] Batch [60]	Speed: 124.03 samples/sec	accuracy=0.388281	top_k_accuracy_5=0.730469
INFO:root:Epoch[39] Batch [80]	Speed: 123.35 samples/sec	accuracy=0.400000	top_k_accuracy_5=0.739062
INFO:root:Epoch[39] Batch [100]	Speed: 125.04 samples/sec	accuracy=0.414062	top_k_accuracy_5=0.756250
INFO:root:Epoch[39] Batch [120]	Speed: 125.01 samples/sec	accuracy=0.392188	top_k_accuracy_5=0.745313
INFO:root:Epoch[39] Batch [140]	Speed: 124.62 samples/sec	accuracy=0.386719	top_k_accuracy_5=0.731250
INFO:root:Epoch[39] Train-accuracy=0.420312
INFO:root:Epoch[39] Train-top_k_accuracy_5=0.737500
INFO:root:Epoch[39] Time cost=77.716
INFO:root:Saved checkpoint to "./models/resnet-50-standford-512-lr-0.01/resnet-50-standford-512-lr-0.01-0040.params"
INFO:root:Epoch[39] Validation-accuracy=0.283203
INFO:root:Epoch[39] Validation-top_k_accuracy_5=0.605469
INFO:root:Epoch[40] Batch [20]	Speed: 124.28 samples/sec	accuracy=0.390625	top_k_accuracy_5=0.720982
INFO:root:Epoch[40] Batch [40]	Speed: 123.69 samples/sec	accuracy=0.411719	top_k_accuracy_5=0.739062
INFO:root:Epoch[40] Batch [60]	Speed: 122.55 samples/sec	accuracy=0.385156	top_k_accuracy_5=0.738281
INFO:root:Epoch[40] Batch [80]	Speed: 122.98 samples/sec	accuracy=0.392969	top_k_accuracy_5=0.745313
INFO:root:Epoch[40] Batch [100]	Speed: 124.99 samples/sec	accuracy=0.411719	top_k_accuracy_5=0.753125
INFO:root:Epoch[40] Batch [120]	Speed: 124.00 samples/sec	accuracy=0.404687	top_k_accuracy_5=0.770312
INFO:root:Epoch[40] Batch [140]	Speed: 123.32 samples/sec	accuracy=0.404687	top_k_accuracy_5=0.762500
INFO:root:Epoch[40] Train-accuracy=0.400568
INFO:root:Epoch[40] Train-top_k_accuracy_5=0.774148
INFO:root:Epoch[40] Time cost=78.493
INFO:root:Saved checkpoint to "./models/resnet-50-standford-512-lr-0.01/resnet-50-standford-512-lr-0.01-0041.params"
INFO:root:Epoch[40] Validation-accuracy=0.275391
INFO:root:Epoch[40] Validation-top_k_accuracy_5=0.597656
INFO:root:Epoch[41] Batch [20]	Speed: 124.32 samples/sec	accuracy=0.386161	top_k_accuracy_5=0.733631
INFO:root:Epoch[41] Batch [40]	Speed: 123.51 samples/sec	accuracy=0.457813	top_k_accuracy_5=0.778906
INFO:root:Epoch[41] Batch [60]	Speed: 122.16 samples/sec	accuracy=0.411719	top_k_accuracy_5=0.753906
INFO:root:Epoch[41] Batch [80]	Speed: 124.24 samples/sec	accuracy=0.403906	top_k_accuracy_5=0.734375
INFO:root:Epoch[41] Batch [100]	Speed: 123.94 samples/sec	accuracy=0.442188	top_k_accuracy_5=0.773438
INFO:root:Epoch[41] Batch [120]	Speed: 123.70 samples/sec	accuracy=0.428906	top_k_accuracy_5=0.764844
INFO:root:Epoch[41] Batch [140]	Speed: 123.81 samples/sec	accuracy=0.426563	top_k_accuracy_5=0.785156
INFO:root:Epoch[41] Train-accuracy=0.438920
INFO:root:Epoch[41] Train-top_k_accuracy_5=0.771307
INFO:root:Epoch[41] Time cost=78.788
INFO:root:Saved checkpoint to "./models/resnet-50-standford-512-lr-0.01/resnet-50-standford-512-lr-0.01-0042.params"
INFO:root:Epoch[41] Validation-accuracy=0.269531
INFO:root:Epoch[41] Validation-top_k_accuracy_5=0.576172
INFO:root:Epoch[42] Batch [20]	Speed: 123.11 samples/sec	accuracy=0.405506	top_k_accuracy_5=0.750000
INFO:root:Epoch[42] Batch [40]	Speed: 122.21 samples/sec	accuracy=0.427344	top_k_accuracy_5=0.775000
INFO:root:Epoch[42] Batch [60]	Speed: 125.21 samples/sec	accuracy=0.449219	top_k_accuracy_5=0.774219
INFO:root:Epoch[42] Batch [80]	Speed: 124.73 samples/sec	accuracy=0.432812	top_k_accuracy_5=0.767969
INFO:root:Epoch[42] Batch [100]	Speed: 123.99 samples/sec	accuracy=0.457813	top_k_accuracy_5=0.789062
INFO:root:Epoch[42] Batch [120]	Speed: 122.28 samples/sec	accuracy=0.455469	top_k_accuracy_5=0.791406
INFO:root:Epoch[42] Batch [140]	Speed: 122.55 samples/sec	accuracy=0.465625	top_k_accuracy_5=0.799219
INFO:root:Epoch[42] Train-accuracy=0.478125
INFO:root:Epoch[42] Train-top_k_accuracy_5=0.806250
INFO:root:Epoch[42] Time cost=78.376
INFO:root:Saved checkpoint to "./models/resnet-50-standford-512-lr-0.01/resnet-50-standford-512-lr-0.01-0043.params"
INFO:root:Epoch[42] Validation-accuracy=0.224609
INFO:root:Epoch[42] Validation-top_k_accuracy_5=0.562500
INFO:root:Epoch[43] Batch [20]	Speed: 124.26 samples/sec	accuracy=0.418899	top_k_accuracy_5=0.777530
INFO:root:Epoch[43] Batch [40]	Speed: 122.81 samples/sec	accuracy=0.482031	top_k_accuracy_5=0.797656
INFO:root:Epoch[43] Batch [60]	Speed: 124.43 samples/sec	accuracy=0.449219	top_k_accuracy_5=0.778125
INFO:root:Epoch[43] Batch [80]	Speed: 125.02 samples/sec	accuracy=0.448437	top_k_accuracy_5=0.776563
INFO:root:Epoch[43] Batch [100]	Speed: 122.59 samples/sec	accuracy=0.461719	top_k_accuracy_5=0.802344
INFO:root:Epoch[43] Batch [120]	Speed: 123.98 samples/sec	accuracy=0.471875	top_k_accuracy_5=0.815625
INFO:root:Epoch[43] Batch [140]	Speed: 123.52 samples/sec	accuracy=0.453906	top_k_accuracy_5=0.786719
INFO:root:Epoch[43] Train-accuracy=0.511364
INFO:root:Epoch[43] Train-top_k_accuracy_5=0.829545
INFO:root:Epoch[43] Time cost=78.337
INFO:root:Saved checkpoint to "./models/resnet-50-standford-512-lr-0.01/resnet-50-standford-512-lr-0.01-0044.params"
INFO:root:Epoch[43] Validation-accuracy=0.277344
INFO:root:Epoch[43] Validation-top_k_accuracy_5=0.601562
INFO:root:Epoch[44] Batch [20]	Speed: 122.36 samples/sec	accuracy=0.438988	top_k_accuracy_5=0.792411
INFO:root:Epoch[44] Batch [40]	Speed: 123.27 samples/sec	accuracy=0.477344	top_k_accuracy_5=0.808594
INFO:root:Epoch[44] Batch [60]	Speed: 124.12 samples/sec	accuracy=0.470313	top_k_accuracy_5=0.798438
INFO:root:Epoch[44] Batch [80]	Speed: 121.96 samples/sec	accuracy=0.456250	top_k_accuracy_5=0.781250
INFO:root:Epoch[44] Batch [100]	Speed: 122.75 samples/sec	accuracy=0.489063	top_k_accuracy_5=0.814063
INFO:root:Epoch[44] Batch [120]	Speed: 124.92 samples/sec	accuracy=0.468750	top_k_accuracy_5=0.793750
INFO:root:Epoch[44] Batch [140]	Speed: 125.05 samples/sec	accuracy=0.460938	top_k_accuracy_5=0.803125
INFO:root:Epoch[44] Train-accuracy=0.505682
INFO:root:Epoch[44] Train-top_k_accuracy_5=0.822443
INFO:root:Epoch[44] Time cost=78.759
INFO:root:Saved checkpoint to "./models/resnet-50-standford-512-lr-0.01/resnet-50-standford-512-lr-0.01-0045.params"
INFO:root:Epoch[44] Validation-accuracy=0.281250
INFO:root:Epoch[44] Validation-top_k_accuracy_5=0.609375
INFO:root:Epoch[45] Batch [20]	Speed: 123.00 samples/sec	accuracy=0.462054	top_k_accuracy_5=0.793899
INFO:root:Epoch[45] Batch [40]	Speed: 125.56 samples/sec	accuracy=0.493750	top_k_accuracy_5=0.814063
INFO:root:Epoch[45] Batch [60]	Speed: 124.83 samples/sec	accuracy=0.487500	top_k_accuracy_5=0.803906
INFO:root:Epoch[45] Batch [80]	Speed: 122.31 samples/sec	accuracy=0.457813	top_k_accuracy_5=0.785937
INFO:root:Epoch[45] Batch [100]	Speed: 125.35 samples/sec	accuracy=0.490625	top_k_accuracy_5=0.824219
INFO:root:Epoch[45] Batch [120]	Speed: 123.09 samples/sec	accuracy=0.514062	top_k_accuracy_5=0.824219
INFO:root:Epoch[45] Batch [140]	Speed: 124.34 samples/sec	accuracy=0.491406	top_k_accuracy_5=0.815625
INFO:root:Epoch[45] Train-accuracy=0.511364
INFO:root:Epoch[45] Train-top_k_accuracy_5=0.830966
INFO:root:Epoch[45] Time cost=78.468
INFO:root:Saved checkpoint to "./models/resnet-50-standford-512-lr-0.01/resnet-50-standford-512-lr-0.01-0046.params"
INFO:root:Epoch[45] Validation-accuracy=0.312500
INFO:root:Epoch[45] Validation-top_k_accuracy_5=0.626953
INFO:root:Epoch[46] Batch [20]	Speed: 122.78 samples/sec	accuracy=0.474702	top_k_accuracy_5=0.801339
INFO:root:Epoch[46] Batch [40]	Speed: 124.95 samples/sec	accuracy=0.491406	top_k_accuracy_5=0.807813
INFO:root:Epoch[46] Batch [60]	Speed: 124.06 samples/sec	accuracy=0.477344	top_k_accuracy_5=0.822656
INFO:root:Epoch[46] Batch [80]	Speed: 124.99 samples/sec	accuracy=0.479687	top_k_accuracy_5=0.814063
INFO:root:Epoch[46] Batch [100]	Speed: 124.10 samples/sec	accuracy=0.511719	top_k_accuracy_5=0.831250
INFO:root:Epoch[46] Batch [120]	Speed: 121.94 samples/sec	accuracy=0.492969	top_k_accuracy_5=0.845313
INFO:root:Epoch[46] Batch [140]	Speed: 122.24 samples/sec	accuracy=0.526563	top_k_accuracy_5=0.809375
INFO:root:Epoch[46] Train-accuracy=0.518750
INFO:root:Epoch[46] Train-top_k_accuracy_5=0.829688
INFO:root:Epoch[46] Time cost=78.283
INFO:root:Saved checkpoint to "./models/resnet-50-standford-512-lr-0.01/resnet-50-standford-512-lr-0.01-0047.params"
INFO:root:Epoch[46] Validation-accuracy=0.349609
INFO:root:Epoch[46] Validation-top_k_accuracy_5=0.683594
INFO:root:Epoch[47] Batch [20]	Speed: 124.07 samples/sec	accuracy=0.482887	top_k_accuracy_5=0.816220
INFO:root:Epoch[47] Batch [40]	Speed: 124.98 samples/sec	accuracy=0.525781	top_k_accuracy_5=0.848437
INFO:root:Epoch[47] Batch [60]	Speed: 124.66 samples/sec	accuracy=0.506250	top_k_accuracy_5=0.825000
INFO:root:Epoch[47] Batch [80]	Speed: 124.03 samples/sec	accuracy=0.495312	top_k_accuracy_5=0.842187
INFO:root:Epoch[47] Batch [100]	Speed: 122.48 samples/sec	accuracy=0.526563	top_k_accuracy_5=0.828125
INFO:root:Epoch[47] Batch [120]	Speed: 123.46 samples/sec	accuracy=0.519531	top_k_accuracy_5=0.846094
INFO:root:Epoch[47] Batch [140]	Speed: 122.93 samples/sec	accuracy=0.532031	top_k_accuracy_5=0.845313
INFO:root:Epoch[47] Train-accuracy=0.511364
INFO:root:Epoch[47] Train-top_k_accuracy_5=0.833807
INFO:root:Epoch[47] Time cost=78.328
INFO:root:Saved checkpoint to "./models/resnet-50-standford-512-lr-0.01/resnet-50-standford-512-lr-0.01-0048.params"
INFO:root:Epoch[47] Validation-accuracy=0.337891
INFO:root:Epoch[47] Validation-top_k_accuracy_5=0.660156
INFO:root:Epoch[48] Batch [20]	Speed: 125.76 samples/sec	accuracy=0.523810	top_k_accuracy_5=0.843006
INFO:root:Epoch[48] Batch [40]	Speed: 124.64 samples/sec	accuracy=0.527344	top_k_accuracy_5=0.843750
INFO:root:Epoch[48] Batch [60]	Speed: 124.72 samples/sec	accuracy=0.523438	top_k_accuracy_5=0.841406
INFO:root:Epoch[48] Batch [80]	Speed: 124.80 samples/sec	accuracy=0.528125	top_k_accuracy_5=0.847656
INFO:root:Epoch[48] Batch [100]	Speed: 122.61 samples/sec	accuracy=0.539844	top_k_accuracy_5=0.851562
INFO:root:Epoch[48] Batch [120]	Speed: 123.53 samples/sec	accuracy=0.559375	top_k_accuracy_5=0.861719
INFO:root:Epoch[48] Batch [140]	Speed: 125.21 samples/sec	accuracy=0.540625	top_k_accuracy_5=0.844531
INFO:root:Epoch[48] Train-accuracy=0.507102
INFO:root:Epoch[48] Train-top_k_accuracy_5=0.862216
INFO:root:Epoch[48] Time cost=78.259
INFO:root:Saved checkpoint to "./models/resnet-50-standford-512-lr-0.01/resnet-50-standford-512-lr-0.01-0049.params"
INFO:root:Epoch[48] Validation-accuracy=0.265625
INFO:root:Epoch[48] Validation-top_k_accuracy_5=0.583984
INFO:root:Epoch[49] Batch [20]	Speed: 126.42 samples/sec	accuracy=0.511161	top_k_accuracy_5=0.827381
INFO:root:Epoch[49] Batch [40]	Speed: 124.98 samples/sec	accuracy=0.545312	top_k_accuracy_5=0.857812
INFO:root:Epoch[49] Batch [60]	Speed: 124.72 samples/sec	accuracy=0.519531	top_k_accuracy_5=0.836719
INFO:root:Epoch[49] Batch [80]	Speed: 125.12 samples/sec	accuracy=0.528906	top_k_accuracy_5=0.858594
INFO:root:Epoch[49] Batch [100]	Speed: 124.23 samples/sec	accuracy=0.558594	top_k_accuracy_5=0.863281
INFO:root:Epoch[49] Batch [120]	Speed: 123.77 samples/sec	accuracy=0.542188	top_k_accuracy_5=0.862500
INFO:root:Epoch[49] Batch [140]	Speed: 122.26 samples/sec	accuracy=0.560156	top_k_accuracy_5=0.873437
INFO:root:Epoch[49] Train-accuracy=0.581250
INFO:root:Epoch[49] Train-top_k_accuracy_5=0.873437
INFO:root:Epoch[49] Time cost=77.717
INFO:root:Saved checkpoint to "./models/resnet-50-standford-512-lr-0.01/resnet-50-standford-512-lr-0.01-0050.params"
INFO:root:Epoch[49] Validation-accuracy=0.287109
INFO:root:Epoch[49] Validation-top_k_accuracy_5=0.638672
INFO:root:Epoch[50] Batch [20]	Speed: 124.85 samples/sec	accuracy=0.547619	top_k_accuracy_5=0.860863
INFO:root:Epoch[50] Batch [40]	Speed: 124.35 samples/sec	accuracy=0.577344	top_k_accuracy_5=0.875781
INFO:root:Epoch[50] Batch [60]	Speed: 124.59 samples/sec	accuracy=0.541406	top_k_accuracy_5=0.853125
INFO:root:Epoch[50] Batch [80]	Speed: 123.12 samples/sec	accuracy=0.525781	top_k_accuracy_5=0.847656
INFO:root:Epoch[50] Batch [100]	Speed: 122.94 samples/sec	accuracy=0.590625	top_k_accuracy_5=0.864844
INFO:root:Epoch[50] Batch [120]	Speed: 126.39 samples/sec	accuracy=0.562500	top_k_accuracy_5=0.888281
INFO:root:Epoch[50] Batch [140]	Speed: 122.71 samples/sec	accuracy=0.553125	top_k_accuracy_5=0.861719
INFO:root:Epoch[50] Train-accuracy=0.575284
INFO:root:Epoch[50] Train-top_k_accuracy_5=0.882102
INFO:root:Epoch[50] Time cost=78.110
INFO:root:Saved checkpoint to "./models/resnet-50-standford-512-lr-0.01/resnet-50-standford-512-lr-0.01-0051.params"
INFO:root:Epoch[50] Validation-accuracy=0.341797
INFO:root:Epoch[50] Validation-top_k_accuracy_5=0.662109
INFO:root:Epoch[51] Batch [20]	Speed: 122.04 samples/sec	accuracy=0.539435	top_k_accuracy_5=0.840774
INFO:root:Epoch[51] Batch [40]	Speed: 124.95 samples/sec	accuracy=0.585938	top_k_accuracy_5=0.885156
INFO:root:Epoch[51] Batch [60]	Speed: 124.13 samples/sec	accuracy=0.553906	top_k_accuracy_5=0.874219
INFO:root:Epoch[51] Batch [80]	Speed: 124.37 samples/sec	accuracy=0.561719	top_k_accuracy_5=0.880469
INFO:root:Epoch[51] Batch [100]	Speed: 124.02 samples/sec	accuracy=0.591406	top_k_accuracy_5=0.886719
INFO:root:Epoch[51] Batch [120]	Speed: 123.55 samples/sec	accuracy=0.595313	top_k_accuracy_5=0.883594
INFO:root:Epoch[51] Batch [140]	Speed: 124.14 samples/sec	accuracy=0.582812	top_k_accuracy_5=0.874219
INFO:root:Epoch[51] Train-accuracy=0.593750
INFO:root:Epoch[51] Train-top_k_accuracy_5=0.893466
INFO:root:Epoch[51] Time cost=78.306
INFO:root:Saved checkpoint to "./models/resnet-50-standford-512-lr-0.01/resnet-50-standford-512-lr-0.01-0052.params"
INFO:root:Epoch[51] Validation-accuracy=0.310547
INFO:root:Epoch[51] Validation-top_k_accuracy_5=0.597656
INFO:root:Epoch[52] Batch [20]	Speed: 126.72 samples/sec	accuracy=0.578869	top_k_accuracy_5=0.870536
INFO:root:Epoch[52] Batch [40]	Speed: 124.62 samples/sec	accuracy=0.601562	top_k_accuracy_5=0.877344
INFO:root:Epoch[52] Batch [60]	Speed: 123.79 samples/sec	accuracy=0.574219	top_k_accuracy_5=0.892188
INFO:root:Epoch[52] Batch [80]	Speed: 123.57 samples/sec	accuracy=0.573438	top_k_accuracy_5=0.875000
INFO:root:Epoch[52] Batch [100]	Speed: 124.28 samples/sec	accuracy=0.575781	top_k_accuracy_5=0.881250
INFO:root:Epoch[52] Batch [120]	Speed: 122.55 samples/sec	accuracy=0.626563	top_k_accuracy_5=0.881250
INFO:root:Epoch[52] Batch [140]	Speed: 124.72 samples/sec	accuracy=0.590625	top_k_accuracy_5=0.902344
INFO:root:Epoch[52] Train-accuracy=0.580966
INFO:root:Epoch[52] Train-top_k_accuracy_5=0.894886
INFO:root:Epoch[52] Time cost=78.308
INFO:root:Saved checkpoint to "./models/resnet-50-standford-512-lr-0.01/resnet-50-standford-512-lr-0.01-0053.params"
INFO:root:Epoch[52] Validation-accuracy=0.306641
INFO:root:Epoch[52] Validation-top_k_accuracy_5=0.644531
INFO:root:Epoch[53] Batch [20]	Speed: 125.49 samples/sec	accuracy=0.569940	top_k_accuracy_5=0.877976
INFO:root:Epoch[53] Batch [40]	Speed: 123.26 samples/sec	accuracy=0.580469	top_k_accuracy_5=0.882031
INFO:root:Epoch[53] Batch [60]	Speed: 123.70 samples/sec	accuracy=0.607031	top_k_accuracy_5=0.885938
INFO:root:Epoch[53] Batch [80]	Speed: 123.84 samples/sec	accuracy=0.586719	top_k_accuracy_5=0.886719
INFO:root:Epoch[53] Batch [100]	Speed: 122.44 samples/sec	accuracy=0.603906	top_k_accuracy_5=0.886719
INFO:root:Epoch[53] Batch [120]	Speed: 124.01 samples/sec	accuracy=0.619531	top_k_accuracy_5=0.902344
INFO:root:Epoch[53] Batch [140]	Speed: 123.78 samples/sec	accuracy=0.611719	top_k_accuracy_5=0.888281
INFO:root:Epoch[53] Train-accuracy=0.632812
INFO:root:Epoch[53] Train-top_k_accuracy_5=0.912500
INFO:root:Epoch[53] Time cost=78.161
INFO:root:Saved checkpoint to "./models/resnet-50-standford-512-lr-0.01/resnet-50-standford-512-lr-0.01-0054.params"
INFO:root:Epoch[53] Validation-accuracy=0.328125
INFO:root:Epoch[53] Validation-top_k_accuracy_5=0.656250
INFO:root:Epoch[54] Batch [20]	Speed: 125.99 samples/sec	accuracy=0.622768	top_k_accuracy_5=0.883929
INFO:root:Epoch[54] Batch [40]	Speed: 122.38 samples/sec	accuracy=0.611719	top_k_accuracy_5=0.888281
INFO:root:Epoch[54] Batch [60]	Speed: 123.17 samples/sec	accuracy=0.596875	top_k_accuracy_5=0.890625
INFO:root:Epoch[54] Batch [80]	Speed: 124.07 samples/sec	accuracy=0.569531	top_k_accuracy_5=0.872656
INFO:root:Epoch[54] Batch [100]	Speed: 123.53 samples/sec	accuracy=0.615625	top_k_accuracy_5=0.895312
INFO:root:Epoch[54] Batch [120]	Speed: 124.10 samples/sec	accuracy=0.629687	top_k_accuracy_5=0.899219
INFO:root:Epoch[54] Batch [140]	Speed: 122.36 samples/sec	accuracy=0.641406	top_k_accuracy_5=0.899219
INFO:root:Epoch[54] Train-accuracy=0.610795
INFO:root:Epoch[54] Train-top_k_accuracy_5=0.907670
INFO:root:Epoch[54] Time cost=78.443
INFO:root:Saved checkpoint to "./models/resnet-50-standford-512-lr-0.01/resnet-50-standford-512-lr-0.01-0055.params"
INFO:root:Epoch[54] Validation-accuracy=0.351562
INFO:root:Epoch[54] Validation-top_k_accuracy_5=0.652344
INFO:root:Epoch[55] Batch [20]	Speed: 122.09 samples/sec	accuracy=0.601190	top_k_accuracy_5=0.886161
INFO:root:Epoch[55] Batch [40]	Speed: 123.48 samples/sec	accuracy=0.610156	top_k_accuracy_5=0.896094
INFO:root:Epoch[55] Batch [60]	Speed: 123.54 samples/sec	accuracy=0.618750	top_k_accuracy_5=0.905469
INFO:root:Epoch[55] Batch [80]	Speed: 124.91 samples/sec	accuracy=0.611719	top_k_accuracy_5=0.896094
INFO:root:Epoch[55] Batch [100]	Speed: 122.06 samples/sec	accuracy=0.628125	top_k_accuracy_5=0.906250
INFO:root:Epoch[55] Batch [120]	Speed: 121.80 samples/sec	accuracy=0.632812	top_k_accuracy_5=0.915625
INFO:root:Epoch[55] Batch [140]	Speed: 122.16 samples/sec	accuracy=0.609375	top_k_accuracy_5=0.912500
INFO:root:Epoch[55] Train-accuracy=0.646307
INFO:root:Epoch[55] Train-top_k_accuracy_5=0.916193
INFO:root:Epoch[55] Time cost=79.147
INFO:root:Saved checkpoint to "./models/resnet-50-standford-512-lr-0.01/resnet-50-standford-512-lr-0.01-0056.params"
INFO:root:Epoch[55] Validation-accuracy=0.333984
INFO:root:Epoch[55] Validation-top_k_accuracy_5=0.654297
INFO:root:Epoch[56] Batch [20]	Speed: 123.47 samples/sec	accuracy=0.590030	top_k_accuracy_5=0.891369
INFO:root:Epoch[56] Batch [40]	Speed: 122.28 samples/sec	accuracy=0.623437	top_k_accuracy_5=0.914062
INFO:root:Epoch[56] Batch [60]	Speed: 125.35 samples/sec	accuracy=0.625781	top_k_accuracy_5=0.892969
INFO:root:Epoch[56] Batch [80]	Speed: 123.38 samples/sec	accuracy=0.613281	top_k_accuracy_5=0.888281
INFO:root:Epoch[56] Batch [100]	Speed: 125.19 samples/sec	accuracy=0.634375	top_k_accuracy_5=0.902344
INFO:root:Epoch[56] Batch [120]	Speed: 124.39 samples/sec	accuracy=0.667969	top_k_accuracy_5=0.916406
INFO:root:Epoch[56] Batch [140]	Speed: 122.94 samples/sec	accuracy=0.635938	top_k_accuracy_5=0.907813
INFO:root:Epoch[56] Train-accuracy=0.670312
INFO:root:Epoch[56] Train-top_k_accuracy_5=0.921875
INFO:root:Epoch[56] Time cost=78.039
INFO:root:Saved checkpoint to "./models/resnet-50-standford-512-lr-0.01/resnet-50-standford-512-lr-0.01-0057.params"
INFO:root:Epoch[56] Validation-accuracy=0.308594
INFO:root:Epoch[56] Validation-top_k_accuracy_5=0.630859
INFO:root:Epoch[57] Batch [20]	Speed: 124.58 samples/sec	accuracy=0.616071	top_k_accuracy_5=0.901786
INFO:root:Epoch[57] Batch [40]	Speed: 121.92 samples/sec	accuracy=0.662500	top_k_accuracy_5=0.921875
INFO:root:Epoch[57] Batch [60]	Speed: 122.30 samples/sec	accuracy=0.628125	top_k_accuracy_5=0.910937
INFO:root:Epoch[57] Batch [80]	Speed: 121.78 samples/sec	accuracy=0.639844	top_k_accuracy_5=0.899219
INFO:root:Epoch[57] Batch [100]	Speed: 124.01 samples/sec	accuracy=0.646094	top_k_accuracy_5=0.904687
INFO:root:Epoch[57] Batch [120]	Speed: 124.88 samples/sec	accuracy=0.660156	top_k_accuracy_5=0.921875
INFO:root:Epoch[57] Batch [140]	Speed: 125.09 samples/sec	accuracy=0.667188	top_k_accuracy_5=0.922656
INFO:root:Epoch[57] Train-accuracy=0.657670
INFO:root:Epoch[57] Train-top_k_accuracy_5=0.926136
INFO:root:Epoch[57] Time cost=78.611
INFO:root:Saved checkpoint to "./models/resnet-50-standford-512-lr-0.01/resnet-50-standford-512-lr-0.01-0058.params"
INFO:root:Epoch[57] Validation-accuracy=0.273438
INFO:root:Epoch[57] Validation-top_k_accuracy_5=0.607422
INFO:root:Epoch[58] Batch [20]	Speed: 121.61 samples/sec	accuracy=0.649554	top_k_accuracy_5=0.919643
INFO:root:Epoch[58] Batch [40]	Speed: 123.10 samples/sec	accuracy=0.677344	top_k_accuracy_5=0.925781
INFO:root:Epoch[58] Batch [60]	Speed: 124.90 samples/sec	accuracy=0.674219	top_k_accuracy_5=0.917969
INFO:root:Epoch[58] Batch [80]	Speed: 125.22 samples/sec	accuracy=0.636719	top_k_accuracy_5=0.909375
INFO:root:Epoch[58] Batch [100]	Speed: 124.70 samples/sec	accuracy=0.664062	top_k_accuracy_5=0.925000
INFO:root:Epoch[58] Batch [120]	Speed: 122.03 samples/sec	accuracy=0.666406	top_k_accuracy_5=0.922656
INFO:root:Epoch[58] Batch [140]	Speed: 122.84 samples/sec	accuracy=0.674219	top_k_accuracy_5=0.928906
INFO:root:Epoch[58] Train-accuracy=0.688920
INFO:root:Epoch[58] Train-top_k_accuracy_5=0.957386
INFO:root:Epoch[58] Time cost=78.665
INFO:root:Saved checkpoint to "./models/resnet-50-standford-512-lr-0.01/resnet-50-standford-512-lr-0.01-0059.params"
INFO:root:Epoch[58] Validation-accuracy=0.341797
INFO:root:Epoch[58] Validation-top_k_accuracy_5=0.681641
INFO:root:Epoch[59] Batch [20]	Speed: 123.86 samples/sec	accuracy=0.667411	top_k_accuracy_5=0.912946
INFO:root:Epoch[59] Batch [40]	Speed: 124.13 samples/sec	accuracy=0.680469	top_k_accuracy_5=0.929688
INFO:root:Epoch[59] Batch [60]	Speed: 123.45 samples/sec	accuracy=0.655469	top_k_accuracy_5=0.923438
INFO:root:Epoch[59] Batch [80]	Speed: 124.54 samples/sec	accuracy=0.666406	top_k_accuracy_5=0.917188
INFO:root:Epoch[59] Batch [100]	Speed: 122.37 samples/sec	accuracy=0.657813	top_k_accuracy_5=0.929688
INFO:root:Epoch[59] Batch [120]	Speed: 121.90 samples/sec	accuracy=0.660937	top_k_accuracy_5=0.933594
INFO:root:Epoch[59] Batch [140]	Speed: 122.70 samples/sec	accuracy=0.696094	top_k_accuracy_5=0.934375
INFO:root:Epoch[59] Train-accuracy=0.667614
INFO:root:Epoch[59] Train-top_k_accuracy_5=0.919034
INFO:root:Epoch[59] Time cost=78.993
INFO:root:Saved checkpoint to "./models/resnet-50-standford-512-lr-0.01/resnet-50-standford-512-lr-0.01-0060.params"
INFO:root:Epoch[59] Validation-accuracy=0.289062
INFO:root:Epoch[59] Validation-top_k_accuracy_5=0.611328
INFO:root:Epoch[60] Batch [20]	Speed: 123.79 samples/sec	accuracy=0.662202	top_k_accuracy_5=0.926339
INFO:root:Epoch[60] Batch [40]	Speed: 121.99 samples/sec	accuracy=0.663281	top_k_accuracy_5=0.925000
INFO:root:Epoch[60] Batch [60]	Speed: 122.89 samples/sec	accuracy=0.676562	top_k_accuracy_5=0.933594
INFO:root:Epoch[60] Batch [80]	Speed: 124.33 samples/sec	accuracy=0.692969	top_k_accuracy_5=0.935937
INFO:root:Epoch[60] Batch [100]	Speed: 123.85 samples/sec	accuracy=0.703125	top_k_accuracy_5=0.936719
INFO:root:Epoch[60] Batch [120]	Speed: 121.90 samples/sec	accuracy=0.687500	top_k_accuracy_5=0.938281
INFO:root:Epoch[60] Batch [140]	Speed: 125.84 samples/sec	accuracy=0.683594	top_k_accuracy_5=0.928125
INFO:root:Epoch[60] Train-accuracy=0.692187
INFO:root:Epoch[60] Train-top_k_accuracy_5=0.928125
INFO:root:Epoch[60] Time cost=78.366
INFO:root:Saved checkpoint to "./models/resnet-50-standford-512-lr-0.01/resnet-50-standford-512-lr-0.01-0061.params"
INFO:root:Epoch[60] Validation-accuracy=0.384766
INFO:root:Epoch[60] Validation-top_k_accuracy_5=0.689453
INFO:root:Epoch[61] Batch [20]	Speed: 125.39 samples/sec	accuracy=0.665179	top_k_accuracy_5=0.921131
INFO:root:Epoch[61] Batch [40]	Speed: 124.54 samples/sec	accuracy=0.730469	top_k_accuracy_5=0.941406
INFO:root:Epoch[61] Batch [60]	Speed: 122.17 samples/sec	accuracy=0.691406	top_k_accuracy_5=0.935937
INFO:root:Epoch[61] Batch [80]	Speed: 124.65 samples/sec	accuracy=0.688281	top_k_accuracy_5=0.938281
INFO:root:Epoch[61] Batch [100]	Speed: 125.24 samples/sec	accuracy=0.703125	top_k_accuracy_5=0.930469
INFO:root:Epoch[61] Batch [120]	Speed: 125.27 samples/sec	accuracy=0.700000	top_k_accuracy_5=0.932031
INFO:root:Epoch[61] Batch [140]	Speed: 124.63 samples/sec	accuracy=0.701562	top_k_accuracy_5=0.939063
INFO:root:Epoch[61] Train-accuracy=0.714489
INFO:root:Epoch[61] Train-top_k_accuracy_5=0.947443
INFO:root:Epoch[61] Time cost=77.890
INFO:root:Saved checkpoint to "./models/resnet-50-standford-512-lr-0.01/resnet-50-standford-512-lr-0.01-0062.params"
INFO:root:Epoch[61] Validation-accuracy=0.263672
INFO:root:Epoch[61] Validation-top_k_accuracy_5=0.601562
INFO:root:Epoch[62] Batch [20]	Speed: 122.99 samples/sec	accuracy=0.709821	top_k_accuracy_5=0.950149
INFO:root:Epoch[62] Batch [40]	Speed: 124.37 samples/sec	accuracy=0.712500	top_k_accuracy_5=0.942969
INFO:root:Epoch[62] Batch [60]	Speed: 124.25 samples/sec	accuracy=0.702344	top_k_accuracy_5=0.935937
INFO:root:Epoch[62] Batch [80]	Speed: 123.50 samples/sec	accuracy=0.704688	top_k_accuracy_5=0.940625
INFO:root:Epoch[62] Batch [100]	Speed: 123.98 samples/sec	accuracy=0.708594	top_k_accuracy_5=0.942187
INFO:root:Epoch[62] Batch [120]	Speed: 125.46 samples/sec	accuracy=0.716406	top_k_accuracy_5=0.950781
INFO:root:Epoch[62] Batch [140]	Speed: 124.92 samples/sec	accuracy=0.719531	top_k_accuracy_5=0.946875
INFO:root:Epoch[62] Train-accuracy=0.731534
INFO:root:Epoch[62] Train-top_k_accuracy_5=0.941761
INFO:root:Epoch[62] Time cost=78.271
INFO:root:Saved checkpoint to "./models/resnet-50-standford-512-lr-0.01/resnet-50-standford-512-lr-0.01-0063.params"
INFO:root:Epoch[62] Validation-accuracy=0.318359
INFO:root:Epoch[62] Validation-top_k_accuracy_5=0.656250
INFO:root:Epoch[63] Batch [20]	Speed: 126.05 samples/sec	accuracy=0.702381	top_k_accuracy_5=0.936756
INFO:root:Epoch[63] Batch [40]	Speed: 123.85 samples/sec	accuracy=0.727344	top_k_accuracy_5=0.952344
INFO:root:Epoch[63] Batch [60]	Speed: 125.73 samples/sec	accuracy=0.733594	top_k_accuracy_5=0.951562
INFO:root:Epoch[63] Batch [80]	Speed: 122.25 samples/sec	accuracy=0.714844	top_k_accuracy_5=0.939844
INFO:root:Epoch[63] Batch [100]	Speed: 121.97 samples/sec	accuracy=0.733594	top_k_accuracy_5=0.953906
INFO:root:Epoch[63] Batch [120]	Speed: 122.77 samples/sec	accuracy=0.735156	top_k_accuracy_5=0.948438
INFO:root:Epoch[63] Batch [140]	Speed: 125.16 samples/sec	accuracy=0.708594	top_k_accuracy_5=0.943750
INFO:root:Epoch[63] Train-accuracy=0.703125
INFO:root:Epoch[63] Train-top_k_accuracy_5=0.954688
INFO:root:Epoch[63] Time cost=78.096
INFO:root:Saved checkpoint to "./models/resnet-50-standford-512-lr-0.01/resnet-50-standford-512-lr-0.01-0064.params"
INFO:root:Epoch[63] Validation-accuracy=0.330078
INFO:root:Epoch[63] Validation-top_k_accuracy_5=0.626953
INFO:root:Epoch[64] Batch [20]	Speed: 126.51 samples/sec	accuracy=0.722470	top_k_accuracy_5=0.950149
INFO:root:Epoch[64] Batch [40]	Speed: 125.33 samples/sec	accuracy=0.766406	top_k_accuracy_5=0.961719
INFO:root:Epoch[64] Batch [60]	Speed: 124.75 samples/sec	accuracy=0.731250	top_k_accuracy_5=0.958594
INFO:root:Epoch[64] Batch [80]	Speed: 124.97 samples/sec	accuracy=0.721094	top_k_accuracy_5=0.944531
INFO:root:Epoch[64] Batch [100]	Speed: 124.67 samples/sec	accuracy=0.720313	top_k_accuracy_5=0.942969
INFO:root:Epoch[64] Batch [120]	Speed: 124.34 samples/sec	accuracy=0.753125	top_k_accuracy_5=0.958594
INFO:root:Epoch[64] Batch [140]	Speed: 125.18 samples/sec	accuracy=0.717187	top_k_accuracy_5=0.943750
INFO:root:Epoch[64] Train-accuracy=0.767045
INFO:root:Epoch[64] Train-top_k_accuracy_5=0.965909
INFO:root:Epoch[64] Time cost=77.889
INFO:root:Saved checkpoint to "./models/resnet-50-standford-512-lr-0.01/resnet-50-standford-512-lr-0.01-0065.params"
INFO:root:Epoch[64] Validation-accuracy=0.353516
INFO:root:Epoch[64] Validation-top_k_accuracy_5=0.675781
INFO:root:Epoch[65] Batch [20]	Speed: 122.56 samples/sec	accuracy=0.716518	top_k_accuracy_5=0.950149
INFO:root:Epoch[65] Batch [40]	Speed: 124.83 samples/sec	accuracy=0.735938	top_k_accuracy_5=0.957031
INFO:root:Epoch[65] Batch [60]	Speed: 124.98 samples/sec	accuracy=0.735938	top_k_accuracy_5=0.953906
INFO:root:Epoch[65] Batch [80]	Speed: 124.38 samples/sec	accuracy=0.722656	top_k_accuracy_5=0.936719
INFO:root:Epoch[65] Batch [100]	Speed: 123.92 samples/sec	accuracy=0.727344	top_k_accuracy_5=0.946094
INFO:root:Epoch[65] Batch [120]	Speed: 125.31 samples/sec	accuracy=0.725000	top_k_accuracy_5=0.962500
INFO:root:Epoch[65] Batch [140]	Speed: 125.41 samples/sec	accuracy=0.751563	top_k_accuracy_5=0.953125
INFO:root:Epoch[65] Train-accuracy=0.720170
INFO:root:Epoch[65] Train-top_k_accuracy_5=0.958807
INFO:root:Epoch[65] Time cost=78.077
INFO:root:Saved checkpoint to "./models/resnet-50-standford-512-lr-0.01/resnet-50-standford-512-lr-0.01-0066.params"
INFO:root:Epoch[65] Validation-accuracy=0.269531
INFO:root:Epoch[65] Validation-top_k_accuracy_5=0.578125
INFO:root:Epoch[66] Batch [20]	Speed: 123.56 samples/sec	accuracy=0.741815	top_k_accuracy_5=0.948661
INFO:root:Epoch[66] Batch [40]	Speed: 125.15 samples/sec	accuracy=0.784375	top_k_accuracy_5=0.970313
INFO:root:Epoch[66] Batch [60]	Speed: 124.64 samples/sec	accuracy=0.749219	top_k_accuracy_5=0.967969
INFO:root:Epoch[66] Batch [80]	Speed: 123.96 samples/sec	accuracy=0.740625	top_k_accuracy_5=0.951562
INFO:root:Epoch[66] Batch [100]	Speed: 122.18 samples/sec	accuracy=0.756250	top_k_accuracy_5=0.956250
INFO:root:Epoch[66] Batch [120]	Speed: 124.19 samples/sec	accuracy=0.750000	top_k_accuracy_5=0.957812
INFO:root:Epoch[66] Batch [140]	Speed: 125.50 samples/sec	accuracy=0.749219	top_k_accuracy_5=0.948438
INFO:root:Epoch[66] Train-accuracy=0.772727
INFO:root:Epoch[66] Train-top_k_accuracy_5=0.961648
INFO:root:Epoch[66] Time cost=78.472
INFO:root:Saved checkpoint to "./models/resnet-50-standford-512-lr-0.01/resnet-50-standford-512-lr-0.01-0067.params"
INFO:root:Epoch[66] Validation-accuracy=0.261719
INFO:root:Epoch[66] Validation-top_k_accuracy_5=0.574219
INFO:root:Epoch[67] Batch [20]	Speed: 125.58 samples/sec	accuracy=0.733631	top_k_accuracy_5=0.955357
INFO:root:Epoch[67] Batch [40]	Speed: 124.87 samples/sec	accuracy=0.772656	top_k_accuracy_5=0.967187
INFO:root:Epoch[67] Batch [60]	Speed: 123.50 samples/sec	accuracy=0.763281	top_k_accuracy_5=0.965625
INFO:root:Epoch[67] Batch [80]	Speed: 123.71 samples/sec	accuracy=0.764844	top_k_accuracy_5=0.957031
INFO:root:Epoch[67] Batch [100]	Speed: 124.88 samples/sec	accuracy=0.785156	top_k_accuracy_5=0.955469
INFO:root:Epoch[67] Batch [120]	Speed: 124.88 samples/sec	accuracy=0.778125	top_k_accuracy_5=0.967187
INFO:root:Epoch[67] Batch [140]	Speed: 123.54 samples/sec	accuracy=0.766406	top_k_accuracy_5=0.959375
INFO:root:Epoch[67] Train-accuracy=0.757812
INFO:root:Epoch[67] Train-top_k_accuracy_5=0.968750
INFO:root:Epoch[67] Time cost=77.776
INFO:root:Saved checkpoint to "./models/resnet-50-standford-512-lr-0.01/resnet-50-standford-512-lr-0.01-0068.params"
INFO:root:Epoch[67] Validation-accuracy=0.267578
INFO:root:Epoch[67] Validation-top_k_accuracy_5=0.574219
INFO:root:Epoch[68] Batch [20]	Speed: 123.52 samples/sec	accuracy=0.761161	top_k_accuracy_5=0.967262
INFO:root:Epoch[68] Batch [40]	Speed: 121.91 samples/sec	accuracy=0.779687	top_k_accuracy_5=0.962500
INFO:root:Epoch[68] Batch [60]	Speed: 124.62 samples/sec	accuracy=0.758594	top_k_accuracy_5=0.957031
INFO:root:Epoch[68] Batch [80]	Speed: 125.13 samples/sec	accuracy=0.767969	top_k_accuracy_5=0.957812
INFO:root:Epoch[68] Batch [100]	Speed: 124.65 samples/sec	accuracy=0.768750	top_k_accuracy_5=0.958594
INFO:root:Epoch[68] Batch [120]	Speed: 125.30 samples/sec	accuracy=0.778125	top_k_accuracy_5=0.964063
INFO:root:Epoch[68] Batch [140]	Speed: 124.53 samples/sec	accuracy=0.743750	top_k_accuracy_5=0.960938
INFO:root:Epoch[68] Train-accuracy=0.768466
INFO:root:Epoch[68] Train-top_k_accuracy_5=0.964489
INFO:root:Epoch[68] Time cost=78.041
INFO:root:Saved checkpoint to "./models/resnet-50-standford-512-lr-0.01/resnet-50-standford-512-lr-0.01-0069.params"
INFO:root:Epoch[68] Validation-accuracy=0.308594
INFO:root:Epoch[68] Validation-top_k_accuracy_5=0.632812
INFO:root:Epoch[69] Batch [20]	Speed: 124.53 samples/sec	accuracy=0.772321	top_k_accuracy_5=0.968006
INFO:root:Epoch[69] Batch [40]	Speed: 123.81 samples/sec	accuracy=0.780469	top_k_accuracy_5=0.964063
INFO:root:Epoch[69] Batch [60]	Speed: 123.72 samples/sec	accuracy=0.792969	top_k_accuracy_5=0.965625
INFO:root:Epoch[69] Batch [80]	Speed: 123.50 samples/sec	accuracy=0.782813	top_k_accuracy_5=0.957031
INFO:root:Epoch[69] Batch [100]	Speed: 124.31 samples/sec	accuracy=0.768750	top_k_accuracy_5=0.965625
INFO:root:Epoch[69] Batch [120]	Speed: 124.64 samples/sec	accuracy=0.773438	top_k_accuracy_5=0.966406
INFO:root:Epoch[69] Batch [140]	Speed: 125.20 samples/sec	accuracy=0.789844	top_k_accuracy_5=0.970313
INFO:root:Epoch[69] Train-accuracy=0.788352
INFO:root:Epoch[69] Train-top_k_accuracy_5=0.982955
INFO:root:Epoch[69] Time cost=78.245
INFO:root:Saved checkpoint to "./models/resnet-50-standford-512-lr-0.01/resnet-50-standford-512-lr-0.01-0070.params"
INFO:root:Epoch[69] Validation-accuracy=0.238281
INFO:root:Epoch[69] Validation-top_k_accuracy_5=0.542969
INFO:root:Epoch[70] Batch [20]	Speed: 125.73 samples/sec	accuracy=0.763393	top_k_accuracy_5=0.961310
INFO:root:Epoch[70] Batch [40]	Speed: 123.47 samples/sec	accuracy=0.778906	top_k_accuracy_5=0.964844
INFO:root:Epoch[70] Batch [60]	Speed: 123.37 samples/sec	accuracy=0.787500	top_k_accuracy_5=0.967187
INFO:root:Epoch[70] Batch [80]	Speed: 122.88 samples/sec	accuracy=0.789062	top_k_accuracy_5=0.964844
INFO:root:Epoch[70] Batch [100]	Speed: 122.82 samples/sec	accuracy=0.790625	top_k_accuracy_5=0.961719
INFO:root:Epoch[70] Batch [120]	Speed: 125.25 samples/sec	accuracy=0.800781	top_k_accuracy_5=0.976562
INFO:root:Epoch[70] Batch [140]	Speed: 123.63 samples/sec	accuracy=0.782031	top_k_accuracy_5=0.962500
INFO:root:Epoch[70] Train-accuracy=0.788352
INFO:root:Epoch[70] Train-top_k_accuracy_5=0.967330
INFO:root:Epoch[70] Time cost=78.544
INFO:root:Saved checkpoint to "./models/resnet-50-standford-512-lr-0.01/resnet-50-standford-512-lr-0.01-0071.params"
INFO:root:Epoch[70] Validation-accuracy=0.285156
INFO:root:Epoch[70] Validation-top_k_accuracy_5=0.623047
INFO:root:Epoch[71] Batch [20]	Speed: 124.68 samples/sec	accuracy=0.770089	top_k_accuracy_5=0.961310
INFO:root:Epoch[71] Batch [40]	Speed: 123.46 samples/sec	accuracy=0.799219	top_k_accuracy_5=0.973437
INFO:root:Epoch[71] Batch [60]	Speed: 124.40 samples/sec	accuracy=0.808594	top_k_accuracy_5=0.975000
INFO:root:Epoch[71] Batch [80]	Speed: 123.34 samples/sec	accuracy=0.788281	top_k_accuracy_5=0.967969
INFO:root:Epoch[71] Batch [100]	Speed: 124.41 samples/sec	accuracy=0.808594	top_k_accuracy_5=0.974219
INFO:root:Epoch[71] Batch [120]	Speed: 124.06 samples/sec	accuracy=0.800000	top_k_accuracy_5=0.972656
INFO:root:Epoch[71] Batch [140]	Speed: 122.61 samples/sec	accuracy=0.793750	top_k_accuracy_5=0.970313
INFO:root:Epoch[71] Train-accuracy=0.829688
INFO:root:Epoch[71] Train-top_k_accuracy_5=0.975000
INFO:root:Epoch[71] Time cost=78.111
INFO:root:Saved checkpoint to "./models/resnet-50-standford-512-lr-0.01/resnet-50-standford-512-lr-0.01-0072.params"
INFO:root:Epoch[71] Validation-accuracy=0.353516
INFO:root:Epoch[71] Validation-top_k_accuracy_5=0.681641
INFO:root:Epoch[72] Batch [20]	Speed: 122.47 samples/sec	accuracy=0.799107	top_k_accuracy_5=0.971726
INFO:root:Epoch[72] Batch [40]	Speed: 124.48 samples/sec	accuracy=0.780469	top_k_accuracy_5=0.971094
INFO:root:Epoch[72] Batch [60]	Speed: 125.16 samples/sec	accuracy=0.800781	top_k_accuracy_5=0.965625
INFO:root:Epoch[72] Batch [80]	Speed: 123.67 samples/sec	accuracy=0.802344	top_k_accuracy_5=0.962500
INFO:root:Epoch[72] Batch [100]	Speed: 122.48 samples/sec	accuracy=0.821094	top_k_accuracy_5=0.978125
INFO:root:Epoch[72] Batch [120]	Speed: 124.95 samples/sec	accuracy=0.784375	top_k_accuracy_5=0.975781
INFO:root:Epoch[72] Batch [140]	Speed: 124.97 samples/sec	accuracy=0.800000	top_k_accuracy_5=0.969531
INFO:root:Epoch[72] Train-accuracy=0.801136
INFO:root:Epoch[72] Train-top_k_accuracy_5=0.964489
INFO:root:Epoch[72] Time cost=78.327
INFO:root:Saved checkpoint to "./models/resnet-50-standford-512-lr-0.01/resnet-50-standford-512-lr-0.01-0073.params"
INFO:root:Epoch[72] Validation-accuracy=0.375000
INFO:root:Epoch[72] Validation-top_k_accuracy_5=0.691406
INFO:root:Epoch[73] Batch [20]	Speed: 123.89 samples/sec	accuracy=0.787202	top_k_accuracy_5=0.973958
INFO:root:Epoch[73] Batch [40]	Speed: 123.49 samples/sec	accuracy=0.823438	top_k_accuracy_5=0.978125
INFO:root:Epoch[73] Batch [60]	Speed: 122.47 samples/sec	accuracy=0.814844	top_k_accuracy_5=0.976562
INFO:root:Epoch[73] Batch [80]	Speed: 125.03 samples/sec	accuracy=0.800781	top_k_accuracy_5=0.978906
INFO:root:Epoch[73] Batch [100]	Speed: 125.43 samples/sec	accuracy=0.797656	top_k_accuracy_5=0.976562
INFO:root:Epoch[73] Batch [120]	Speed: 122.85 samples/sec	accuracy=0.827344	top_k_accuracy_5=0.985156
INFO:root:Epoch[73] Batch [140]	Speed: 124.42 samples/sec	accuracy=0.813281	top_k_accuracy_5=0.978125
INFO:root:Epoch[73] Train-accuracy=0.818182
INFO:root:Epoch[73] Train-top_k_accuracy_5=0.980114
INFO:root:Epoch[73] Time cost=78.543
INFO:root:Saved checkpoint to "./models/resnet-50-standford-512-lr-0.01/resnet-50-standford-512-lr-0.01-0074.params"
INFO:root:Epoch[73] Validation-accuracy=0.419922
INFO:root:Epoch[73] Validation-top_k_accuracy_5=0.753906
INFO:root:Epoch[74] Batch [20]	Speed: 123.84 samples/sec	accuracy=0.819940	top_k_accuracy_5=0.974702
INFO:root:Epoch[74] Batch [40]	Speed: 122.81 samples/sec	accuracy=0.839844	top_k_accuracy_5=0.979688
INFO:root:Epoch[74] Batch [60]	Speed: 125.52 samples/sec	accuracy=0.829688	top_k_accuracy_5=0.982031
INFO:root:Epoch[74] Batch [80]	Speed: 124.85 samples/sec	accuracy=0.813281	top_k_accuracy_5=0.973437
INFO:root:Epoch[74] Batch [100]	Speed: 124.48 samples/sec	accuracy=0.830469	top_k_accuracy_5=0.976562
INFO:root:Epoch[74] Batch [120]	Speed: 125.38 samples/sec	accuracy=0.817187	top_k_accuracy_5=0.979688
INFO:root:Epoch[74] Batch [140]	Speed: 124.72 samples/sec	accuracy=0.844531	top_k_accuracy_5=0.976562
INFO:root:Epoch[74] Train-accuracy=0.831250
INFO:root:Epoch[74] Train-top_k_accuracy_5=0.981250
INFO:root:Epoch[74] Time cost=77.793
INFO:root:Saved checkpoint to "./models/resnet-50-standford-512-lr-0.01/resnet-50-standford-512-lr-0.01-0075.params"
INFO:root:Epoch[74] Validation-accuracy=0.388672
INFO:root:Epoch[74] Validation-top_k_accuracy_5=0.712891
INFO:root:Epoch[75] Batch [20]	Speed: 126.20 samples/sec	accuracy=0.831845	top_k_accuracy_5=0.977679
INFO:root:Epoch[75] Batch [40]	Speed: 123.08 samples/sec	accuracy=0.859375	top_k_accuracy_5=0.988281
INFO:root:Epoch[75] Batch [60]	Speed: 125.27 samples/sec	accuracy=0.834375	top_k_accuracy_5=0.980469
INFO:root:Epoch[75] Batch [80]	Speed: 124.94 samples/sec	accuracy=0.835156	top_k_accuracy_5=0.978906
INFO:root:Epoch[75] Batch [100]	Speed: 124.87 samples/sec	accuracy=0.838281	top_k_accuracy_5=0.981250
INFO:root:Epoch[75] Batch [120]	Speed: 123.93 samples/sec	accuracy=0.849219	top_k_accuracy_5=0.975781
INFO:root:Epoch[75] Batch [140]	Speed: 122.52 samples/sec	accuracy=0.838281	top_k_accuracy_5=0.986719
INFO:root:Epoch[75] Train-accuracy=0.833807
INFO:root:Epoch[75] Train-top_k_accuracy_5=0.975852
INFO:root:Epoch[75] Time cost=78.015
INFO:root:Saved checkpoint to "./models/resnet-50-standford-512-lr-0.01/resnet-50-standford-512-lr-0.01-0076.params"
INFO:root:Epoch[75] Validation-accuracy=0.349609
INFO:root:Epoch[75] Validation-top_k_accuracy_5=0.654297
INFO:root:Epoch[76] Batch [20]	Speed: 124.15 samples/sec	accuracy=0.826637	top_k_accuracy_5=0.977679
INFO:root:Epoch[76] Batch [40]	Speed: 125.01 samples/sec	accuracy=0.817187	top_k_accuracy_5=0.975781
INFO:root:Epoch[76] Batch [60]	Speed: 125.17 samples/sec	accuracy=0.832812	top_k_accuracy_5=0.978125
INFO:root:Epoch[76] Batch [80]	Speed: 123.43 samples/sec	accuracy=0.829688	top_k_accuracy_5=0.979688
INFO:root:Epoch[76] Batch [100]	Speed: 125.26 samples/sec	accuracy=0.826562	top_k_accuracy_5=0.981250
INFO:root:Epoch[76] Batch [120]	Speed: 124.88 samples/sec	accuracy=0.852344	top_k_accuracy_5=0.985156
INFO:root:Epoch[76] Batch [140]	Speed: 125.06 samples/sec	accuracy=0.844531	top_k_accuracy_5=0.983594
INFO:root:Epoch[76] Train-accuracy=0.826705
INFO:root:Epoch[76] Train-top_k_accuracy_5=0.978693
INFO:root:Epoch[76] Time cost=77.941
INFO:root:Saved checkpoint to "./models/resnet-50-standford-512-lr-0.01/resnet-50-standford-512-lr-0.01-0077.params"
INFO:root:Epoch[76] Validation-accuracy=0.414062
INFO:root:Epoch[76] Validation-top_k_accuracy_5=0.738281
INFO:root:Epoch[77] Batch [20]	Speed: 123.84 samples/sec	accuracy=0.822917	top_k_accuracy_5=0.977679
INFO:root:Epoch[77] Batch [40]	Speed: 124.44 samples/sec	accuracy=0.836719	top_k_accuracy_5=0.989062
INFO:root:Epoch[77] Batch [60]	Speed: 125.07 samples/sec	accuracy=0.848437	top_k_accuracy_5=0.984375
INFO:root:Epoch[77] Batch [80]	Speed: 124.71 samples/sec	accuracy=0.828906	top_k_accuracy_5=0.977344
INFO:root:Epoch[77] Batch [100]	Speed: 125.37 samples/sec	accuracy=0.863281	top_k_accuracy_5=0.982812
INFO:root:Epoch[77] Batch [120]	Speed: 122.69 samples/sec	accuracy=0.857031	top_k_accuracy_5=0.984375
INFO:root:Epoch[77] Batch [140]	Speed: 123.46 samples/sec	accuracy=0.853125	top_k_accuracy_5=0.982812
INFO:root:Epoch[77] Train-accuracy=0.853693
INFO:root:Epoch[77] Train-top_k_accuracy_5=0.987216
INFO:root:Epoch[77] Time cost=78.291
INFO:root:Saved checkpoint to "./models/resnet-50-standford-512-lr-0.01/resnet-50-standford-512-lr-0.01-0078.params"
INFO:root:Epoch[77] Validation-accuracy=0.306641
INFO:root:Epoch[77] Validation-top_k_accuracy_5=0.621094
INFO:root:Epoch[78] Batch [20]	Speed: 125.29 samples/sec	accuracy=0.854167	top_k_accuracy_5=0.982143
INFO:root:Epoch[78] Batch [40]	Speed: 125.38 samples/sec	accuracy=0.861719	top_k_accuracy_5=0.988281
INFO:root:Epoch[78] Batch [60]	Speed: 124.36 samples/sec	accuracy=0.857812	top_k_accuracy_5=0.984375
INFO:root:Epoch[78] Batch [80]	Speed: 124.28 samples/sec	accuracy=0.844531	top_k_accuracy_5=0.978906
INFO:root:Epoch[78] Batch [100]	Speed: 123.68 samples/sec	accuracy=0.826562	top_k_accuracy_5=0.979688
INFO:root:Epoch[78] Batch [120]	Speed: 124.18 samples/sec	accuracy=0.842187	top_k_accuracy_5=0.984375
INFO:root:Epoch[78] Batch [140]	Speed: 123.22 samples/sec	accuracy=0.839063	top_k_accuracy_5=0.985938
INFO:root:Epoch[78] Train-accuracy=0.831250
INFO:root:Epoch[78] Train-top_k_accuracy_5=0.981250
INFO:root:Epoch[78] Time cost=77.774
INFO:root:Saved checkpoint to "./models/resnet-50-standford-512-lr-0.01/resnet-50-standford-512-lr-0.01-0079.params"
INFO:root:Epoch[78] Validation-accuracy=0.351562
INFO:root:Epoch[78] Validation-top_k_accuracy_5=0.693359
INFO:root:Epoch[79] Batch [20]	Speed: 125.05 samples/sec	accuracy=0.856399	top_k_accuracy_5=0.980655
INFO:root:Epoch[79] Batch [40]	Speed: 125.29 samples/sec	accuracy=0.842969	top_k_accuracy_5=0.979688
INFO:root:Epoch[79] Batch [60]	Speed: 122.78 samples/sec	accuracy=0.857031	top_k_accuracy_5=0.981250
INFO:root:Epoch[79] Batch [80]	Speed: 125.06 samples/sec	accuracy=0.847656	top_k_accuracy_5=0.985156
INFO:root:Epoch[79] Batch [100]	Speed: 124.46 samples/sec	accuracy=0.867969	top_k_accuracy_5=0.989844
INFO:root:Epoch[79] Batch [120]	Speed: 124.40 samples/sec	accuracy=0.875000	top_k_accuracy_5=0.989062
INFO:root:Epoch[79] Batch [140]	Speed: 124.52 samples/sec	accuracy=0.868750	top_k_accuracy_5=0.990625
INFO:root:Epoch[79] Train-accuracy=0.873580
INFO:root:Epoch[79] Train-top_k_accuracy_5=0.992898
INFO:root:Epoch[79] Time cost=77.987
INFO:root:Saved checkpoint to "./models/resnet-50-standford-512-lr-0.01/resnet-50-standford-512-lr-0.01-0080.params"
INFO:root:Epoch[79] Validation-accuracy=0.371094
INFO:root:Epoch[79] Validation-top_k_accuracy_5=0.712891
INFO:root:Epoch[80] Batch [20]	Speed: 126.65 samples/sec	accuracy=0.856399	top_k_accuracy_5=0.986607
INFO:root:Epoch[80] Batch [40]	Speed: 124.35 samples/sec	accuracy=0.875781	top_k_accuracy_5=0.990625
INFO:root:Epoch[80] Batch [60]	Speed: 124.57 samples/sec	accuracy=0.860156	top_k_accuracy_5=0.978906
INFO:root:Epoch[80] Batch [80]	Speed: 124.52 samples/sec	accuracy=0.869531	top_k_accuracy_5=0.989062
INFO:root:Epoch[80] Batch [100]	Speed: 122.42 samples/sec	accuracy=0.846875	top_k_accuracy_5=0.988281
INFO:root:Epoch[80] Batch [120]	Speed: 122.88 samples/sec	accuracy=0.878906	top_k_accuracy_5=0.989062
INFO:root:Epoch[80] Batch [140]	Speed: 123.19 samples/sec	accuracy=0.859375	top_k_accuracy_5=0.984375
INFO:root:Epoch[80] Train-accuracy=0.880682
INFO:root:Epoch[80] Train-top_k_accuracy_5=0.992898
INFO:root:Epoch[80] Time cost=78.451
INFO:root:Saved checkpoint to "./models/resnet-50-standford-512-lr-0.01/resnet-50-standford-512-lr-0.01-0081.params"
INFO:root:Epoch[80] Validation-accuracy=0.447266
INFO:root:Epoch[80] Validation-top_k_accuracy_5=0.740234
INFO:root:Epoch[81] Batch [20]	Speed: 125.16 samples/sec	accuracy=0.872024	top_k_accuracy_5=0.986607
INFO:root:Epoch[81] Batch [40]	Speed: 124.63 samples/sec	accuracy=0.867969	top_k_accuracy_5=0.986719
INFO:root:Epoch[81] Batch [60]	Speed: 124.92 samples/sec	accuracy=0.889062	top_k_accuracy_5=0.988281
INFO:root:Epoch[81] Batch [80]	Speed: 125.28 samples/sec	accuracy=0.896094	top_k_accuracy_5=0.987500
INFO:root:Epoch[81] Batch [100]	Speed: 124.41 samples/sec	accuracy=0.896875	top_k_accuracy_5=0.993750
INFO:root:Epoch[81] Batch [120]	Speed: 122.78 samples/sec	accuracy=0.895312	top_k_accuracy_5=0.992188
INFO:root:Epoch[81] Batch [140]	Speed: 122.70 samples/sec	accuracy=0.882031	top_k_accuracy_5=0.992969
INFO:root:Epoch[81] Train-accuracy=0.875000
INFO:root:Epoch[81] Train-top_k_accuracy_5=0.982812
INFO:root:Epoch[81] Time cost=77.851
INFO:root:Saved checkpoint to "./models/resnet-50-standford-512-lr-0.01/resnet-50-standford-512-lr-0.01-0082.params"
INFO:root:Epoch[81] Validation-accuracy=0.390625
INFO:root:Epoch[81] Validation-top_k_accuracy_5=0.689453
INFO:root:Epoch[82] Batch [20]	Speed: 125.38 samples/sec	accuracy=0.866071	top_k_accuracy_5=0.982143
INFO:root:Epoch[82] Batch [40]	Speed: 124.45 samples/sec	accuracy=0.897656	top_k_accuracy_5=0.990625
INFO:root:Epoch[82] Batch [60]	Speed: 124.43 samples/sec	accuracy=0.889062	top_k_accuracy_5=0.989844
INFO:root:Epoch[82] Batch [80]	Speed: 124.75 samples/sec	accuracy=0.885156	top_k_accuracy_5=0.990625
INFO:root:Epoch[82] Batch [100]	Speed: 124.67 samples/sec	accuracy=0.882812	top_k_accuracy_5=0.988281
INFO:root:Epoch[82] Batch [120]	Speed: 124.14 samples/sec	accuracy=0.903125	top_k_accuracy_5=0.989844
INFO:root:Epoch[82] Batch [140]	Speed: 123.62 samples/sec	accuracy=0.880469	top_k_accuracy_5=0.986719
INFO:root:Epoch[82] Train-accuracy=0.880682
INFO:root:Epoch[82] Train-top_k_accuracy_5=0.990057
INFO:root:Epoch[82] Time cost=77.949
INFO:root:Saved checkpoint to "./models/resnet-50-standford-512-lr-0.01/resnet-50-standford-512-lr-0.01-0083.params"
INFO:root:Epoch[82] Validation-accuracy=0.386719
INFO:root:Epoch[82] Validation-top_k_accuracy_5=0.720703
INFO:root:Epoch[83] Batch [20]	Speed: 121.26 samples/sec	accuracy=0.877976	top_k_accuracy_5=0.988095
INFO:root:Epoch[83] Batch [40]	Speed: 124.39 samples/sec	accuracy=0.884375	top_k_accuracy_5=0.986719
INFO:root:Epoch[83] Batch [60]	Speed: 122.66 samples/sec	accuracy=0.882031	top_k_accuracy_5=0.990625
INFO:root:Epoch[83] Batch [80]	Speed: 124.41 samples/sec	accuracy=0.895312	top_k_accuracy_5=0.985938
INFO:root:Epoch[83] Batch [100]	Speed: 123.55 samples/sec	accuracy=0.899219	top_k_accuracy_5=0.993750
INFO:root:Epoch[83] Batch [120]	Speed: 124.63 samples/sec	accuracy=0.871094	top_k_accuracy_5=0.994531
INFO:root:Epoch[83] Batch [140]	Speed: 125.13 samples/sec	accuracy=0.891406	top_k_accuracy_5=0.986719
INFO:root:Epoch[83] Train-accuracy=0.901989
INFO:root:Epoch[83] Train-top_k_accuracy_5=0.987216
INFO:root:Epoch[83] Time cost=78.519
INFO:root:Saved checkpoint to "./models/resnet-50-standford-512-lr-0.01/resnet-50-standford-512-lr-0.01-0084.params"
INFO:root:Epoch[83] Validation-accuracy=0.406250
INFO:root:Epoch[83] Validation-top_k_accuracy_5=0.734375
INFO:root:Epoch[84] Batch [20]	Speed: 123.16 samples/sec	accuracy=0.880208	top_k_accuracy_5=0.989583
INFO:root:Epoch[84] Batch [40]	Speed: 123.02 samples/sec	accuracy=0.901563	top_k_accuracy_5=0.993750
INFO:root:Epoch[84] Batch [60]	Speed: 123.04 samples/sec	accuracy=0.899219	top_k_accuracy_5=0.989844
INFO:root:Epoch[84] Batch [80]	Speed: 123.57 samples/sec	accuracy=0.889062	top_k_accuracy_5=0.991406
INFO:root:Epoch[84] Batch [100]	Speed: 124.99 samples/sec	accuracy=0.895312	top_k_accuracy_5=0.989062
INFO:root:Epoch[84] Batch [120]	Speed: 125.21 samples/sec	accuracy=0.902344	top_k_accuracy_5=0.995313
INFO:root:Epoch[84] Batch [140]	Speed: 124.91 samples/sec	accuracy=0.911719	top_k_accuracy_5=0.993750
INFO:root:Epoch[84] Train-accuracy=0.903409
INFO:root:Epoch[84] Train-top_k_accuracy_5=0.992898
INFO:root:Epoch[84] Time cost=78.514
INFO:root:Saved checkpoint to "./models/resnet-50-standford-512-lr-0.01/resnet-50-standford-512-lr-0.01-0085.params"
INFO:root:Epoch[84] Validation-accuracy=0.382812
INFO:root:Epoch[84] Validation-top_k_accuracy_5=0.691406
INFO:root:Epoch[85] Batch [20]	Speed: 123.01 samples/sec	accuracy=0.891369	top_k_accuracy_5=0.990327
INFO:root:Epoch[85] Batch [40]	Speed: 124.57 samples/sec	accuracy=0.912500	top_k_accuracy_5=0.990625
INFO:root:Epoch[85] Batch [60]	Speed: 124.79 samples/sec	accuracy=0.896875	top_k_accuracy_5=0.989844
INFO:root:Epoch[85] Batch [80]	Speed: 123.74 samples/sec	accuracy=0.907031	top_k_accuracy_5=0.994531
INFO:root:Epoch[85] Batch [100]	Speed: 122.37 samples/sec	accuracy=0.907031	top_k_accuracy_5=0.989844
INFO:root:Epoch[85] Batch [120]	Speed: 122.52 samples/sec	accuracy=0.908594	top_k_accuracy_5=0.992969
INFO:root:Epoch[85] Batch [140]	Speed: 124.03 samples/sec	accuracy=0.893750	top_k_accuracy_5=0.991406
INFO:root:Epoch[85] Train-accuracy=0.898438
INFO:root:Epoch[85] Train-top_k_accuracy_5=0.987500
INFO:root:Epoch[85] Time cost=78.292
INFO:root:Saved checkpoint to "./models/resnet-50-standford-512-lr-0.01/resnet-50-standford-512-lr-0.01-0086.params"
INFO:root:Epoch[85] Validation-accuracy=0.400391
INFO:root:Epoch[85] Validation-top_k_accuracy_5=0.679688
INFO:root:Epoch[86] Batch [20]	Speed: 124.50 samples/sec	accuracy=0.906250	top_k_accuracy_5=0.992560
INFO:root:Epoch[86] Batch [40]	Speed: 125.12 samples/sec	accuracy=0.900000	top_k_accuracy_5=0.990625
INFO:root:Epoch[86] Batch [60]	Speed: 125.29 samples/sec	accuracy=0.900781	top_k_accuracy_5=0.996094
INFO:root:Epoch[86] Batch [80]	Speed: 122.24 samples/sec	accuracy=0.891406	top_k_accuracy_5=0.990625
INFO:root:Epoch[86] Batch [100]	Speed: 124.88 samples/sec	accuracy=0.896094	top_k_accuracy_5=0.994531
INFO:root:Epoch[86] Batch [120]	Speed: 124.05 samples/sec	accuracy=0.902344	top_k_accuracy_5=0.992969
INFO:root:Epoch[86] Batch [140]	Speed: 123.45 samples/sec	accuracy=0.900781	top_k_accuracy_5=0.995313
INFO:root:Epoch[86] Train-accuracy=0.890625
INFO:root:Epoch[86] Train-top_k_accuracy_5=0.985795
INFO:root:Epoch[86] Time cost=78.067
INFO:root:Saved checkpoint to "./models/resnet-50-standford-512-lr-0.01/resnet-50-standford-512-lr-0.01-0087.params"
INFO:root:Epoch[86] Validation-accuracy=0.376953
INFO:root:Epoch[86] Validation-top_k_accuracy_5=0.671875
INFO:root:Epoch[87] Batch [20]	Speed: 121.88 samples/sec	accuracy=0.898065	top_k_accuracy_5=0.994048
INFO:root:Epoch[87] Batch [40]	Speed: 123.96 samples/sec	accuracy=0.903906	top_k_accuracy_5=0.996875
INFO:root:Epoch[87] Batch [60]	Speed: 122.51 samples/sec	accuracy=0.919531	top_k_accuracy_5=0.994531
INFO:root:Epoch[87] Batch [80]	Speed: 125.08 samples/sec	accuracy=0.914844	top_k_accuracy_5=0.992188
INFO:root:Epoch[87] Batch [100]	Speed: 123.91 samples/sec	accuracy=0.896094	top_k_accuracy_5=0.992188
INFO:root:Epoch[87] Batch [120]	Speed: 124.57 samples/sec	accuracy=0.916406	top_k_accuracy_5=0.996875
INFO:root:Epoch[87] Batch [140]	Speed: 122.71 samples/sec	accuracy=0.914062	top_k_accuracy_5=0.997656
INFO:root:Epoch[87] Train-accuracy=0.910511
INFO:root:Epoch[87] Train-top_k_accuracy_5=0.990057
INFO:root:Epoch[87] Time cost=78.605
INFO:root:Saved checkpoint to "./models/resnet-50-standford-512-lr-0.01/resnet-50-standford-512-lr-0.01-0088.params"
INFO:root:Epoch[87] Validation-accuracy=0.437500
INFO:root:Epoch[87] Validation-top_k_accuracy_5=0.732422
INFO:root:Epoch[88] Batch [20]	Speed: 123.55 samples/sec	accuracy=0.899554	top_k_accuracy_5=0.991071
INFO:root:Epoch[88] Batch [40]	Speed: 125.10 samples/sec	accuracy=0.910156	top_k_accuracy_5=0.994531
INFO:root:Epoch[88] Batch [60]	Speed: 123.85 samples/sec	accuracy=0.903906	top_k_accuracy_5=0.994531
INFO:root:Epoch[88] Batch [80]	Speed: 124.73 samples/sec	accuracy=0.894531	top_k_accuracy_5=0.994531
INFO:root:Epoch[88] Batch [100]	Speed: 122.41 samples/sec	accuracy=0.914844	top_k_accuracy_5=0.993750
INFO:root:Epoch[88] Batch [120]	Speed: 122.98 samples/sec	accuracy=0.907813	top_k_accuracy_5=0.996094
INFO:root:Epoch[88] Batch [140]	Speed: 125.00 samples/sec	accuracy=0.906250	top_k_accuracy_5=0.995313
INFO:root:Epoch[88] Train-accuracy=0.928125
INFO:root:Epoch[88] Train-top_k_accuracy_5=0.998437
INFO:root:Epoch[88] Time cost=77.990
INFO:root:Saved checkpoint to "./models/resnet-50-standford-512-lr-0.01/resnet-50-standford-512-lr-0.01-0089.params"
INFO:root:Epoch[88] Validation-accuracy=0.416016
INFO:root:Epoch[88] Validation-top_k_accuracy_5=0.742188
INFO:root:Epoch[89] Batch [20]	Speed: 125.20 samples/sec	accuracy=0.913690	top_k_accuracy_5=0.994792
INFO:root:Epoch[89] Batch [40]	Speed: 122.69 samples/sec	accuracy=0.929688	top_k_accuracy_5=0.994531
INFO:root:Epoch[89] Batch [60]	Speed: 124.92 samples/sec	accuracy=0.928125	top_k_accuracy_5=0.995313
INFO:root:Epoch[89] Batch [80]	Speed: 123.15 samples/sec	accuracy=0.903125	top_k_accuracy_5=0.992969
INFO:root:Epoch[89] Batch [100]	Speed: 122.69 samples/sec	accuracy=0.917188	top_k_accuracy_5=0.992969
INFO:root:Epoch[89] Batch [120]	Speed: 123.20 samples/sec	accuracy=0.907813	top_k_accuracy_5=0.996875
INFO:root:Epoch[89] Batch [140]	Speed: 122.57 samples/sec	accuracy=0.908594	top_k_accuracy_5=0.989062
INFO:root:Epoch[89] Train-accuracy=0.903409
INFO:root:Epoch[89] Train-top_k_accuracy_5=0.998580
INFO:root:Epoch[89] Time cost=78.521
INFO:root:Saved checkpoint to "./models/resnet-50-standford-512-lr-0.01/resnet-50-standford-512-lr-0.01-0090.params"
INFO:root:Epoch[89] Validation-accuracy=0.394531
INFO:root:Epoch[89] Validation-top_k_accuracy_5=0.712891
INFO:root:Epoch[90] Batch [20]	Speed: 123.36 samples/sec	accuracy=0.919643	top_k_accuracy_5=0.990327
INFO:root:Epoch[90] Batch [40]	Speed: 124.58 samples/sec	accuracy=0.926562	top_k_accuracy_5=0.995313
INFO:root:Epoch[90] Batch [60]	Speed: 124.86 samples/sec	accuracy=0.917188	top_k_accuracy_5=0.992969
INFO:root:Epoch[90] Batch [80]	Speed: 125.06 samples/sec	accuracy=0.929688	top_k_accuracy_5=0.994531
INFO:root:Epoch[90] Batch [100]	Speed: 122.47 samples/sec	accuracy=0.915625	top_k_accuracy_5=0.992969
INFO:root:Epoch[90] Batch [120]	Speed: 124.28 samples/sec	accuracy=0.928125	top_k_accuracy_5=0.997656
INFO:root:Epoch[90] Batch [140]	Speed: 125.75 samples/sec	accuracy=0.931250	top_k_accuracy_5=0.996875
INFO:root:Epoch[90] Train-accuracy=0.924716
INFO:root:Epoch[90] Train-top_k_accuracy_5=0.997159
INFO:root:Epoch[90] Time cost=78.202
INFO:root:Saved checkpoint to "./models/resnet-50-standford-512-lr-0.01/resnet-50-standford-512-lr-0.01-0091.params"
INFO:root:Epoch[90] Validation-accuracy=0.443359
INFO:root:Epoch[90] Validation-top_k_accuracy_5=0.728516
INFO:root:Epoch[91] Batch [20]	Speed: 124.64 samples/sec	accuracy=0.905506	top_k_accuracy_5=0.995536
INFO:root:Epoch[91] Batch [40]	Speed: 123.94 samples/sec	accuracy=0.925000	top_k_accuracy_5=0.996094
./run_train_script.sh: line 44: 12791 Terminated              python train_ccs-train.py --network resnet --num-layers 50 --model-prefix ./models/resnet-50-standford-512-lr-0.01/resnet-50-standford-512-lr-0.01
