[resnxet-34]
INFO:root:start with arguments Namespace(batch_size=80, benchmark=0, data_nthreads=4, data_train='../../data/mx-512-qua-99-ratio-0.95_train.rec', data_val='../../data/mx-512-qua-99-ratio-0.95_val.rec', disp_batches=20, dtype='float32', gpus='0,1,2,3', image_shape='3,512,512', kv_store='device', load_epoch=None, lr=0.01, lr_factor=0.1, lr_step_epochs='200,250', max_random_aspect_ratio=0, max_random_h=36, max_random_l=50, max_random_rotate_angle=0, max_random_s=50, max_random_scale=1, max_random_shear_ratio=0, min_random_scale=1, model_prefix='./models/resnext-34-standford-512-lr-0.01/resnext-34-standford-512-lr-0.01', mom=0.9, monitor=0, network='resnext', num_classes=120, num_epochs=300, num_examples=50000, num_layers=34, optimizer='sgd', pad_size=4, random_crop=1, random_mirror=1, rgb_mean='123.68,116.779,103.939', test_io=0, top_k=5, wd=0.0001)
[07:59:30] src/io/iter_image_recordio_2.cc:153: ImageRecordIOParser2: ../../data/mx-512-qua-99-ratio-0.95_train.rec, use 4 threads for decoding..
[07:59:32] src/io/iter_image_recordio_2.cc:153: ImageRecordIOParser2: ../../data/mx-512-qua-99-ratio-0.95_val.rec, use 4 threads for decoding..
[07:59:35] src/operator/././cudnn_algoreg-inl.h:112: Running performance tests to find the best convolution algorithm, this can take a while... (setting env variable MXNET_CUDNN_AUTOTUNE_DEFAULT to 0 to disable)
[07:59:44] src/kvstore/././comm.h:327: only 4 out of 12 GPU pairs are enabled direct access. It may affect the performance. You can set MXNET_ENABLE_GPU_P2P=0 to turn it off
[07:59:44] src/kvstore/././comm.h:336: .v..
[07:59:44] src/kvstore/././comm.h:336: v...
[07:59:44] src/kvstore/././comm.h:336: ...v
[07:59:44] src/kvstore/././comm.h:336: ..v.
INFO:root:Epoch[0] Batch [20]	Speed: 222.79 samples/sec	accuracy=0.008929	top_k_accuracy_5=0.045833
INFO:root:Epoch[0] Batch [40]	Speed: 229.55 samples/sec	accuracy=0.016875	top_k_accuracy_5=0.068125
INFO:root:Epoch[0] Batch [60]	Speed: 230.49 samples/sec	accuracy=0.012500	top_k_accuracy_5=0.064375
INFO:root:Epoch[0] Batch [80]	Speed: 229.39 samples/sec	accuracy=0.018125	top_k_accuracy_5=0.066250
INFO:root:Epoch[0] Batch [100]	Speed: 228.65 samples/sec	accuracy=0.010625	top_k_accuracy_5=0.066875
INFO:root:Epoch[0] Batch [120]	Speed: 230.51 samples/sec	accuracy=0.013125	top_k_accuracy_5=0.080000
INFO:root:Epoch[0] Train-accuracy=0.000000
INFO:root:Epoch[0] Train-top_k_accuracy_5=0.062500
INFO:root:Epoch[0] Time cost=43.963
INFO:root:Saved checkpoint to "./models/resnext-34-standford-512-lr-0.01/resnext-34-standford-512-lr-0.01-0001.params"
INFO:root:Epoch[0] Validation-accuracy=0.018750
INFO:root:Epoch[0] Validation-top_k_accuracy_5=0.085417
INFO:root:Epoch[1] Batch [20]	Speed: 233.18 samples/sec	accuracy=0.022024	top_k_accuracy_5=0.083333
INFO:root:Epoch[1] Batch [40]	Speed: 227.53 samples/sec	accuracy=0.028750	top_k_accuracy_5=0.103750
INFO:root:Epoch[1] Batch [60]	Speed: 227.58 samples/sec	accuracy=0.030000	top_k_accuracy_5=0.089375
INFO:root:Epoch[1] Batch [80]	Speed: 227.96 samples/sec	accuracy=0.023125	top_k_accuracy_5=0.105000
INFO:root:Epoch[1] Batch [100]	Speed: 226.76 samples/sec	accuracy=0.026875	top_k_accuracy_5=0.108125
INFO:root:Epoch[1] Batch [120]	Speed: 228.50 samples/sec	accuracy=0.024375	top_k_accuracy_5=0.093750
INFO:root:Epoch[1] Train-accuracy=nan
INFO:root:Epoch[1] Train-top_k_accuracy_5=nan
INFO:root:Epoch[1] Time cost=42.581
INFO:root:Saved checkpoint to "./models/resnext-34-standford-512-lr-0.01/resnext-34-standford-512-lr-0.01-0002.params"
INFO:root:Epoch[1] Validation-accuracy=0.028571
INFO:root:Epoch[1] Validation-top_k_accuracy_5=0.100000
INFO:root:Epoch[2] Batch [20]	Speed: 230.11 samples/sec	accuracy=0.027976	top_k_accuracy_5=0.111310
INFO:root:Epoch[2] Batch [40]	Speed: 224.81 samples/sec	accuracy=0.036250	top_k_accuracy_5=0.116250
INFO:root:Epoch[2] Batch [60]	Speed: 225.41 samples/sec	accuracy=0.033125	top_k_accuracy_5=0.136875
INFO:root:Epoch[2] Batch [80]	Speed: 224.81 samples/sec	accuracy=0.029375	top_k_accuracy_5=0.124375
INFO:root:Epoch[2] Batch [100]	Speed: 222.92 samples/sec	accuracy=0.031250	top_k_accuracy_5=0.129375
INFO:root:Epoch[2] Batch [120]	Speed: 225.74 samples/sec	accuracy=0.033125	top_k_accuracy_5=0.131250
INFO:root:Epoch[2] Train-accuracy=0.037500
INFO:root:Epoch[2] Train-top_k_accuracy_5=0.162500
INFO:root:Epoch[2] Time cost=43.502
INFO:root:Saved checkpoint to "./models/resnext-34-standford-512-lr-0.01/resnext-34-standford-512-lr-0.01-0003.params"
INFO:root:Epoch[2] Validation-accuracy=0.035417
INFO:root:Epoch[2] Validation-top_k_accuracy_5=0.120833
INFO:root:Epoch[3] Batch [20]	Speed: 226.63 samples/sec	accuracy=0.033929	top_k_accuracy_5=0.137500
INFO:root:Epoch[3] Batch [40]	Speed: 222.92 samples/sec	accuracy=0.048750	top_k_accuracy_5=0.150625
INFO:root:Epoch[3] Batch [60]	Speed: 221.99 samples/sec	accuracy=0.043750	top_k_accuracy_5=0.163125
INFO:root:Epoch[3] Batch [80]	Speed: 220.84 samples/sec	accuracy=0.036875	top_k_accuracy_5=0.155625
INFO:root:Epoch[3] Batch [100]	Speed: 198.02 samples/sec	accuracy=0.050000	top_k_accuracy_5=0.167500
INFO:root:Epoch[3] Batch [120]	Speed: 222.36 samples/sec	accuracy=0.036875	top_k_accuracy_5=0.163125
INFO:root:Epoch[3] Train-accuracy=nan
INFO:root:Epoch[3] Train-top_k_accuracy_5=nan
INFO:root:Epoch[3] Time cost=44.560
INFO:root:Saved checkpoint to "./models/resnext-34-standford-512-lr-0.01/resnext-34-standford-512-lr-0.01-0004.params"
INFO:root:Epoch[3] Validation-accuracy=0.054167
INFO:root:Epoch[3] Validation-top_k_accuracy_5=0.172917
INFO:root:Epoch[4] Batch [20]	Speed: 225.96 samples/sec	accuracy=0.041667	top_k_accuracy_5=0.180357
INFO:root:Epoch[4] Batch [40]	Speed: 218.42 samples/sec	accuracy=0.055625	top_k_accuracy_5=0.193750
INFO:root:Epoch[4] Batch [60]	Speed: 214.43 samples/sec	accuracy=0.065625	top_k_accuracy_5=0.198750
INFO:root:Epoch[4] Batch [80]	Speed: 196.32 samples/sec	accuracy=0.051250	top_k_accuracy_5=0.198750
INFO:root:Epoch[4] Batch [100]	Speed: 218.39 samples/sec	accuracy=0.054375	top_k_accuracy_5=0.211875
INFO:root:Epoch[4] Batch [120]	Speed: 219.34 samples/sec	accuracy=0.052500	top_k_accuracy_5=0.204375
INFO:root:Epoch[4] Train-accuracy=nan
INFO:root:Epoch[4] Train-top_k_accuracy_5=nan
INFO:root:Epoch[4] Time cost=45.285
INFO:root:Saved checkpoint to "./models/resnext-34-standford-512-lr-0.01/resnext-34-standford-512-lr-0.01-0005.params"
INFO:root:Epoch[4] Validation-accuracy=0.051786
INFO:root:Epoch[4] Validation-top_k_accuracy_5=0.182143
INFO:root:Epoch[5] Batch [20]	Speed: 225.35 samples/sec	accuracy=0.070238	top_k_accuracy_5=0.213095
INFO:root:Epoch[5] Batch [40]	Speed: 198.95 samples/sec	accuracy=0.074375	top_k_accuracy_5=0.237500
INFO:root:Epoch[5] Batch [60]	Speed: 216.30 samples/sec	accuracy=0.076250	top_k_accuracy_5=0.245625
INFO:root:Epoch[5] Batch [80]	Speed: 217.39 samples/sec	accuracy=0.072500	top_k_accuracy_5=0.238125
INFO:root:Epoch[5] Batch [100]	Speed: 215.10 samples/sec	accuracy=0.078125	top_k_accuracy_5=0.259375
INFO:root:Epoch[5] Batch [120]	Speed: 220.41 samples/sec	accuracy=0.066250	top_k_accuracy_5=0.233750
INFO:root:Epoch[5] Train-accuracy=0.062500
INFO:root:Epoch[5] Train-top_k_accuracy_5=0.200000
INFO:root:Epoch[5] Time cost=45.579
INFO:root:Saved checkpoint to "./models/resnext-34-standford-512-lr-0.01/resnext-34-standford-512-lr-0.01-0006.params"
INFO:root:Epoch[5] Validation-accuracy=0.072917
INFO:root:Epoch[5] Validation-top_k_accuracy_5=0.235417
INFO:root:Epoch[6] Batch [20]	Speed: 224.29 samples/sec	accuracy=0.068452	top_k_accuracy_5=0.243452
INFO:root:Epoch[6] Batch [40]	Speed: 202.51 samples/sec	accuracy=0.090625	top_k_accuracy_5=0.266875
INFO:root:Epoch[6] Batch [60]	Speed: 218.74 samples/sec	accuracy=0.086875	top_k_accuracy_5=0.273750
INFO:root:Epoch[6] Batch [80]	Speed: 217.90 samples/sec	accuracy=0.075000	top_k_accuracy_5=0.280000
INFO:root:Epoch[6] Batch [100]	Speed: 217.79 samples/sec	accuracy=0.095000	top_k_accuracy_5=0.275000
INFO:root:Epoch[6] Batch [120]	Speed: 209.26 samples/sec	accuracy=0.099375	top_k_accuracy_5=0.286250
INFO:root:Epoch[6] Train-accuracy=nan
INFO:root:Epoch[6] Train-top_k_accuracy_5=nan
INFO:root:Epoch[6] Time cost=45.251
INFO:root:Saved checkpoint to "./models/resnext-34-standford-512-lr-0.01/resnext-34-standford-512-lr-0.01-0007.params"
INFO:root:Epoch[6] Validation-accuracy=0.062500
INFO:root:Epoch[6] Validation-top_k_accuracy_5=0.198214
INFO:root:Epoch[7] Batch [20]	Speed: 229.41 samples/sec	accuracy=0.098214	top_k_accuracy_5=0.301190
INFO:root:Epoch[7] Batch [40]	Speed: 219.52 samples/sec	accuracy=0.105625	top_k_accuracy_5=0.322500
INFO:root:Epoch[7] Batch [60]	Speed: 218.53 samples/sec	accuracy=0.101250	top_k_accuracy_5=0.331250
INFO:root:Epoch[7] Batch [80]	Speed: 216.58 samples/sec	accuracy=0.111875	top_k_accuracy_5=0.320000
INFO:root:Epoch[7] Batch [100]	Speed: 217.74 samples/sec	accuracy=0.114375	top_k_accuracy_5=0.311250
INFO:root:Epoch[7] Batch [120]	Speed: 221.68 samples/sec	accuracy=0.096875	top_k_accuracy_5=0.313750
INFO:root:Epoch[7] Train-accuracy=nan
INFO:root:Epoch[7] Train-top_k_accuracy_5=nan
INFO:root:Epoch[7] Time cost=44.152
INFO:root:Saved checkpoint to "./models/resnext-34-standford-512-lr-0.01/resnext-34-standford-512-lr-0.01-0008.params"
INFO:root:Epoch[7] Validation-accuracy=0.075000
INFO:root:Epoch[7] Validation-top_k_accuracy_5=0.281250
INFO:root:Epoch[8] Batch [20]	Speed: 226.98 samples/sec	accuracy=0.103571	top_k_accuracy_5=0.302381
INFO:root:Epoch[8] Batch [40]	Speed: 217.92 samples/sec	accuracy=0.120000	top_k_accuracy_5=0.340625
INFO:root:Epoch[8] Batch [60]	Speed: 218.74 samples/sec	accuracy=0.128125	top_k_accuracy_5=0.359375
INFO:root:Epoch[8] Batch [80]	Speed: 218.48 samples/sec	accuracy=0.121250	top_k_accuracy_5=0.340625
INFO:root:Epoch[8] Batch [100]	Speed: 208.48 samples/sec	accuracy=0.126875	top_k_accuracy_5=0.359375
INFO:root:Epoch[8] Batch [120]	Speed: 205.39 samples/sec	accuracy=0.122500	top_k_accuracy_5=0.350625
INFO:root:Epoch[8] Train-accuracy=0.112500
INFO:root:Epoch[8] Train-top_k_accuracy_5=0.387500
INFO:root:Epoch[8] Time cost=45.733
INFO:root:Saved checkpoint to "./models/resnext-34-standford-512-lr-0.01/resnext-34-standford-512-lr-0.01-0009.params"
INFO:root:Epoch[8] Validation-accuracy=0.102083
INFO:root:Epoch[8] Validation-top_k_accuracy_5=0.310417
INFO:root:Epoch[9] Batch [20]	Speed: 226.74 samples/sec	accuracy=0.137500	top_k_accuracy_5=0.358929
INFO:root:Epoch[9] Batch [40]	Speed: 221.53 samples/sec	accuracy=0.142500	top_k_accuracy_5=0.399375
INFO:root:Epoch[9] Batch [60]	Speed: 216.96 samples/sec	accuracy=0.143125	top_k_accuracy_5=0.407500
INFO:root:Epoch[9] Batch [80]	Speed: 220.50 samples/sec	accuracy=0.142500	top_k_accuracy_5=0.376875
INFO:root:Epoch[9] Batch [100]	Speed: 222.50 samples/sec	accuracy=0.132500	top_k_accuracy_5=0.395000
INFO:root:Epoch[9] Batch [120]	Speed: 221.67 samples/sec	accuracy=0.138125	top_k_accuracy_5=0.403750
INFO:root:Epoch[9] Train-accuracy=nan
INFO:root:Epoch[9] Train-top_k_accuracy_5=nan
INFO:root:Epoch[9] Time cost=43.924
INFO:root:Saved checkpoint to "./models/resnext-34-standford-512-lr-0.01/resnext-34-standford-512-lr-0.01-0010.params"
INFO:root:Epoch[9] Validation-accuracy=0.057143
INFO:root:Epoch[9] Validation-top_k_accuracy_5=0.257143
INFO:root:Epoch[10] Batch [20]	Speed: 224.46 samples/sec	accuracy=0.144643	top_k_accuracy_5=0.387500
INFO:root:Epoch[10] Batch [40]	Speed: 220.48 samples/sec	accuracy=0.157500	top_k_accuracy_5=0.436875
INFO:root:Epoch[10] Batch [60]	Speed: 221.72 samples/sec	accuracy=0.172500	top_k_accuracy_5=0.433125
INFO:root:Epoch[10] Batch [80]	Speed: 221.72 samples/sec	accuracy=0.153125	top_k_accuracy_5=0.425000
INFO:root:Epoch[10] Batch [100]	Speed: 209.77 samples/sec	accuracy=0.161875	top_k_accuracy_5=0.437500
INFO:root:Epoch[10] Batch [120]	Speed: 222.46 samples/sec	accuracy=0.170000	top_k_accuracy_5=0.435625
INFO:root:Epoch[10] Train-accuracy=0.162500
INFO:root:Epoch[10] Train-top_k_accuracy_5=0.487500
INFO:root:Epoch[10] Time cost=44.582
INFO:root:Saved checkpoint to "./models/resnext-34-standford-512-lr-0.01/resnext-34-standford-512-lr-0.01-0011.params"
INFO:root:Epoch[10] Validation-accuracy=0.064583
INFO:root:Epoch[10] Validation-top_k_accuracy_5=0.212500
INFO:root:Epoch[11] Batch [20]	Speed: 225.23 samples/sec	accuracy=0.172619	top_k_accuracy_5=0.435119
INFO:root:Epoch[11] Batch [40]	Speed: 222.58 samples/sec	accuracy=0.183750	top_k_accuracy_5=0.462500
INFO:root:Epoch[11] Batch [60]	Speed: 220.90 samples/sec	accuracy=0.182500	top_k_accuracy_5=0.455000
INFO:root:Epoch[11] Batch [80]	Speed: 222.21 samples/sec	accuracy=0.174375	top_k_accuracy_5=0.460625
INFO:root:Epoch[11] Batch [100]	Speed: 220.47 samples/sec	accuracy=0.182500	top_k_accuracy_5=0.468750
INFO:root:Epoch[11] Batch [120]	Speed: 220.25 samples/sec	accuracy=0.187500	top_k_accuracy_5=0.478125
INFO:root:Epoch[11] Train-accuracy=nan
INFO:root:Epoch[11] Train-top_k_accuracy_5=nan
INFO:root:Epoch[11] Time cost=43.856
INFO:root:Saved checkpoint to "./models/resnext-34-standford-512-lr-0.01/resnext-34-standford-512-lr-0.01-0012.params"
INFO:root:Epoch[11] Validation-accuracy=0.151786
INFO:root:Epoch[11] Validation-top_k_accuracy_5=0.412500
INFO:root:Epoch[12] Batch [20]	Speed: 228.31 samples/sec	accuracy=0.186905	top_k_accuracy_5=0.469048
INFO:root:Epoch[12] Batch [40]	Speed: 222.89 samples/sec	accuracy=0.210625	top_k_accuracy_5=0.487500
INFO:root:Epoch[12] Batch [60]	Speed: 221.00 samples/sec	accuracy=0.200000	top_k_accuracy_5=0.492500
INFO:root:Epoch[12] Batch [80]	Speed: 220.90 samples/sec	accuracy=0.197500	top_k_accuracy_5=0.488750
INFO:root:Epoch[12] Batch [100]	Speed: 221.21 samples/sec	accuracy=0.204375	top_k_accuracy_5=0.522500
INFO:root:Epoch[12] Batch [120]	Speed: 222.54 samples/sec	accuracy=0.212500	top_k_accuracy_5=0.505000
INFO:root:Epoch[12] Train-accuracy=nan
INFO:root:Epoch[12] Train-top_k_accuracy_5=nan
INFO:root:Epoch[12] Time cost=43.675
INFO:root:Saved checkpoint to "./models/resnext-34-standford-512-lr-0.01/resnext-34-standford-512-lr-0.01-0013.params"
INFO:root:Epoch[12] Validation-accuracy=0.100000
INFO:root:Epoch[12] Validation-top_k_accuracy_5=0.275000
INFO:root:Epoch[13] Batch [20]	Speed: 228.17 samples/sec	accuracy=0.213095	top_k_accuracy_5=0.509524
INFO:root:Epoch[13] Batch [40]	Speed: 224.11 samples/sec	accuracy=0.239375	top_k_accuracy_5=0.548125
INFO:root:Epoch[13] Batch [60]	Speed: 224.10 samples/sec	accuracy=0.235625	top_k_accuracy_5=0.548125
INFO:root:Epoch[13] Batch [80]	Speed: 210.77 samples/sec	accuracy=0.219375	top_k_accuracy_5=0.524375
INFO:root:Epoch[13] Batch [100]	Speed: 222.80 samples/sec	accuracy=0.244375	top_k_accuracy_5=0.547500
INFO:root:Epoch[13] Batch [120]	Speed: 225.60 samples/sec	accuracy=0.235000	top_k_accuracy_5=0.550625
INFO:root:Epoch[13] Train-accuracy=0.237500
INFO:root:Epoch[13] Train-top_k_accuracy_5=0.525000
INFO:root:Epoch[13] Time cost=44.109
INFO:root:Saved checkpoint to "./models/resnext-34-standford-512-lr-0.01/resnext-34-standford-512-lr-0.01-0014.params"
INFO:root:Epoch[13] Validation-accuracy=0.087500
INFO:root:Epoch[13] Validation-top_k_accuracy_5=0.272917
INFO:root:Epoch[14] Batch [20]	Speed: 226.07 samples/sec	accuracy=0.250595	top_k_accuracy_5=0.546429
INFO:root:Epoch[14] Batch [40]	Speed: 222.33 samples/sec	accuracy=0.265000	top_k_accuracy_5=0.573125
INFO:root:Epoch[14] Batch [60]	Speed: 223.36 samples/sec	accuracy=0.261875	top_k_accuracy_5=0.571875
INFO:root:Epoch[14] Batch [80]	Speed: 222.52 samples/sec	accuracy=0.259375	top_k_accuracy_5=0.586250
INFO:root:Epoch[14] Batch [100]	Speed: 222.67 samples/sec	accuracy=0.263125	top_k_accuracy_5=0.590625
INFO:root:Epoch[14] Batch [120]	Speed: 224.72 samples/sec	accuracy=0.250000	top_k_accuracy_5=0.593750
INFO:root:Epoch[14] Train-accuracy=nan
INFO:root:Epoch[14] Train-top_k_accuracy_5=nan
INFO:root:Epoch[14] Time cost=43.518
INFO:root:Saved checkpoint to "./models/resnext-34-standford-512-lr-0.01/resnext-34-standford-512-lr-0.01-0015.params"
INFO:root:Epoch[14] Validation-accuracy=0.176786
INFO:root:Epoch[14] Validation-top_k_accuracy_5=0.458929
INFO:root:Epoch[15] Batch [20]	Speed: 228.48 samples/sec	accuracy=0.264881	top_k_accuracy_5=0.575595
INFO:root:Epoch[15] Batch [40]	Speed: 222.89 samples/sec	accuracy=0.286250	top_k_accuracy_5=0.621875
INFO:root:Epoch[15] Batch [60]	Speed: 223.98 samples/sec	accuracy=0.270000	top_k_accuracy_5=0.590625
INFO:root:Epoch[15] Batch [80]	Speed: 222.85 samples/sec	accuracy=0.281250	top_k_accuracy_5=0.603750
INFO:root:Epoch[15] Batch [100]	Speed: 223.75 samples/sec	accuracy=0.291250	top_k_accuracy_5=0.624375
INFO:root:Epoch[15] Batch [120]	Speed: 225.02 samples/sec	accuracy=0.287500	top_k_accuracy_5=0.609375
INFO:root:Epoch[15] Train-accuracy=nan
INFO:root:Epoch[15] Train-top_k_accuracy_5=nan
INFO:root:Epoch[15] Time cost=43.363
INFO:root:Saved checkpoint to "./models/resnext-34-standford-512-lr-0.01/resnext-34-standford-512-lr-0.01-0016.params"
INFO:root:Epoch[15] Validation-accuracy=0.206250
INFO:root:Epoch[15] Validation-top_k_accuracy_5=0.450000
INFO:root:Epoch[16] Batch [20]	Speed: 226.55 samples/sec	accuracy=0.299405	top_k_accuracy_5=0.614286
INFO:root:Epoch[16] Batch [40]	Speed: 221.53 samples/sec	accuracy=0.315000	top_k_accuracy_5=0.643750
INFO:root:Epoch[16] Batch [60]	Speed: 222.65 samples/sec	accuracy=0.320000	top_k_accuracy_5=0.631250
INFO:root:Epoch[16] Batch [80]	Speed: 224.04 samples/sec	accuracy=0.304375	top_k_accuracy_5=0.640625
INFO:root:Epoch[16] Batch [100]	Speed: 223.73 samples/sec	accuracy=0.311875	top_k_accuracy_5=0.668125
INFO:root:Epoch[16] Batch [120]	Speed: 224.86 samples/sec	accuracy=0.315625	top_k_accuracy_5=0.646250
INFO:root:Epoch[16] Train-accuracy=0.312500
INFO:root:Epoch[16] Train-top_k_accuracy_5=0.712500
INFO:root:Epoch[16] Time cost=44.084
INFO:root:Saved checkpoint to "./models/resnext-34-standford-512-lr-0.01/resnext-34-standford-512-lr-0.01-0017.params"
INFO:root:Epoch[16] Validation-accuracy=0.158929
INFO:root:Epoch[16] Validation-top_k_accuracy_5=0.392857
INFO:root:Epoch[17] Batch [20]	Speed: 227.34 samples/sec	accuracy=0.321429	top_k_accuracy_5=0.636905
INFO:root:Epoch[17] Batch [40]	Speed: 221.55 samples/sec	accuracy=0.336875	top_k_accuracy_5=0.672500
INFO:root:Epoch[17] Batch [60]	Speed: 223.03 samples/sec	accuracy=0.338125	top_k_accuracy_5=0.646875
INFO:root:Epoch[17] Batch [80]	Speed: 223.51 samples/sec	accuracy=0.344375	top_k_accuracy_5=0.666875
INFO:root:Epoch[17] Batch [100]	Speed: 223.36 samples/sec	accuracy=0.339375	top_k_accuracy_5=0.683125
INFO:root:Epoch[17] Batch [120]	Speed: 224.87 samples/sec	accuracy=0.348125	top_k_accuracy_5=0.670625
INFO:root:Epoch[17] Train-accuracy=nan
INFO:root:Epoch[17] Train-top_k_accuracy_5=nan
INFO:root:Epoch[17] Time cost=43.475
INFO:root:Saved checkpoint to "./models/resnext-34-standford-512-lr-0.01/resnext-34-standford-512-lr-0.01-0018.params"
INFO:root:Epoch[17] Validation-accuracy=0.170833
INFO:root:Epoch[17] Validation-top_k_accuracy_5=0.381250
INFO:root:Epoch[18] Batch [20]	Speed: 228.58 samples/sec	accuracy=0.336310	top_k_accuracy_5=0.669048
INFO:root:Epoch[18] Batch [40]	Speed: 223.18 samples/sec	accuracy=0.366250	top_k_accuracy_5=0.694375
INFO:root:Epoch[18] Batch [60]	Speed: 219.23 samples/sec	accuracy=0.345000	top_k_accuracy_5=0.674375
INFO:root:Epoch[18] Batch [80]	Speed: 222.72 samples/sec	accuracy=0.348125	top_k_accuracy_5=0.688125
INFO:root:Epoch[18] Batch [100]	Speed: 224.12 samples/sec	accuracy=0.360000	top_k_accuracy_5=0.691875
INFO:root:Epoch[18] Batch [120]	Speed: 226.64 samples/sec	accuracy=0.367500	top_k_accuracy_5=0.709375
INFO:root:Epoch[18] Train-accuracy=0.350000
INFO:root:Epoch[18] Train-top_k_accuracy_5=0.687500
INFO:root:Epoch[18] Time cost=43.794
INFO:root:Saved checkpoint to "./models/resnext-34-standford-512-lr-0.01/resnext-34-standford-512-lr-0.01-0019.params"
INFO:root:Epoch[18] Validation-accuracy=0.247917
INFO:root:Epoch[18] Validation-top_k_accuracy_5=0.539583
INFO:root:Epoch[19] Batch [20]	Speed: 227.89 samples/sec	accuracy=0.372024	top_k_accuracy_5=0.703571
INFO:root:Epoch[19] Batch [40]	Speed: 220.31 samples/sec	accuracy=0.402500	top_k_accuracy_5=0.715625
INFO:root:Epoch[19] Batch [60]	Speed: 220.61 samples/sec	accuracy=0.356250	top_k_accuracy_5=0.702500
INFO:root:Epoch[19] Batch [80]	Speed: 221.84 samples/sec	accuracy=0.395625	top_k_accuracy_5=0.701875
INFO:root:Epoch[19] Batch [100]	Speed: 222.44 samples/sec	accuracy=0.388125	top_k_accuracy_5=0.753125
INFO:root:Epoch[19] Batch [120]	Speed: 225.32 samples/sec	accuracy=0.395000	top_k_accuracy_5=0.731875
INFO:root:Epoch[19] Train-accuracy=nan
INFO:root:Epoch[19] Train-top_k_accuracy_5=nan
INFO:root:Epoch[19] Time cost=43.633
INFO:root:Saved checkpoint to "./models/resnext-34-standford-512-lr-0.01/resnext-34-standford-512-lr-0.01-0020.params"
INFO:root:Epoch[19] Validation-accuracy=0.232143
INFO:root:Epoch[19] Validation-top_k_accuracy_5=0.544643
INFO:root:Epoch[20] Batch [20]	Speed: 228.32 samples/sec	accuracy=0.389286	top_k_accuracy_5=0.728571
INFO:root:Epoch[20] Batch [40]	Speed: 221.83 samples/sec	accuracy=0.406875	top_k_accuracy_5=0.741250
INFO:root:Epoch[20] Batch [60]	Speed: 222.81 samples/sec	accuracy=0.393125	top_k_accuracy_5=0.731250
INFO:root:Epoch[20] Batch [80]	Speed: 223.87 samples/sec	accuracy=0.401250	top_k_accuracy_5=0.750625
INFO:root:Epoch[20] Batch [100]	Speed: 223.17 samples/sec	accuracy=0.423125	top_k_accuracy_5=0.755000
INFO:root:Epoch[20] Batch [120]	Speed: 225.11 samples/sec	accuracy=0.411250	top_k_accuracy_5=0.742500
INFO:root:Epoch[20] Train-accuracy=nan
INFO:root:Epoch[20] Train-top_k_accuracy_5=nan
INFO:root:Epoch[20] Time cost=43.429
INFO:root:Saved checkpoint to "./models/resnext-34-standford-512-lr-0.01/resnext-34-standford-512-lr-0.01-0021.params"
INFO:root:Epoch[20] Validation-accuracy=0.164583
INFO:root:Epoch[20] Validation-top_k_accuracy_5=0.458333
INFO:root:Epoch[21] Batch [20]	Speed: 227.27 samples/sec	accuracy=0.400595	top_k_accuracy_5=0.729762
INFO:root:Epoch[21] Batch [40]	Speed: 221.32 samples/sec	accuracy=0.440000	top_k_accuracy_5=0.772500
INFO:root:Epoch[21] Batch [60]	Speed: 221.82 samples/sec	accuracy=0.428125	top_k_accuracy_5=0.746250
INFO:root:Epoch[21] Batch [80]	Speed: 222.45 samples/sec	accuracy=0.436875	top_k_accuracy_5=0.762500
INFO:root:Epoch[21] Batch [100]	Speed: 220.78 samples/sec	accuracy=0.413750	top_k_accuracy_5=0.763750
INFO:root:Epoch[21] Batch [120]	Speed: 219.41 samples/sec	accuracy=0.438750	top_k_accuracy_5=0.774375
INFO:root:Epoch[21] Train-accuracy=0.400000
INFO:root:Epoch[21] Train-top_k_accuracy_5=0.787500
INFO:root:Epoch[21] Time cost=44.183
INFO:root:Saved checkpoint to "./models/resnext-34-standford-512-lr-0.01/resnext-34-standford-512-lr-0.01-0022.params"
INFO:root:Epoch[21] Validation-accuracy=0.189286
INFO:root:Epoch[21] Validation-top_k_accuracy_5=0.480357
INFO:root:Epoch[22] Batch [20]	Speed: 226.62 samples/sec	accuracy=0.430952	top_k_accuracy_5=0.753571
INFO:root:Epoch[22] Batch [40]	Speed: 221.26 samples/sec	accuracy=0.448125	top_k_accuracy_5=0.771250
INFO:root:Epoch[22] Batch [60]	Speed: 221.27 samples/sec	accuracy=0.438750	top_k_accuracy_5=0.766250
INFO:root:Epoch[22] Batch [80]	Speed: 222.57 samples/sec	accuracy=0.443750	top_k_accuracy_5=0.774375
INFO:root:Epoch[22] Batch [100]	Speed: 221.36 samples/sec	accuracy=0.458750	top_k_accuracy_5=0.797500
INFO:root:Epoch[22] Batch [120]	Speed: 206.87 samples/sec	accuracy=0.458125	top_k_accuracy_5=0.785000
INFO:root:Epoch[22] Train-accuracy=nan
INFO:root:Epoch[22] Train-top_k_accuracy_5=nan
INFO:root:Epoch[22] Time cost=44.291
INFO:root:Saved checkpoint to "./models/resnext-34-standford-512-lr-0.01/resnext-34-standford-512-lr-0.01-0023.params"
INFO:root:Epoch[22] Validation-accuracy=0.279167
INFO:root:Epoch[22] Validation-top_k_accuracy_5=0.585417
INFO:root:Epoch[23] Batch [20]	Speed: 225.97 samples/sec	accuracy=0.455357	top_k_accuracy_5=0.788095
INFO:root:Epoch[23] Batch [40]	Speed: 221.85 samples/sec	accuracy=0.492500	top_k_accuracy_5=0.796875
INFO:root:Epoch[23] Batch [60]	Speed: 221.72 samples/sec	accuracy=0.482500	top_k_accuracy_5=0.784375
INFO:root:Epoch[23] Batch [80]	Speed: 221.01 samples/sec	accuracy=0.486875	top_k_accuracy_5=0.806250
INFO:root:Epoch[23] Batch [100]	Speed: 219.79 samples/sec	accuracy=0.481875	top_k_accuracy_5=0.815625
INFO:root:Epoch[23] Batch [120]	Speed: 223.07 samples/sec	accuracy=0.491250	top_k_accuracy_5=0.819375
INFO:root:Epoch[23] Train-accuracy=nan
INFO:root:Epoch[23] Train-top_k_accuracy_5=nan
INFO:root:Epoch[23] Time cost=43.800
INFO:root:Saved checkpoint to "./models/resnext-34-standford-512-lr-0.01/resnext-34-standford-512-lr-0.01-0024.params"
INFO:root:Epoch[23] Validation-accuracy=0.270833
INFO:root:Epoch[23] Validation-top_k_accuracy_5=0.562500
INFO:root:Epoch[24] Batch [20]	Speed: 228.55 samples/sec	accuracy=0.470833	top_k_accuracy_5=0.805357
INFO:root:Epoch[24] Batch [40]	Speed: 222.03 samples/sec	accuracy=0.501875	top_k_accuracy_5=0.821250
INFO:root:Epoch[24] Batch [60]	Speed: 221.65 samples/sec	accuracy=0.475625	top_k_accuracy_5=0.788750
INFO:root:Epoch[24] Batch [80]	Speed: 221.25 samples/sec	accuracy=0.498750	top_k_accuracy_5=0.820625
INFO:root:Epoch[24] Batch [100]	Speed: 217.34 samples/sec	accuracy=0.517500	top_k_accuracy_5=0.833125
INFO:root:Epoch[24] Batch [120]	Speed: 222.29 samples/sec	accuracy=0.511250	top_k_accuracy_5=0.822500
INFO:root:Epoch[24] Train-accuracy=0.537500
INFO:root:Epoch[24] Train-top_k_accuracy_5=0.887500
INFO:root:Epoch[24] Time cost=44.500
INFO:root:Saved checkpoint to "./models/resnext-34-standford-512-lr-0.01/resnext-34-standford-512-lr-0.01-0025.params"
INFO:root:Epoch[24] Validation-accuracy=0.316071
INFO:root:Epoch[24] Validation-top_k_accuracy_5=0.617857
INFO:root:Epoch[25] Batch [20]	Speed: 227.33 samples/sec	accuracy=0.491667	top_k_accuracy_5=0.805357
INFO:root:Epoch[25] Batch [40]	Speed: 219.84 samples/sec	accuracy=0.513750	top_k_accuracy_5=0.835000
INFO:root:Epoch[25] Batch [60]	Speed: 212.69 samples/sec	accuracy=0.506875	top_k_accuracy_5=0.828750
INFO:root:Epoch[25] Batch [80]	Speed: 220.57 samples/sec	accuracy=0.532500	top_k_accuracy_5=0.832500
INFO:root:Epoch[25] Batch [100]	Speed: 220.40 samples/sec	accuracy=0.515625	top_k_accuracy_5=0.832500
INFO:root:Epoch[25] Batch [120]	Speed: 214.73 samples/sec	accuracy=0.506875	top_k_accuracy_5=0.838125
INFO:root:Epoch[25] Train-accuracy=nan
INFO:root:Epoch[25] Train-top_k_accuracy_5=nan
INFO:root:Epoch[25] Time cost=44.401
INFO:root:Saved checkpoint to "./models/resnext-34-standford-512-lr-0.01/resnext-34-standford-512-lr-0.01-0026.params"
INFO:root:Epoch[25] Validation-accuracy=0.291667
INFO:root:Epoch[25] Validation-top_k_accuracy_5=0.593750
INFO:root:Epoch[26] Batch [20]	Speed: 227.00 samples/sec	accuracy=0.542262	top_k_accuracy_5=0.844643
INFO:root:Epoch[26] Batch [40]	Speed: 220.19 samples/sec	accuracy=0.537500	top_k_accuracy_5=0.848125
INFO:root:Epoch[26] Batch [60]	Speed: 220.43 samples/sec	accuracy=0.523750	top_k_accuracy_5=0.853750
INFO:root:Epoch[26] Batch [80]	Speed: 219.39 samples/sec	accuracy=0.539375	top_k_accuracy_5=0.852500
INFO:root:Epoch[26] Batch [100]	Speed: 210.25 samples/sec	accuracy=0.530625	top_k_accuracy_5=0.834375
INFO:root:Epoch[26] Batch [120]	Speed: 223.04 samples/sec	accuracy=0.520625	top_k_accuracy_5=0.841250
INFO:root:Epoch[26] Train-accuracy=0.525000
INFO:root:Epoch[26] Train-top_k_accuracy_5=0.900000
INFO:root:Epoch[26] Time cost=44.609
INFO:root:Saved checkpoint to "./models/resnext-34-standford-512-lr-0.01/resnext-34-standford-512-lr-0.01-0027.params"
INFO:root:Epoch[26] Validation-accuracy=0.228571
INFO:root:Epoch[26] Validation-top_k_accuracy_5=0.521429
INFO:root:Epoch[27] Batch [20]	Speed: 227.84 samples/sec	accuracy=0.561310	top_k_accuracy_5=0.863690
INFO:root:Epoch[27] Batch [40]	Speed: 217.00 samples/sec	accuracy=0.561875	top_k_accuracy_5=0.856250
INFO:root:Epoch[27] Batch [60]	Speed: 220.89 samples/sec	accuracy=0.543125	top_k_accuracy_5=0.857500
INFO:root:Epoch[27] Batch [80]	Speed: 217.63 samples/sec	accuracy=0.554375	top_k_accuracy_5=0.866250
INFO:root:Epoch[27] Batch [100]	Speed: 220.03 samples/sec	accuracy=0.554375	top_k_accuracy_5=0.866250
INFO:root:Epoch[27] Batch [120]	Speed: 212.41 samples/sec	accuracy=0.563750	top_k_accuracy_5=0.864375
INFO:root:Epoch[27] Train-accuracy=nan
INFO:root:Epoch[27] Train-top_k_accuracy_5=nan
INFO:root:Epoch[27] Time cost=44.397
INFO:root:Saved checkpoint to "./models/resnext-34-standford-512-lr-0.01/resnext-34-standford-512-lr-0.01-0028.params"
INFO:root:Epoch[27] Validation-accuracy=0.281250
INFO:root:Epoch[27] Validation-top_k_accuracy_5=0.568750
INFO:root:Epoch[28] Batch [20]	Speed: 227.03 samples/sec	accuracy=0.562500	top_k_accuracy_5=0.873214
INFO:root:Epoch[28] Batch [40]	Speed: 220.95 samples/sec	accuracy=0.573125	top_k_accuracy_5=0.864375
INFO:root:Epoch[28] Batch [60]	Speed: 219.44 samples/sec	accuracy=0.560625	top_k_accuracy_5=0.857500
INFO:root:Epoch[28] Batch [80]	Speed: 220.22 samples/sec	accuracy=0.571875	top_k_accuracy_5=0.885000
INFO:root:Epoch[28] Batch [100]	Speed: 219.71 samples/sec	accuracy=0.598750	top_k_accuracy_5=0.884375
INFO:root:Epoch[28] Batch [120]	Speed: 221.84 samples/sec	accuracy=0.582500	top_k_accuracy_5=0.895000
INFO:root:Epoch[28] Train-accuracy=nan
INFO:root:Epoch[28] Train-top_k_accuracy_5=nan
INFO:root:Epoch[28] Time cost=43.951
INFO:root:Saved checkpoint to "./models/resnext-34-standford-512-lr-0.01/resnext-34-standford-512-lr-0.01-0029.params"
INFO:root:Epoch[28] Validation-accuracy=0.320833
INFO:root:Epoch[28] Validation-top_k_accuracy_5=0.606250
INFO:root:Epoch[29] Batch [20]	Speed: 226.30 samples/sec	accuracy=0.581548	top_k_accuracy_5=0.881548
INFO:root:Epoch[29] Batch [40]	Speed: 218.30 samples/sec	accuracy=0.606250	top_k_accuracy_5=0.886875
INFO:root:Epoch[29] Batch [60]	Speed: 220.80 samples/sec	accuracy=0.588750	top_k_accuracy_5=0.884375
INFO:root:Epoch[29] Batch [80]	Speed: 220.34 samples/sec	accuracy=0.602500	top_k_accuracy_5=0.886250
INFO:root:Epoch[29] Batch [100]	Speed: 220.04 samples/sec	accuracy=0.607500	top_k_accuracy_5=0.888750
INFO:root:Epoch[29] Batch [120]	Speed: 213.98 samples/sec	accuracy=0.594375	top_k_accuracy_5=0.886875
INFO:root:Epoch[29] Train-accuracy=0.637500
INFO:root:Epoch[29] Train-top_k_accuracy_5=0.850000
INFO:root:Epoch[29] Time cost=44.636
INFO:root:Saved checkpoint to "./models/resnext-34-standford-512-lr-0.01/resnext-34-standford-512-lr-0.01-0030.params"
INFO:root:Epoch[29] Validation-accuracy=0.248214
INFO:root:Epoch[29] Validation-top_k_accuracy_5=0.523214
INFO:root:Epoch[30] Batch [20]	Speed: 226.77 samples/sec	accuracy=0.587500	top_k_accuracy_5=0.877976
INFO:root:Epoch[30] Batch [40]	Speed: 213.62 samples/sec	accuracy=0.625625	top_k_accuracy_5=0.888125
INFO:root:Epoch[30] Batch [60]	Speed: 222.00 samples/sec	accuracy=0.617500	top_k_accuracy_5=0.890625
INFO:root:Epoch[30] Batch [80]	Speed: 215.03 samples/sec	accuracy=0.635000	top_k_accuracy_5=0.900000
INFO:root:Epoch[30] Batch [100]	Speed: 207.46 samples/sec	accuracy=0.631250	top_k_accuracy_5=0.896250
INFO:root:Epoch[30] Batch [120]	Speed: 218.70 samples/sec	accuracy=0.626875	top_k_accuracy_5=0.893125
INFO:root:Epoch[30] Train-accuracy=nan
INFO:root:Epoch[30] Train-top_k_accuracy_5=nan
INFO:root:Epoch[30] Time cost=44.822
INFO:root:Saved checkpoint to "./models/resnext-34-standford-512-lr-0.01/resnext-34-standford-512-lr-0.01-0031.params"
INFO:root:Epoch[30] Validation-accuracy=0.239583
INFO:root:Epoch[30] Validation-top_k_accuracy_5=0.514583
INFO:root:Epoch[31] Batch [20]	Speed: 224.99 samples/sec	accuracy=0.635714	top_k_accuracy_5=0.901786
INFO:root:Epoch[31] Batch [40]	Speed: 219.80 samples/sec	accuracy=0.633125	top_k_accuracy_5=0.905000
INFO:root:Epoch[31] Batch [60]	Speed: 217.30 samples/sec	accuracy=0.610000	top_k_accuracy_5=0.893750
INFO:root:Epoch[31] Batch [80]	Speed: 218.14 samples/sec	accuracy=0.638750	top_k_accuracy_5=0.904375
INFO:root:Epoch[31] Batch [100]	Speed: 216.04 samples/sec	accuracy=0.641250	top_k_accuracy_5=0.921250
INFO:root:Epoch[31] Batch [120]	Speed: 221.34 samples/sec	accuracy=0.634375	top_k_accuracy_5=0.896250
INFO:root:Epoch[31] Train-accuracy=nan
INFO:root:Epoch[31] Train-top_k_accuracy_5=nan
INFO:root:Epoch[31] Time cost=44.325
INFO:root:Saved checkpoint to "./models/resnext-34-standford-512-lr-0.01/resnext-34-standford-512-lr-0.01-0032.params"
INFO:root:Epoch[31] Validation-accuracy=0.312500
INFO:root:Epoch[31] Validation-top_k_accuracy_5=0.592857
INFO:root:Epoch[32] Batch [20]	Speed: 227.32 samples/sec	accuracy=0.638690	top_k_accuracy_5=0.914881
INFO:root:Epoch[32] Batch [40]	Speed: 219.26 samples/sec	accuracy=0.647500	top_k_accuracy_5=0.916875
INFO:root:Epoch[32] Batch [60]	Speed: 218.66 samples/sec	accuracy=0.647500	top_k_accuracy_5=0.906250
INFO:root:Epoch[32] Batch [80]	Speed: 220.05 samples/sec	accuracy=0.641250	top_k_accuracy_5=0.906250
INFO:root:Epoch[32] Batch [100]	Speed: 206.94 samples/sec	accuracy=0.644375	top_k_accuracy_5=0.916875
INFO:root:Epoch[32] Batch [120]	Speed: 220.79 samples/sec	accuracy=0.650000	top_k_accuracy_5=0.908750
INFO:root:Epoch[32] Train-accuracy=0.775000
INFO:root:Epoch[32] Train-top_k_accuracy_5=0.937500
INFO:root:Epoch[32] Time cost=45.126
INFO:root:Saved checkpoint to "./models/resnext-34-standford-512-lr-0.01/resnext-34-standford-512-lr-0.01-0033.params"
INFO:root:Epoch[32] Validation-accuracy=0.266667
INFO:root:Epoch[32] Validation-top_k_accuracy_5=0.568750
INFO:root:Epoch[33] Batch [20]	Speed: 225.77 samples/sec	accuracy=0.664286	top_k_accuracy_5=0.924405
INFO:root:Epoch[33] Batch [40]	Speed: 221.69 samples/sec	accuracy=0.670625	top_k_accuracy_5=0.916250
INFO:root:Epoch[33] Batch [60]	Speed: 219.78 samples/sec	accuracy=0.663125	top_k_accuracy_5=0.926250
INFO:root:Epoch[33] Batch [80]	Speed: 220.42 samples/sec	accuracy=0.675625	top_k_accuracy_5=0.921250
INFO:root:Epoch[33] Batch [100]	Speed: 218.31 samples/sec	accuracy=0.662500	top_k_accuracy_5=0.924375
INFO:root:Epoch[33] Batch [120]	Speed: 221.25 samples/sec	accuracy=0.675000	top_k_accuracy_5=0.922500
INFO:root:Epoch[33] Train-accuracy=nan
INFO:root:Epoch[33] Train-top_k_accuracy_5=nan
INFO:root:Epoch[33] Time cost=44.023
INFO:root:Saved checkpoint to "./models/resnext-34-standford-512-lr-0.01/resnext-34-standford-512-lr-0.01-0034.params"
INFO:root:Epoch[33] Validation-accuracy=0.308333
INFO:root:Epoch[33] Validation-top_k_accuracy_5=0.645833
INFO:root:Epoch[34] Batch [20]	Speed: 227.63 samples/sec	accuracy=0.688690	top_k_accuracy_5=0.920238
INFO:root:Epoch[34] Batch [40]	Speed: 221.10 samples/sec	accuracy=0.680625	top_k_accuracy_5=0.920625
INFO:root:Epoch[34] Batch [60]	Speed: 219.57 samples/sec	accuracy=0.683750	top_k_accuracy_5=0.928750
INFO:root:Epoch[34] Batch [80]	Speed: 221.18 samples/sec	accuracy=0.713125	top_k_accuracy_5=0.938750
INFO:root:Epoch[34] Batch [100]	Speed: 221.08 samples/sec	accuracy=0.680625	top_k_accuracy_5=0.926875
INFO:root:Epoch[34] Batch [120]	Speed: 222.58 samples/sec	accuracy=0.697500	top_k_accuracy_5=0.945000
INFO:root:Epoch[34] Train-accuracy=0.675000
INFO:root:Epoch[34] Train-top_k_accuracy_5=0.950000
INFO:root:Epoch[34] Time cost=44.199
INFO:root:Saved checkpoint to "./models/resnext-34-standford-512-lr-0.01/resnext-34-standford-512-lr-0.01-0035.params"
INFO:root:Epoch[34] Validation-accuracy=0.257143
INFO:root:Epoch[34] Validation-top_k_accuracy_5=0.546429
INFO:root:Epoch[35] Batch [20]	Speed: 224.78 samples/sec	accuracy=0.721429	top_k_accuracy_5=0.935714
INFO:root:Epoch[35] Batch [40]	Speed: 222.20 samples/sec	accuracy=0.703750	top_k_accuracy_5=0.932500
INFO:root:Epoch[35] Batch [60]	Speed: 219.98 samples/sec	accuracy=0.696875	top_k_accuracy_5=0.928125
INFO:root:Epoch[35] Batch [80]	Speed: 219.81 samples/sec	accuracy=0.692500	top_k_accuracy_5=0.938125
INFO:root:Epoch[35] Batch [100]	Speed: 221.72 samples/sec	accuracy=0.716250	top_k_accuracy_5=0.945625
INFO:root:Epoch[35] Batch [120]	Speed: 223.06 samples/sec	accuracy=0.711250	top_k_accuracy_5=0.944375
INFO:root:Epoch[35] Train-accuracy=nan
INFO:root:Epoch[35] Train-top_k_accuracy_5=nan
INFO:root:Epoch[35] Time cost=43.849
INFO:root:Saved checkpoint to "./models/resnext-34-standford-512-lr-0.01/resnext-34-standford-512-lr-0.01-0036.params"
INFO:root:Epoch[35] Validation-accuracy=0.291667
INFO:root:Epoch[35] Validation-top_k_accuracy_5=0.614583
INFO:root:Epoch[36] Batch [20]	Speed: 226.32 samples/sec	accuracy=0.706548	top_k_accuracy_5=0.945833
INFO:root:Epoch[36] Batch [40]	Speed: 220.96 samples/sec	accuracy=0.713125	top_k_accuracy_5=0.937500
INFO:root:Epoch[36] Batch [60]	Speed: 222.59 samples/sec	accuracy=0.712500	top_k_accuracy_5=0.943125
INFO:root:Epoch[36] Batch [80]	Speed: 221.37 samples/sec	accuracy=0.720625	top_k_accuracy_5=0.943125
INFO:root:Epoch[36] Batch [100]	Speed: 222.38 samples/sec	accuracy=0.725625	top_k_accuracy_5=0.941875
INFO:root:Epoch[36] Batch [120]	Speed: 223.12 samples/sec	accuracy=0.720000	top_k_accuracy_5=0.955000
INFO:root:Epoch[36] Train-accuracy=nan
INFO:root:Epoch[36] Train-top_k_accuracy_5=nan
INFO:root:Epoch[36] Time cost=43.691
INFO:root:Saved checkpoint to "./models/resnext-34-standford-512-lr-0.01/resnext-34-standford-512-lr-0.01-0037.params"
INFO:root:Epoch[36] Validation-accuracy=0.237500
INFO:root:Epoch[36] Validation-top_k_accuracy_5=0.535714
INFO:root:Epoch[37] Batch [20]	Speed: 226.69 samples/sec	accuracy=0.707738	top_k_accuracy_5=0.933929
INFO:root:Epoch[37] Batch [40]	Speed: 222.33 samples/sec	accuracy=0.717500	top_k_accuracy_5=0.946875
INFO:root:Epoch[37] Batch [60]	Speed: 222.91 samples/sec	accuracy=0.728125	top_k_accuracy_5=0.945625
INFO:root:Epoch[37] Batch [80]	Speed: 222.98 samples/sec	accuracy=0.723125	top_k_accuracy_5=0.940000
INFO:root:Epoch[37] Batch [100]	Speed: 222.52 samples/sec	accuracy=0.739375	top_k_accuracy_5=0.958125
INFO:root:Epoch[37] Batch [120]	Speed: 224.36 samples/sec	accuracy=0.739375	top_k_accuracy_5=0.955000
INFO:root:Epoch[37] Train-accuracy=0.775000
INFO:root:Epoch[37] Train-top_k_accuracy_5=0.987500
INFO:root:Epoch[37] Time cost=43.897
INFO:root:Saved checkpoint to "./models/resnext-34-standford-512-lr-0.01/resnext-34-standford-512-lr-0.01-0038.params"
INFO:root:Epoch[37] Validation-accuracy=0.191667
INFO:root:Epoch[37] Validation-top_k_accuracy_5=0.479167
INFO:root:Epoch[38] Batch [20]	Speed: 226.47 samples/sec	accuracy=0.737500	top_k_accuracy_5=0.946429
INFO:root:Epoch[38] Batch [40]	Speed: 221.85 samples/sec	accuracy=0.736875	top_k_accuracy_5=0.961250
INFO:root:Epoch[38] Batch [60]	Speed: 222.40 samples/sec	accuracy=0.736250	top_k_accuracy_5=0.950625
INFO:root:Epoch[38] Batch [80]	Speed: 221.24 samples/sec	accuracy=0.750625	top_k_accuracy_5=0.958125
INFO:root:Epoch[38] Batch [100]	Speed: 224.45 samples/sec	accuracy=0.745000	top_k_accuracy_5=0.954375
INFO:root:Epoch[38] Batch [120]	Speed: 225.07 samples/sec	accuracy=0.754375	top_k_accuracy_5=0.965625
INFO:root:Epoch[38] Train-accuracy=nan
INFO:root:Epoch[38] Train-top_k_accuracy_5=nan
INFO:root:Epoch[38] Time cost=43.539
INFO:root:Saved checkpoint to "./models/resnext-34-standford-512-lr-0.01/resnext-34-standford-512-lr-0.01-0039.params"
INFO:root:Epoch[38] Validation-accuracy=0.258333
INFO:root:Epoch[38] Validation-top_k_accuracy_5=0.541667
INFO:root:Epoch[39] Batch [20]	Speed: 224.43 samples/sec	accuracy=0.742857	top_k_accuracy_5=0.961310
INFO:root:Epoch[39] Batch [40]	Speed: 221.75 samples/sec	accuracy=0.750000	top_k_accuracy_5=0.961250
INFO:root:Epoch[39] Batch [60]	Speed: 221.10 samples/sec	accuracy=0.773750	top_k_accuracy_5=0.960000
INFO:root:Epoch[39] Batch [80]	Speed: 222.24 samples/sec	accuracy=0.771250	top_k_accuracy_5=0.958125
INFO:root:Epoch[39] Batch [100]	Speed: 222.86 samples/sec	accuracy=0.776250	top_k_accuracy_5=0.965000
INFO:root:Epoch[39] Batch [120]	Speed: 225.27 samples/sec	accuracy=0.769375	top_k_accuracy_5=0.955625
INFO:root:Epoch[39] Train-accuracy=nan
INFO:root:Epoch[39] Train-top_k_accuracy_5=nan
INFO:root:Epoch[39] Time cost=43.663
INFO:root:Saved checkpoint to "./models/resnext-34-standford-512-lr-0.01/resnext-34-standford-512-lr-0.01-0040.params"
INFO:root:Epoch[39] Validation-accuracy=0.300000
INFO:root:Epoch[39] Validation-top_k_accuracy_5=0.616071
INFO:root:Epoch[40] Batch [20]	Speed: 224.55 samples/sec	accuracy=0.773810	top_k_accuracy_5=0.963095
INFO:root:Epoch[40] Batch [40]	Speed: 220.27 samples/sec	accuracy=0.788750	top_k_accuracy_5=0.966875
INFO:root:Epoch[40] Batch [60]	Speed: 220.96 samples/sec	accuracy=0.764375	top_k_accuracy_5=0.962500
INFO:root:Epoch[40] Batch [80]	Speed: 220.63 samples/sec	accuracy=0.786875	top_k_accuracy_5=0.970000
INFO:root:Epoch[40] Batch [100]	Speed: 223.80 samples/sec	accuracy=0.809375	top_k_accuracy_5=0.975000
INFO:root:Epoch[40] Batch [120]	Speed: 223.41 samples/sec	accuracy=0.801250	top_k_accuracy_5=0.966875
INFO:root:Epoch[40] Train-accuracy=0.737500
INFO:root:Epoch[40] Train-top_k_accuracy_5=0.975000
INFO:root:Epoch[40] Time cost=44.397
INFO:root:Saved checkpoint to "./models/resnext-34-standford-512-lr-0.01/resnext-34-standford-512-lr-0.01-0041.params"
INFO:root:Epoch[40] Validation-accuracy=0.327083
INFO:root:Epoch[40] Validation-top_k_accuracy_5=0.610417
INFO:root:Epoch[41] Batch [20]	Speed: 226.90 samples/sec	accuracy=0.786310	top_k_accuracy_5=0.967262
INFO:root:Epoch[41] Batch [40]	Speed: 222.36 samples/sec	accuracy=0.781875	top_k_accuracy_5=0.970000
INFO:root:Epoch[41] Batch [60]	Speed: 222.50 samples/sec	accuracy=0.776875	top_k_accuracy_5=0.970625
INFO:root:Epoch[41] Batch [80]	Speed: 223.88 samples/sec	accuracy=0.789375	top_k_accuracy_5=0.969375
INFO:root:Epoch[41] Batch [100]	Speed: 222.53 samples/sec	accuracy=0.808750	top_k_accuracy_5=0.973750
INFO:root:Epoch[41] Batch [120]	Speed: 225.29 samples/sec	accuracy=0.800625	top_k_accuracy_5=0.977500
INFO:root:Epoch[41] Train-accuracy=nan
INFO:root:Epoch[41] Train-top_k_accuracy_5=nan
INFO:root:Epoch[41] Time cost=43.452
INFO:root:Saved checkpoint to "./models/resnext-34-standford-512-lr-0.01/resnext-34-standford-512-lr-0.01-0042.params"
INFO:root:Epoch[41] Validation-accuracy=0.289286
INFO:root:Epoch[41] Validation-top_k_accuracy_5=0.614286
INFO:root:Epoch[42] Batch [20]	Speed: 228.70 samples/sec	accuracy=0.792262	top_k_accuracy_5=0.965476
INFO:root:Epoch[42] Batch [40]	Speed: 222.16 samples/sec	accuracy=0.796250	top_k_accuracy_5=0.971875
INFO:root:Epoch[42] Batch [60]	Speed: 223.42 samples/sec	accuracy=0.795000	top_k_accuracy_5=0.970625
INFO:root:Epoch[42] Batch [80]	Speed: 222.52 samples/sec	accuracy=0.795625	top_k_accuracy_5=0.973125
INFO:root:Epoch[42] Batch [100]	Speed: 222.79 samples/sec	accuracy=0.810000	top_k_accuracy_5=0.979375
INFO:root:Epoch[42] Batch [120]	Speed: 225.99 samples/sec	accuracy=0.808125	top_k_accuracy_5=0.976250
INFO:root:Epoch[42] Train-accuracy=0.800000
INFO:root:Epoch[42] Train-top_k_accuracy_5=0.975000
INFO:root:Epoch[42] Time cost=43.767
INFO:root:Saved checkpoint to "./models/resnext-34-standford-512-lr-0.01/resnext-34-standford-512-lr-0.01-0043.params"
INFO:root:Epoch[42] Validation-accuracy=0.214583
INFO:root:Epoch[42] Validation-top_k_accuracy_5=0.531250
INFO:root:Epoch[43] Batch [20]	Speed: 226.21 samples/sec	accuracy=0.804762	top_k_accuracy_5=0.975000
INFO:root:Epoch[43] Batch [40]	Speed: 220.19 samples/sec	accuracy=0.810000	top_k_accuracy_5=0.973750
INFO:root:Epoch[43] Batch [60]	Speed: 223.55 samples/sec	accuracy=0.805000	top_k_accuracy_5=0.973125
INFO:root:Epoch[43] Batch [80]	Speed: 222.41 samples/sec	accuracy=0.818125	top_k_accuracy_5=0.976875
INFO:root:Epoch[43] Batch [100]	Speed: 224.29 samples/sec	accuracy=0.818750	top_k_accuracy_5=0.984375
INFO:root:Epoch[43] Batch [120]	Speed: 224.29 samples/sec	accuracy=0.816875	top_k_accuracy_5=0.973125
INFO:root:Epoch[43] Train-accuracy=nan
INFO:root:Epoch[43] Train-top_k_accuracy_5=nan
INFO:root:Epoch[43] Time cost=43.536
INFO:root:Saved checkpoint to "./models/resnext-34-standford-512-lr-0.01/resnext-34-standford-512-lr-0.01-0044.params"
INFO:root:Epoch[43] Validation-accuracy=0.320833
INFO:root:Epoch[43] Validation-top_k_accuracy_5=0.620833
INFO:root:Epoch[44] Batch [20]	Speed: 224.90 samples/sec	accuracy=0.830952	top_k_accuracy_5=0.976786
INFO:root:Epoch[44] Batch [40]	Speed: 222.45 samples/sec	accuracy=0.812500	top_k_accuracy_5=0.981250
INFO:root:Epoch[44] Batch [60]	Speed: 223.43 samples/sec	accuracy=0.805625	top_k_accuracy_5=0.974375
INFO:root:Epoch[44] Batch [80]	Speed: 222.63 samples/sec	accuracy=0.835000	top_k_accuracy_5=0.972500
INFO:root:Epoch[44] Batch [100]	Speed: 223.40 samples/sec	accuracy=0.848750	top_k_accuracy_5=0.982500
INFO:root:Epoch[44] Batch [120]	Speed: 224.93 samples/sec	accuracy=0.827500	top_k_accuracy_5=0.981875
INFO:root:Epoch[44] Train-accuracy=nan
INFO:root:Epoch[44] Train-top_k_accuracy_5=nan
INFO:root:Epoch[44] Time cost=43.531
INFO:root:Saved checkpoint to "./models/resnext-34-standford-512-lr-0.01/resnext-34-standford-512-lr-0.01-0045.params"
INFO:root:Epoch[44] Validation-accuracy=0.328571
INFO:root:Epoch[44] Validation-top_k_accuracy_5=0.621429
INFO:root:Epoch[45] Batch [20]	Speed: 229.63 samples/sec	accuracy=0.819643	top_k_accuracy_5=0.976190
INFO:root:Epoch[45] Batch [40]	Speed: 222.33 samples/sec	accuracy=0.849375	top_k_accuracy_5=0.982500
INFO:root:Epoch[45] Batch [60]	Speed: 221.87 samples/sec	accuracy=0.820000	top_k_accuracy_5=0.976250
INFO:root:Epoch[45] Batch [80]	Speed: 221.91 samples/sec	accuracy=0.833750	top_k_accuracy_5=0.978125
INFO:root:Epoch[45] Batch [100]	Speed: 220.51 samples/sec	accuracy=0.848750	top_k_accuracy_5=0.982500
INFO:root:Epoch[45] Batch [120]	Speed: 224.68 samples/sec	accuracy=0.835000	top_k_accuracy_5=0.981250
INFO:root:Epoch[45] Train-accuracy=0.862500
INFO:root:Epoch[45] Train-top_k_accuracy_5=0.987500
INFO:root:Epoch[45] Time cost=43.924
INFO:root:Saved checkpoint to "./models/resnext-34-standford-512-lr-0.01/resnext-34-standford-512-lr-0.01-0046.params"
INFO:root:Epoch[45] Validation-accuracy=0.368750
INFO:root:Epoch[45] Validation-top_k_accuracy_5=0.654167
INFO:root:Epoch[46] Batch [20]	Speed: 227.38 samples/sec	accuracy=0.854167	top_k_accuracy_5=0.982143
INFO:root:Epoch[46] Batch [40]	Speed: 220.88 samples/sec	accuracy=0.818125	top_k_accuracy_5=0.980625
INFO:root:Epoch[46] Batch [60]	Speed: 220.41 samples/sec	accuracy=0.835000	top_k_accuracy_5=0.976250
INFO:root:Epoch[46] Batch [80]	Speed: 221.29 samples/sec	accuracy=0.842500	top_k_accuracy_5=0.982500
INFO:root:Epoch[46] Batch [100]	Speed: 220.01 samples/sec	accuracy=0.860625	top_k_accuracy_5=0.986875
INFO:root:Epoch[46] Batch [120]	Speed: 223.21 samples/sec	accuracy=0.840625	top_k_accuracy_5=0.979375
INFO:root:Epoch[46] Train-accuracy=nan
INFO:root:Epoch[46] Train-top_k_accuracy_5=nan
INFO:root:Epoch[46] Time cost=43.820
INFO:root:Saved checkpoint to "./models/resnext-34-standford-512-lr-0.01/resnext-34-standford-512-lr-0.01-0047.params"
INFO:root:Epoch[46] Validation-accuracy=0.307143
INFO:root:Epoch[46] Validation-top_k_accuracy_5=0.600000
INFO:root:Epoch[47] Batch [20]	Speed: 228.18 samples/sec	accuracy=0.859524	top_k_accuracy_5=0.980952
INFO:root:Epoch[47] Batch [40]	Speed: 220.51 samples/sec	accuracy=0.855625	top_k_accuracy_5=0.988125
INFO:root:Epoch[47] Batch [60]	Speed: 220.83 samples/sec	accuracy=0.852500	top_k_accuracy_5=0.986875
INFO:root:Epoch[47] Batch [80]	Speed: 220.30 samples/sec	accuracy=0.856875	top_k_accuracy_5=0.983750
INFO:root:Epoch[47] Batch [100]	Speed: 220.50 samples/sec	accuracy=0.879375	top_k_accuracy_5=0.985000
INFO:root:Epoch[47] Batch [120]	Speed: 221.67 samples/sec	accuracy=0.851250	top_k_accuracy_5=0.986875
INFO:root:Epoch[47] Train-accuracy=nan
INFO:root:Epoch[47] Train-top_k_accuracy_5=nan
INFO:root:Epoch[47] Time cost=43.829
INFO:root:Saved checkpoint to "./models/resnext-34-standford-512-lr-0.01/resnext-34-standford-512-lr-0.01-0048.params"
INFO:root:Epoch[47] Validation-accuracy=0.320833
INFO:root:Epoch[47] Validation-top_k_accuracy_5=0.637500
INFO:root:Epoch[48] Batch [20]	Speed: 227.43 samples/sec	accuracy=0.886905	top_k_accuracy_5=0.991071
INFO:root:Epoch[48] Batch [40]	Speed: 221.23 samples/sec	accuracy=0.865625	top_k_accuracy_5=0.991250
INFO:root:Epoch[48] Batch [60]	Speed: 219.78 samples/sec	accuracy=0.863750	top_k_accuracy_5=0.989375
INFO:root:Epoch[48] Batch [80]	Speed: 218.92 samples/sec	accuracy=0.869375	top_k_accuracy_5=0.988125
INFO:root:Epoch[48] Batch [100]	Speed: 219.55 samples/sec	accuracy=0.881250	top_k_accuracy_5=0.991875
INFO:root:Epoch[48] Batch [120]	Speed: 216.94 samples/sec	accuracy=0.868125	top_k_accuracy_5=0.983125
INFO:root:Epoch[48] Train-accuracy=0.925000
INFO:root:Epoch[48] Train-top_k_accuracy_5=1.000000
INFO:root:Epoch[48] Time cost=44.755
INFO:root:Saved checkpoint to "./models/resnext-34-standford-512-lr-0.01/resnext-34-standford-512-lr-0.01-0049.params"
INFO:root:Epoch[48] Validation-accuracy=0.283333
INFO:root:Epoch[48] Validation-top_k_accuracy_5=0.579167
INFO:root:Epoch[49] Batch [20]	Speed: 225.79 samples/sec	accuracy=0.862500	top_k_accuracy_5=0.991071
INFO:root:Epoch[49] Batch [40]	Speed: 219.66 samples/sec	accuracy=0.877500	top_k_accuracy_5=0.984375
INFO:root:Epoch[49] Batch [60]	Speed: 218.20 samples/sec	accuracy=0.864375	top_k_accuracy_5=0.988125
INFO:root:Epoch[49] Batch [80]	Speed: 221.51 samples/sec	accuracy=0.878750	top_k_accuracy_5=0.984375
INFO:root:Epoch[49] Batch [100]	Speed: 217.58 samples/sec	accuracy=0.878750	top_k_accuracy_5=0.990625
INFO:root:Epoch[49] Batch [120]	Speed: 222.15 samples/sec	accuracy=0.883125	top_k_accuracy_5=0.990000
INFO:root:Epoch[49] Train-accuracy=nan
INFO:root:Epoch[49] Train-top_k_accuracy_5=nan
INFO:root:Epoch[49] Time cost=44.065
INFO:root:Saved checkpoint to "./models/resnext-34-standford-512-lr-0.01/resnext-34-standford-512-lr-0.01-0050.params"
INFO:root:Epoch[49] Validation-accuracy=0.357143
INFO:root:Epoch[49] Validation-top_k_accuracy_5=0.692857
INFO:root:Epoch[50] Batch [20]	Speed: 227.90 samples/sec	accuracy=0.889286	top_k_accuracy_5=0.995833
INFO:root:Epoch[50] Batch [40]	Speed: 219.07 samples/sec	accuracy=0.890625	top_k_accuracy_5=0.988750
INFO:root:Epoch[50] Batch [60]	Speed: 218.96 samples/sec	accuracy=0.890625	top_k_accuracy_5=0.984375
INFO:root:Epoch[50] Batch [80]	Speed: 222.29 samples/sec	accuracy=0.881875	top_k_accuracy_5=0.986250
INFO:root:Epoch[50] Batch [100]	Speed: 188.76 samples/sec	accuracy=0.896875	top_k_accuracy_5=0.988125
INFO:root:Epoch[50] Batch [120]	Speed: 223.50 samples/sec	accuracy=0.889375	top_k_accuracy_5=0.991250
INFO:root:Epoch[50] Train-accuracy=0.925000
INFO:root:Epoch[50] Train-top_k_accuracy_5=1.000000
INFO:root:Epoch[50] Time cost=45.406
INFO:root:Saved checkpoint to "./models/resnext-34-standford-512-lr-0.01/resnext-34-standford-512-lr-0.01-0051.params"
INFO:root:Epoch[50] Validation-accuracy=0.370833
INFO:root:Epoch[50] Validation-top_k_accuracy_5=0.672917
INFO:root:Epoch[51] Batch [20]	Speed: 227.83 samples/sec	accuracy=0.886905	top_k_accuracy_5=0.989881
INFO:root:Epoch[51] Batch [40]	Speed: 221.91 samples/sec	accuracy=0.895000	top_k_accuracy_5=0.991250
INFO:root:Epoch[51] Batch [60]	Speed: 211.01 samples/sec	accuracy=0.893750	top_k_accuracy_5=0.994375
INFO:root:Epoch[51] Batch [80]	Speed: 220.36 samples/sec	accuracy=0.896875	top_k_accuracy_5=0.990625
INFO:root:Epoch[51] Batch [100]	Speed: 219.86 samples/sec	accuracy=0.908125	top_k_accuracy_5=0.991875
INFO:root:Epoch[51] Batch [120]	Speed: 221.38 samples/sec	accuracy=0.903750	top_k_accuracy_5=0.993750
INFO:root:Epoch[51] Train-accuracy=nan
INFO:root:Epoch[51] Train-top_k_accuracy_5=nan
INFO:root:Epoch[51] Time cost=44.173
INFO:root:Saved checkpoint to "./models/resnext-34-standford-512-lr-0.01/resnext-34-standford-512-lr-0.01-0052.params"
INFO:root:Epoch[51] Validation-accuracy=0.330357
INFO:root:Epoch[51] Validation-top_k_accuracy_5=0.619643
INFO:root:Epoch[52] Batch [20]	Speed: 224.78 samples/sec	accuracy=0.908929	top_k_accuracy_5=0.995238
INFO:root:Epoch[52] Batch [40]	Speed: 219.74 samples/sec	accuracy=0.901250	top_k_accuracy_5=0.996250
INFO:root:Epoch[52] Batch [60]	Speed: 220.12 samples/sec	accuracy=0.901250	top_k_accuracy_5=0.992500
INFO:root:Epoch[52] Batch [80]	Speed: 219.00 samples/sec	accuracy=0.906875	top_k_accuracy_5=0.995000
INFO:root:Epoch[52] Batch [100]	Speed: 220.58 samples/sec	accuracy=0.910000	top_k_accuracy_5=0.992500
INFO:root:Epoch[52] Batch [120]	Speed: 220.92 samples/sec	accuracy=0.908750	top_k_accuracy_5=0.991875
INFO:root:Epoch[52] Train-accuracy=nan
INFO:root:Epoch[52] Train-top_k_accuracy_5=nan
INFO:root:Epoch[52] Time cost=44.069
INFO:root:Saved checkpoint to "./models/resnext-34-standford-512-lr-0.01/resnext-34-standford-512-lr-0.01-0053.params"
INFO:root:Epoch[52] Validation-accuracy=0.379167
INFO:root:Epoch[52] Validation-top_k_accuracy_5=0.658333
INFO:root:Epoch[53] Batch [20]	Speed: 228.95 samples/sec	accuracy=0.904762	top_k_accuracy_5=0.995238
INFO:root:Epoch[53] Batch [40]	Speed: 219.66 samples/sec	accuracy=0.916875	top_k_accuracy_5=0.993750
INFO:root:Epoch[53] Batch [60]	Speed: 219.99 samples/sec	accuracy=0.907500	top_k_accuracy_5=0.994375
INFO:root:Epoch[53] Batch [80]	Speed: 218.32 samples/sec	accuracy=0.917500	top_k_accuracy_5=0.993750
INFO:root:Epoch[53] Batch [100]	Speed: 219.87 samples/sec	accuracy=0.923125	top_k_accuracy_5=0.995000
INFO:root:Epoch[53] Batch [120]	Speed: 221.40 samples/sec	accuracy=0.921875	top_k_accuracy_5=0.993125
INFO:root:Epoch[53] Train-accuracy=0.937500
INFO:root:Epoch[53] Train-top_k_accuracy_5=1.000000
INFO:root:Epoch[53] Time cost=44.334
INFO:root:Saved checkpoint to "./models/resnext-34-standford-512-lr-0.01/resnext-34-standford-512-lr-0.01-0054.params"
INFO:root:Epoch[53] Validation-accuracy=0.364583
INFO:root:Epoch[53] Validation-top_k_accuracy_5=0.702083
INFO:root:Epoch[54] Batch [20]	Speed: 224.77 samples/sec	accuracy=0.919643	top_k_accuracy_5=0.994643
INFO:root:Epoch[54] Batch [40]	Speed: 222.41 samples/sec	accuracy=0.916250	top_k_accuracy_5=0.995000
INFO:root:Epoch[54] Batch [60]	Speed: 218.41 samples/sec	accuracy=0.898125	top_k_accuracy_5=0.993125
INFO:root:Epoch[54] Batch [80]	Speed: 218.25 samples/sec	accuracy=0.918750	top_k_accuracy_5=0.995000
INFO:root:Epoch[54] Batch [100]	Speed: 194.15 samples/sec	accuracy=0.924375	top_k_accuracy_5=0.995000
INFO:root:Epoch[54] Batch [120]	Speed: 222.78 samples/sec	accuracy=0.931875	top_k_accuracy_5=0.996875
INFO:root:Epoch[54] Train-accuracy=nan
INFO:root:Epoch[54] Train-top_k_accuracy_5=nan
INFO:root:Epoch[54] Time cost=45.023
INFO:root:Saved checkpoint to "./models/resnext-34-standford-512-lr-0.01/resnext-34-standford-512-lr-0.01-0055.params"
INFO:root:Epoch[54] Validation-accuracy=0.312500
INFO:root:Epoch[54] Validation-top_k_accuracy_5=0.644643
INFO:root:Epoch[55] Batch [20]	Speed: 226.55 samples/sec	accuracy=0.917857	top_k_accuracy_5=0.996429
INFO:root:Epoch[55] Batch [40]	Speed: 221.09 samples/sec	accuracy=0.925000	top_k_accuracy_5=0.995000
INFO:root:Epoch[55] Batch [60]	Speed: 220.62 samples/sec	accuracy=0.918125	top_k_accuracy_5=0.995000
INFO:root:Epoch[55] Batch [80]	Speed: 219.81 samples/sec	accuracy=0.915625	top_k_accuracy_5=0.993125
INFO:root:Epoch[55] Batch [100]	Speed: 219.98 samples/sec	accuracy=0.936250	top_k_accuracy_5=0.995625
INFO:root:Epoch[55] Batch [120]	Speed: 219.60 samples/sec	accuracy=0.918125	top_k_accuracy_5=0.993750
INFO:root:Epoch[55] Train-accuracy=nan
INFO:root:Epoch[55] Train-top_k_accuracy_5=nan
INFO:root:Epoch[55] Time cost=44.015
INFO:root:Saved checkpoint to "./models/resnext-34-standford-512-lr-0.01/resnext-34-standford-512-lr-0.01-0056.params"
INFO:root:Epoch[55] Validation-accuracy=0.372917
INFO:root:Epoch[55] Validation-top_k_accuracy_5=0.664583
INFO:root:Epoch[56] Batch [20]	Speed: 227.49 samples/sec	accuracy=0.925595	top_k_accuracy_5=0.996429
INFO:root:Epoch[56] Batch [40]	Speed: 217.41 samples/sec	accuracy=0.921250	top_k_accuracy_5=0.997500
INFO:root:Epoch[56] Batch [60]	Speed: 219.16 samples/sec	accuracy=0.921250	top_k_accuracy_5=0.995000
INFO:root:Epoch[56] Batch [80]	Speed: 219.67 samples/sec	accuracy=0.928125	top_k_accuracy_5=0.996250
INFO:root:Epoch[56] Batch [100]	Speed: 220.38 samples/sec	accuracy=0.930625	top_k_accuracy_5=0.995000
INFO:root:Epoch[56] Batch [120]	Speed: 221.87 samples/sec	accuracy=0.923750	top_k_accuracy_5=0.994375
INFO:root:Epoch[56] Train-accuracy=0.912500
INFO:root:Epoch[56] Train-top_k_accuracy_5=1.000000
INFO:root:Epoch[56] Time cost=44.665
INFO:root:Saved checkpoint to "./models/resnext-34-standford-512-lr-0.01/resnext-34-standford-512-lr-0.01-0057.params"
INFO:root:Epoch[56] Validation-accuracy=0.442857
INFO:root:Epoch[56] Validation-top_k_accuracy_5=0.741071
INFO:root:Epoch[57] Batch [20]	Speed: 225.15 samples/sec	accuracy=0.939286	top_k_accuracy_5=0.997024
INFO:root:Epoch[57] Batch [40]	Speed: 216.30 samples/sec	accuracy=0.926875	top_k_accuracy_5=0.994375
INFO:root:Epoch[57] Batch [60]	Speed: 220.42 samples/sec	accuracy=0.919375	top_k_accuracy_5=0.997500
INFO:root:Epoch[57] Batch [80]	Speed: 220.89 samples/sec	accuracy=0.925000	top_k_accuracy_5=0.997500
INFO:root:Epoch[57] Batch [100]	Speed: 216.20 samples/sec	accuracy=0.931875	top_k_accuracy_5=0.995000
INFO:root:Epoch[57] Batch [120]	Speed: 222.83 samples/sec	accuracy=0.930625	top_k_accuracy_5=0.996875
INFO:root:Epoch[57] Train-accuracy=nan
INFO:root:Epoch[57] Train-top_k_accuracy_5=nan
INFO:root:Epoch[57] Time cost=44.181
INFO:root:Saved checkpoint to "./models/resnext-34-standford-512-lr-0.01/resnext-34-standford-512-lr-0.01-0058.params"
INFO:root:Epoch[57] Validation-accuracy=0.343750
INFO:root:Epoch[57] Validation-top_k_accuracy_5=0.666667
INFO:root:Epoch[58] Batch [20]	Speed: 227.37 samples/sec	accuracy=0.936905	top_k_accuracy_5=0.997619
INFO:root:Epoch[58] Batch [40]	Speed: 218.81 samples/sec	accuracy=0.938125	top_k_accuracy_5=0.996875
INFO:root:Epoch[58] Batch [60]	Speed: 222.17 samples/sec	accuracy=0.934375	top_k_accuracy_5=0.998125
INFO:root:Epoch[58] Batch [80]	Speed: 222.54 samples/sec	accuracy=0.937500	top_k_accuracy_5=0.996250
INFO:root:Epoch[58] Batch [100]	Speed: 222.10 samples/sec	accuracy=0.944375	top_k_accuracy_5=0.996250
INFO:root:Epoch[58] Batch [120]	Speed: 220.35 samples/sec	accuracy=0.936875	top_k_accuracy_5=0.999375
INFO:root:Epoch[58] Train-accuracy=0.950000
INFO:root:Epoch[58] Train-top_k_accuracy_5=0.987500
INFO:root:Epoch[58] Time cost=44.173
INFO:root:Saved checkpoint to "./models/resnext-34-standford-512-lr-0.01/resnext-34-standford-512-lr-0.01-0059.params"
INFO:root:Epoch[58] Validation-accuracy=0.327083
INFO:root:Epoch[58] Validation-top_k_accuracy_5=0.641667
INFO:root:Epoch[59] Batch [20]	Speed: 226.00 samples/sec	accuracy=0.941071	top_k_accuracy_5=0.997024
INFO:root:Epoch[59] Batch [40]	Speed: 219.66 samples/sec	accuracy=0.951875	top_k_accuracy_5=0.994375
INFO:root:Epoch[59] Batch [60]	Speed: 221.30 samples/sec	accuracy=0.948750	top_k_accuracy_5=0.998750
INFO:root:Epoch[59] Batch [80]	Speed: 222.13 samples/sec	accuracy=0.946250	top_k_accuracy_5=0.995625
INFO:root:Epoch[59] Batch [100]	Speed: 220.45 samples/sec	accuracy=0.951250	top_k_accuracy_5=0.997500
INFO:root:Epoch[59] Batch [120]	Speed: 221.08 samples/sec	accuracy=0.945625	top_k_accuracy_5=0.997500
INFO:root:Epoch[59] Train-accuracy=nan
INFO:root:Epoch[59] Train-top_k_accuracy_5=nan
INFO:root:Epoch[59] Time cost=43.905
INFO:root:Saved checkpoint to "./models/resnext-34-standford-512-lr-0.01/resnext-34-standford-512-lr-0.01-0060.params"
INFO:root:Epoch[59] Validation-accuracy=0.351786
INFO:root:Epoch[59] Validation-top_k_accuracy_5=0.625000
INFO:root:Epoch[60] Batch [20]	Speed: 224.94 samples/sec	accuracy=0.942262	top_k_accuracy_5=0.998810
INFO:root:Epoch[60] Batch [40]	Speed: 221.90 samples/sec	accuracy=0.950000	top_k_accuracy_5=0.997500
INFO:root:Epoch[60] Batch [60]	Speed: 221.50 samples/sec	accuracy=0.948750	top_k_accuracy_5=0.996250
INFO:root:Epoch[60] Batch [80]	Speed: 221.74 samples/sec	accuracy=0.952500	top_k_accuracy_5=0.998125
INFO:root:Epoch[60] Batch [100]	Speed: 221.30 samples/sec	accuracy=0.946875	top_k_accuracy_5=0.999375
INFO:root:Epoch[60] Batch [120]	Speed: 223.26 samples/sec	accuracy=0.948750	top_k_accuracy_5=0.995000
INFO:root:Epoch[60] Train-accuracy=nan
INFO:root:Epoch[60] Train-top_k_accuracy_5=nan
INFO:root:Epoch[60] Time cost=43.765
INFO:root:Saved checkpoint to "./models/resnext-34-standford-512-lr-0.01/resnext-34-standford-512-lr-0.01-0061.params"
INFO:root:Epoch[60] Validation-accuracy=0.341667
INFO:root:Epoch[60] Validation-top_k_accuracy_5=0.668750
INFO:root:Epoch[61] Batch [20]	Speed: 228.02 samples/sec	accuracy=0.954167	top_k_accuracy_5=0.999405
INFO:root:Epoch[61] Batch [40]	Speed: 223.97 samples/sec	accuracy=0.958750	top_k_accuracy_5=0.998750
INFO:root:Epoch[61] Batch [60]	Speed: 221.53 samples/sec	accuracy=0.951250	top_k_accuracy_5=0.996250
INFO:root:Epoch[61] Batch [80]	Speed: 223.29 samples/sec	accuracy=0.958750	top_k_accuracy_5=0.998750
INFO:root:Epoch[61] Batch [100]	Speed: 223.67 samples/sec	accuracy=0.949375	top_k_accuracy_5=0.998125
INFO:root:Epoch[61] Batch [120]	Speed: 222.72 samples/sec	accuracy=0.958125	top_k_accuracy_5=0.995625
INFO:root:Epoch[61] Train-accuracy=0.962500
INFO:root:Epoch[61] Train-top_k_accuracy_5=1.000000
INFO:root:Epoch[61] Time cost=43.851
INFO:root:Saved checkpoint to "./models/resnext-34-standford-512-lr-0.01/resnext-34-standford-512-lr-0.01-0062.params"
INFO:root:Epoch[61] Validation-accuracy=0.383929
INFO:root:Epoch[61] Validation-top_k_accuracy_5=0.721429
INFO:root:Epoch[62] Batch [20]	Speed: 227.14 samples/sec	accuracy=0.961905	top_k_accuracy_5=0.998810
INFO:root:Epoch[62] Batch [40]	Speed: 220.24 samples/sec	accuracy=0.953125	top_k_accuracy_5=0.998125
INFO:root:Epoch[62] Batch [60]	Speed: 223.15 samples/sec	accuracy=0.956875	top_k_accuracy_5=0.997500
INFO:root:Epoch[62] Batch [80]	Speed: 224.07 samples/sec	accuracy=0.960625	top_k_accuracy_5=0.998750
INFO:root:Epoch[62] Batch [100]	Speed: 221.95 samples/sec	accuracy=0.970625	top_k_accuracy_5=0.997500
INFO:root:Epoch[62] Batch [120]	Speed: 225.85 samples/sec	accuracy=0.966875	top_k_accuracy_5=0.999375
INFO:root:Epoch[62] Train-accuracy=nan
INFO:root:Epoch[62] Train-top_k_accuracy_5=nan
INFO:root:Epoch[62] Time cost=43.499
INFO:root:Saved checkpoint to "./models/resnext-34-standford-512-lr-0.01/resnext-34-standford-512-lr-0.01-0063.params"
INFO:root:Epoch[62] Validation-accuracy=0.370833
INFO:root:Epoch[62] Validation-top_k_accuracy_5=0.675000
INFO:root:Epoch[63] Batch [20]	Speed: 226.89 samples/sec	accuracy=0.955357	top_k_accuracy_5=0.997619
INFO:root:Epoch[63] Batch [40]	Speed: 222.79 samples/sec	accuracy=0.960625	top_k_accuracy_5=0.998750
INFO:root:Epoch[63] Batch [60]	Speed: 221.75 samples/sec	accuracy=0.960000	top_k_accuracy_5=0.998125
INFO:root:Epoch[63] Batch [80]	Speed: 222.51 samples/sec	accuracy=0.962500	top_k_accuracy_5=0.999375
INFO:root:Epoch[63] Batch [100]	Speed: 222.76 samples/sec	accuracy=0.961875	top_k_accuracy_5=1.000000
INFO:root:Epoch[63] Batch [120]	Speed: 225.32 samples/sec	accuracy=0.965625	top_k_accuracy_5=0.998750
INFO:root:Epoch[63] Train-accuracy=nan
INFO:root:Epoch[63] Train-top_k_accuracy_5=nan
INFO:root:Epoch[63] Time cost=43.529
INFO:root:Saved checkpoint to "./models/resnext-34-standford-512-lr-0.01/resnext-34-standford-512-lr-0.01-0064.params"
INFO:root:Epoch[63] Validation-accuracy=0.383333
INFO:root:Epoch[63] Validation-top_k_accuracy_5=0.689583
INFO:root:Epoch[64] Batch [20]	Speed: 227.38 samples/sec	accuracy=0.957143	top_k_accuracy_5=0.998810
INFO:root:Epoch[64] Batch [40]	Speed: 221.40 samples/sec	accuracy=0.966250	top_k_accuracy_5=0.997500
INFO:root:Epoch[64] Batch [60]	Speed: 222.62 samples/sec	accuracy=0.967500	top_k_accuracy_5=0.998750
INFO:root:Epoch[64] Batch [80]	Speed: 224.48 samples/sec	accuracy=0.969375	top_k_accuracy_5=0.998750
INFO:root:Epoch[64] Batch [100]	Speed: 223.29 samples/sec	accuracy=0.970000	top_k_accuracy_5=0.998750
INFO:root:Epoch[64] Batch [120]	Speed: 225.01 samples/sec	accuracy=0.961875	top_k_accuracy_5=0.998125
INFO:root:Epoch[64] Train-accuracy=0.900000
INFO:root:Epoch[64] Train-top_k_accuracy_5=0.987500
INFO:root:Epoch[64] Time cost=44.105
INFO:root:Saved checkpoint to "./models/resnext-34-standford-512-lr-0.01/resnext-34-standford-512-lr-0.01-0065.params"
INFO:root:Epoch[64] Validation-accuracy=0.417857
INFO:root:Epoch[64] Validation-top_k_accuracy_5=0.723214
INFO:root:Epoch[65] Batch [20]	Speed: 226.20 samples/sec	accuracy=0.969048	top_k_accuracy_5=0.998214
INFO:root:Epoch[65] Batch [40]	Speed: 221.70 samples/sec	accuracy=0.960625	top_k_accuracy_5=0.996250
INFO:root:Epoch[65] Batch [60]	Speed: 220.23 samples/sec	accuracy=0.953125	top_k_accuracy_5=0.996875
INFO:root:Epoch[65] Batch [80]	Speed: 222.46 samples/sec	accuracy=0.970625	top_k_accuracy_5=1.000000
INFO:root:Epoch[65] Batch [100]	Speed: 223.71 samples/sec	accuracy=0.973750	top_k_accuracy_5=0.996875
INFO:root:Epoch[65] Batch [120]	Speed: 225.77 samples/sec	accuracy=0.970625	top_k_accuracy_5=1.000000
INFO:root:Epoch[65] Train-accuracy=nan
INFO:root:Epoch[65] Train-top_k_accuracy_5=nan
INFO:root:Epoch[65] Time cost=43.585
INFO:root:Saved checkpoint to "./models/resnext-34-standford-512-lr-0.01/resnext-34-standford-512-lr-0.01-0066.params"
INFO:root:Epoch[65] Validation-accuracy=0.370833
INFO:root:Epoch[65] Validation-top_k_accuracy_5=0.704167
INFO:root:Epoch[66] Batch [20]	Speed: 227.85 samples/sec	accuracy=0.968452	top_k_accuracy_5=0.998810
INFO:root:Epoch[66] Batch [40]	Speed: 223.10 samples/sec	accuracy=0.971250	top_k_accuracy_5=0.999375
INFO:root:Epoch[66] Batch [60]	Speed: 221.07 samples/sec	accuracy=0.960000	top_k_accuracy_5=0.999375
INFO:root:Epoch[66] Batch [80]	Speed: 224.85 samples/sec	accuracy=0.965625	top_k_accuracy_5=0.999375
INFO:root:Epoch[66] Batch [100]	Speed: 224.16 samples/sec	accuracy=0.967500	top_k_accuracy_5=0.999375
INFO:root:Epoch[66] Batch [120]	Speed: 225.18 samples/sec	accuracy=0.965000	top_k_accuracy_5=0.997500
INFO:root:Epoch[66] Train-accuracy=0.962500
INFO:root:Epoch[66] Train-top_k_accuracy_5=1.000000
INFO:root:Epoch[66] Time cost=43.736
INFO:root:Saved checkpoint to "./models/resnext-34-standford-512-lr-0.01/resnext-34-standford-512-lr-0.01-0067.params"
INFO:root:Epoch[66] Validation-accuracy=0.383929
INFO:root:Epoch[66] Validation-top_k_accuracy_5=0.700000
INFO:root:Epoch[67] Batch [20]	Speed: 226.14 samples/sec	accuracy=0.964286	top_k_accuracy_5=1.000000
INFO:root:Epoch[67] Batch [40]	Speed: 223.75 samples/sec	accuracy=0.966250	top_k_accuracy_5=0.999375
INFO:root:Epoch[67] Batch [60]	Speed: 223.03 samples/sec	accuracy=0.969375	top_k_accuracy_5=0.998750
INFO:root:Epoch[67] Batch [80]	Speed: 223.80 samples/sec	accuracy=0.970000	top_k_accuracy_5=0.998125
INFO:root:Epoch[67] Batch [100]	Speed: 222.88 samples/sec	accuracy=0.977500	top_k_accuracy_5=1.000000
INFO:root:Epoch[67] Batch [120]	Speed: 222.87 samples/sec	accuracy=0.970000	top_k_accuracy_5=0.998750
INFO:root:Epoch[67] Train-accuracy=nan
INFO:root:Epoch[67] Train-top_k_accuracy_5=nan
INFO:root:Epoch[67] Time cost=43.487
INFO:root:Saved checkpoint to "./models/resnext-34-standford-512-lr-0.01/resnext-34-standford-512-lr-0.01-0068.params"
INFO:root:Epoch[67] Validation-accuracy=0.400000
INFO:root:Epoch[67] Validation-top_k_accuracy_5=0.712500
INFO:root:Epoch[68] Batch [20]	Speed: 228.00 samples/sec	accuracy=0.958333	top_k_accuracy_5=0.997619
INFO:root:Epoch[68] Batch [40]	Speed: 221.56 samples/sec	accuracy=0.972500	top_k_accuracy_5=0.996875
INFO:root:Epoch[68] Batch [60]	Speed: 223.78 samples/sec	accuracy=0.971875	top_k_accuracy_5=0.996875
INFO:root:Epoch[68] Batch [80]	Speed: 222.04 samples/sec	accuracy=0.970000	top_k_accuracy_5=1.000000
INFO:root:Epoch[68] Batch [100]	Speed: 222.12 samples/sec	accuracy=0.971875	top_k_accuracy_5=0.998750
INFO:root:Epoch[68] Batch [120]	Speed: 221.74 samples/sec	accuracy=0.970625	top_k_accuracy_5=0.998125
INFO:root:Epoch[68] Train-accuracy=nan
INFO:root:Epoch[68] Train-top_k_accuracy_5=nan
INFO:root:Epoch[68] Time cost=43.631
INFO:root:Saved checkpoint to "./models/resnext-34-standford-512-lr-0.01/resnext-34-standford-512-lr-0.01-0069.params"
INFO:root:Epoch[68] Validation-accuracy=0.372917
INFO:root:Epoch[68] Validation-top_k_accuracy_5=0.675000
INFO:root:Epoch[69] Batch [20]	Speed: 227.80 samples/sec	accuracy=0.970833	top_k_accuracy_5=0.998214
INFO:root:Epoch[69] Batch [40]	Speed: 222.40 samples/sec	accuracy=0.980000	top_k_accuracy_5=0.999375
INFO:root:Epoch[69] Batch [60]	Speed: 220.87 samples/sec	accuracy=0.971875	top_k_accuracy_5=0.999375
INFO:root:Epoch[69] Batch [80]	Speed: 222.07 samples/sec	accuracy=0.975000	top_k_accuracy_5=1.000000
INFO:root:Epoch[69] Batch [100]	Speed: 220.25 samples/sec	accuracy=0.973750	top_k_accuracy_5=1.000000
INFO:root:Epoch[69] Batch [120]	Speed: 222.60 samples/sec	accuracy=0.981250	top_k_accuracy_5=0.999375
INFO:root:Epoch[69] Train-accuracy=0.962500
INFO:root:Epoch[69] Train-top_k_accuracy_5=1.000000
INFO:root:Epoch[69] Time cost=44.053
INFO:root:Saved checkpoint to "./models/resnext-34-standford-512-lr-0.01/resnext-34-standford-512-lr-0.01-0070.params"
INFO:root:Epoch[69] Validation-accuracy=0.396429
INFO:root:Epoch[69] Validation-top_k_accuracy_5=0.692857
INFO:root:Epoch[70] Batch [20]	Speed: 227.57 samples/sec	accuracy=0.964286	top_k_accuracy_5=1.000000
INFO:root:Epoch[70] Batch [40]	Speed: 221.09 samples/sec	accuracy=0.976875	top_k_accuracy_5=1.000000
INFO:root:Epoch[70] Batch [60]	Speed: 220.31 samples/sec	accuracy=0.973750	top_k_accuracy_5=0.999375
INFO:root:Epoch[70] Batch [80]	Speed: 220.32 samples/sec	accuracy=0.967500	top_k_accuracy_5=0.998750
INFO:root:Epoch[70] Batch [100]	Speed: 221.26 samples/sec	accuracy=0.970625	top_k_accuracy_5=1.000000
INFO:root:Epoch[70] Batch [120]	Speed: 219.82 samples/sec	accuracy=0.969375	top_k_accuracy_5=0.999375
INFO:root:Epoch[70] Train-accuracy=nan
INFO:root:Epoch[70] Train-top_k_accuracy_5=nan
INFO:root:Epoch[70] Time cost=43.903
INFO:root:Saved checkpoint to "./models/resnext-34-standford-512-lr-0.01/resnext-34-standford-512-lr-0.01-0071.params"
INFO:root:Epoch[70] Validation-accuracy=0.291667
INFO:root:Epoch[70] Validation-top_k_accuracy_5=0.631250
INFO:root:Epoch[71] Batch [20]	Speed: 227.80 samples/sec	accuracy=0.969643	top_k_accuracy_5=1.000000
INFO:root:Epoch[71] Batch [40]	Speed: 220.16 samples/sec	accuracy=0.974375	top_k_accuracy_5=0.998750
INFO:root:Epoch[71] Batch [60]	Speed: 220.30 samples/sec	accuracy=0.970000	top_k_accuracy_5=0.999375
INFO:root:Epoch[71] Batch [80]	Speed: 220.77 samples/sec	accuracy=0.977500	top_k_accuracy_5=1.000000
INFO:root:Epoch[71] Batch [100]	Speed: 212.55 samples/sec	accuracy=0.975000	top_k_accuracy_5=0.998750
INFO:root:Epoch[71] Batch [120]	Speed: 221.94 samples/sec	accuracy=0.972500	top_k_accuracy_5=0.999375
INFO:root:Epoch[71] Train-accuracy=nan
INFO:root:Epoch[71] Train-top_k_accuracy_5=nan
INFO:root:Epoch[71] Time cost=44.126
INFO:root:Saved checkpoint to "./models/resnext-34-standford-512-lr-0.01/resnext-34-standford-512-lr-0.01-0072.params"
INFO:root:Epoch[71] Validation-accuracy=0.419643
INFO:root:Epoch[71] Validation-top_k_accuracy_5=0.719643
INFO:root:Epoch[72] Batch [20]	Speed: 226.02 samples/sec	accuracy=0.980357	top_k_accuracy_5=0.999405
INFO:root:Epoch[72] Batch [40]	Speed: 219.26 samples/sec	accuracy=0.973750	top_k_accuracy_5=0.999375
INFO:root:Epoch[72] Batch [60]	Speed: 221.96 samples/sec	accuracy=0.974375	top_k_accuracy_5=0.999375
INFO:root:Epoch[72] Batch [80]	Speed: 222.54 samples/sec	accuracy=0.978125	top_k_accuracy_5=0.998750
INFO:root:Epoch[72] Batch [100]	Speed: 217.78 samples/sec	accuracy=0.976250	top_k_accuracy_5=0.999375
INFO:root:Epoch[72] Batch [120]	Speed: 221.39 samples/sec	accuracy=0.979375	top_k_accuracy_5=0.997500
INFO:root:Epoch[72] Train-accuracy=0.975000
INFO:root:Epoch[72] Train-top_k_accuracy_5=1.000000
INFO:root:Epoch[72] Time cost=44.566
INFO:root:Saved checkpoint to "./models/resnext-34-standford-512-lr-0.01/resnext-34-standford-512-lr-0.01-0073.params"
INFO:root:Epoch[72] Validation-accuracy=0.431250
INFO:root:Epoch[72] Validation-top_k_accuracy_5=0.729167
INFO:root:Epoch[73] Batch [20]	Speed: 226.78 samples/sec	accuracy=0.978571	top_k_accuracy_5=1.000000
INFO:root:Epoch[73] Batch [40]	Speed: 218.00 samples/sec	accuracy=0.981250	top_k_accuracy_5=0.999375
INFO:root:Epoch[73] Batch [60]	Speed: 218.69 samples/sec	accuracy=0.977500	top_k_accuracy_5=1.000000
INFO:root:Epoch[73] Batch [80]	Speed: 222.84 samples/sec	accuracy=0.981250	top_k_accuracy_5=0.999375
INFO:root:Epoch[73] Batch [100]	Speed: 219.37 samples/sec	accuracy=0.983125	top_k_accuracy_5=0.999375
INFO:root:Epoch[73] Batch [120]	Speed: 220.42 samples/sec	accuracy=0.988125	top_k_accuracy_5=1.000000
INFO:root:Epoch[73] Train-accuracy=nan
INFO:root:Epoch[73] Train-top_k_accuracy_5=nan
INFO:root:Epoch[73] Time cost=44.036
INFO:root:Saved checkpoint to "./models/resnext-34-standford-512-lr-0.01/resnext-34-standford-512-lr-0.01-0074.params"
INFO:root:Epoch[73] Validation-accuracy=0.404167
INFO:root:Epoch[73] Validation-top_k_accuracy_5=0.708333
INFO:root:Epoch[74] Batch [20]	Speed: 228.10 samples/sec	accuracy=0.984524	top_k_accuracy_5=1.000000
INFO:root:Epoch[74] Batch [40]	Speed: 210.90 samples/sec	accuracy=0.980000	top_k_accuracy_5=1.000000
INFO:root:Epoch[74] Batch [60]	Speed: 223.01 samples/sec	accuracy=0.980625	top_k_accuracy_5=1.000000
INFO:root:Epoch[74] Batch [80]	Speed: 220.59 samples/sec	accuracy=0.985000	top_k_accuracy_5=0.999375
INFO:root:Epoch[74] Batch [100]	Speed: 219.01 samples/sec	accuracy=0.982500	top_k_accuracy_5=0.999375
INFO:root:Epoch[74] Batch [120]	Speed: 221.57 samples/sec	accuracy=0.983125	top_k_accuracy_5=1.000000
INFO:root:Epoch[74] Train-accuracy=0.987500
INFO:root:Epoch[74] Train-top_k_accuracy_5=1.000000
INFO:root:Epoch[74] Time cost=44.552
INFO:root:Saved checkpoint to "./models/resnext-34-standford-512-lr-0.01/resnext-34-standford-512-lr-0.01-0075.params"
INFO:root:Epoch[74] Validation-accuracy=0.405357
INFO:root:Epoch[74] Validation-top_k_accuracy_5=0.721429
INFO:root:Epoch[75] Batch [20]	Speed: 228.78 samples/sec	accuracy=0.977381	top_k_accuracy_5=1.000000
INFO:root:Epoch[75] Batch [40]	Speed: 219.38 samples/sec	accuracy=0.980000	top_k_accuracy_5=1.000000
INFO:root:Epoch[75] Batch [60]	Speed: 218.68 samples/sec	accuracy=0.987500	top_k_accuracy_5=1.000000
INFO:root:Epoch[75] Batch [80]	Speed: 220.32 samples/sec	accuracy=0.986875	top_k_accuracy_5=1.000000
INFO:root:Epoch[75] Batch [100]	Speed: 220.16 samples/sec	accuracy=0.980625	top_k_accuracy_5=0.999375
INFO:root:Epoch[75] Batch [120]	Speed: 218.74 samples/sec	accuracy=0.982500	top_k_accuracy_5=0.999375
INFO:root:Epoch[75] Train-accuracy=nan
INFO:root:Epoch[75] Train-top_k_accuracy_5=nan
INFO:root:Epoch[75] Time cost=44.046
INFO:root:Saved checkpoint to "./models/resnext-34-standford-512-lr-0.01/resnext-34-standford-512-lr-0.01-0076.params"
INFO:root:Epoch[75] Validation-accuracy=0.458333
INFO:root:Epoch[75] Validation-top_k_accuracy_5=0.754167
INFO:root:Epoch[76] Batch [20]	Speed: 227.90 samples/sec	accuracy=0.980952	top_k_accuracy_5=1.000000
INFO:root:Epoch[76] Batch [40]	Speed: 219.33 samples/sec	accuracy=0.981250	top_k_accuracy_5=0.998125
INFO:root:Epoch[76] Batch [60]	Speed: 201.39 samples/sec	accuracy=0.983750	top_k_accuracy_5=0.997500
INFO:root:Epoch[76] Batch [80]	Speed: 219.59 samples/sec	accuracy=0.986875	top_k_accuracy_5=1.000000
INFO:root:Epoch[76] Batch [100]	Speed: 219.51 samples/sec	accuracy=0.985625	top_k_accuracy_5=0.999375
INFO:root:Epoch[76] Batch [120]	Speed: 222.16 samples/sec	accuracy=0.985000	top_k_accuracy_5=1.000000
INFO:root:Epoch[76] Train-accuracy=nan
INFO:root:Epoch[76] Train-top_k_accuracy_5=nan
INFO:root:Epoch[76] Time cost=44.634
INFO:root:Saved checkpoint to "./models/resnext-34-standford-512-lr-0.01/resnext-34-standford-512-lr-0.01-0077.params"
INFO:root:Epoch[76] Validation-accuracy=0.407143
INFO:root:Epoch[76] Validation-top_k_accuracy_5=0.705357
INFO:root:Epoch[77] Batch [20]	Speed: 227.48 samples/sec	accuracy=0.984524	top_k_accuracy_5=1.000000
INFO:root:Epoch[77] Batch [40]	Speed: 217.46 samples/sec	accuracy=0.985625	top_k_accuracy_5=1.000000
INFO:root:Epoch[77] Batch [60]	Speed: 218.04 samples/sec	accuracy=0.978750	top_k_accuracy_5=0.999375
INFO:root:Epoch[77] Batch [80]	Speed: 191.85 samples/sec	accuracy=0.980625	top_k_accuracy_5=1.000000
INFO:root:Epoch[77] Batch [100]	Speed: 219.69 samples/sec	accuracy=0.985000	top_k_accuracy_5=1.000000
INFO:root:Epoch[77] Batch [120]	Speed: 209.49 samples/sec	accuracy=0.985625	top_k_accuracy_5=0.999375
INFO:root:Epoch[77] Train-accuracy=0.962500
INFO:root:Epoch[77] Train-top_k_accuracy_5=1.000000
INFO:root:Epoch[77] Time cost=45.946
INFO:root:Saved checkpoint to "./models/resnext-34-standford-512-lr-0.01/resnext-34-standford-512-lr-0.01-0078.params"
INFO:root:Epoch[77] Validation-accuracy=0.414583
INFO:root:Epoch[77] Validation-top_k_accuracy_5=0.720833
INFO:root:Epoch[78] Batch [20]	Speed: 227.94 samples/sec	accuracy=0.985714	top_k_accuracy_5=0.999405
INFO:root:Epoch[78] Batch [40]	Speed: 221.56 samples/sec	accuracy=0.988750	top_k_accuracy_5=1.000000
INFO:root:Epoch[78] Batch [60]	Speed: 219.24 samples/sec	accuracy=0.990625	top_k_accuracy_5=0.999375
INFO:root:Epoch[78] Batch [80]	Speed: 221.82 samples/sec	accuracy=0.985000	top_k_accuracy_5=0.998125
INFO:root:Epoch[78] Batch [100]	Speed: 219.39 samples/sec	accuracy=0.986250	top_k_accuracy_5=1.000000
INFO:root:Epoch[78] Batch [120]	Speed: 201.77 samples/sec	accuracy=0.988125	top_k_accuracy_5=1.000000
INFO:root:Epoch[78] Train-accuracy=nan
INFO:root:Epoch[78] Train-top_k_accuracy_5=nan
INFO:root:Epoch[78] Time cost=44.564
INFO:root:Saved checkpoint to "./models/resnext-34-standford-512-lr-0.01/resnext-34-standford-512-lr-0.01-0079.params"
INFO:root:Epoch[78] Validation-accuracy=0.429167
INFO:root:Epoch[78] Validation-top_k_accuracy_5=0.731250
INFO:root:Epoch[79] Batch [20]	Speed: 225.52 samples/sec	accuracy=0.986310	top_k_accuracy_5=0.999405
INFO:root:Epoch[79] Batch [40]	Speed: 220.84 samples/sec	accuracy=0.982500	top_k_accuracy_5=0.998125
INFO:root:Epoch[79] Batch [60]	Speed: 219.62 samples/sec	accuracy=0.987500	top_k_accuracy_5=0.999375
INFO:root:Epoch[79] Batch [80]	Speed: 219.02 samples/sec	accuracy=0.984375	top_k_accuracy_5=0.999375
INFO:root:Epoch[79] Batch [100]	Speed: 213.30 samples/sec	accuracy=0.989375	top_k_accuracy_5=1.000000
INFO:root:Epoch[79] Batch [120]	Speed: 219.93 samples/sec	accuracy=0.987500	top_k_accuracy_5=0.999375
INFO:root:Epoch[79] Train-accuracy=nan
INFO:root:Epoch[79] Train-top_k_accuracy_5=nan
INFO:root:Epoch[79] Time cost=44.308
INFO:root:Saved checkpoint to "./models/resnext-34-standford-512-lr-0.01/resnext-34-standford-512-lr-0.01-0080.params"
INFO:root:Epoch[79] Validation-accuracy=0.412500
INFO:root:Epoch[79] Validation-top_k_accuracy_5=0.728571
INFO:root:Epoch[80] Batch [20]	Speed: 224.43 samples/sec	accuracy=0.989286	top_k_accuracy_5=0.999405
INFO:root:Epoch[80] Batch [40]	Speed: 221.83 samples/sec	accuracy=0.986875	top_k_accuracy_5=0.999375
INFO:root:Epoch[80] Batch [60]	Speed: 222.13 samples/sec	accuracy=0.983750	top_k_accuracy_5=1.000000
INFO:root:Epoch[80] Batch [80]	Speed: 222.14 samples/sec	accuracy=0.985625	top_k_accuracy_5=1.000000
INFO:root:Epoch[80] Batch [100]	Speed: 221.54 samples/sec	accuracy=0.985000	top_k_accuracy_5=1.000000
INFO:root:Epoch[80] Batch [120]	Speed: 220.73 samples/sec	accuracy=0.990000	top_k_accuracy_5=0.999375
INFO:root:Epoch[80] Train-accuracy=0.975000
INFO:root:Epoch[80] Train-top_k_accuracy_5=1.000000
INFO:root:Epoch[80] Time cost=44.422
INFO:root:Saved checkpoint to "./models/resnext-34-standford-512-lr-0.01/resnext-34-standford-512-lr-0.01-0081.params"
INFO:root:Epoch[80] Validation-accuracy=0.439583
INFO:root:Epoch[80] Validation-top_k_accuracy_5=0.741667
INFO:root:Epoch[81] Batch [20]	Speed: 227.09 samples/sec	accuracy=0.989286	top_k_accuracy_5=1.000000
INFO:root:Epoch[81] Batch [40]	Speed: 220.15 samples/sec	accuracy=0.985625	top_k_accuracy_5=1.000000
INFO:root:Epoch[81] Batch [60]	Speed: 220.59 samples/sec	accuracy=0.988125	top_k_accuracy_5=1.000000
INFO:root:Epoch[81] Batch [80]	Speed: 221.05 samples/sec	accuracy=0.988750	top_k_accuracy_5=1.000000
INFO:root:Epoch[81] Batch [100]	Speed: 220.43 samples/sec	accuracy=0.985625	top_k_accuracy_5=1.000000
INFO:root:Epoch[81] Batch [120]	Speed: 202.50 samples/sec	accuracy=0.988125	top_k_accuracy_5=1.000000
INFO:root:Epoch[81] Train-accuracy=nan
INFO:root:Epoch[81] Train-top_k_accuracy_5=nan
INFO:root:Epoch[81] Time cost=44.560
INFO:root:Saved checkpoint to "./models/resnext-34-standford-512-lr-0.01/resnext-34-standford-512-lr-0.01-0082.params"
INFO:root:Epoch[81] Validation-accuracy=0.439286
INFO:root:Epoch[81] Validation-top_k_accuracy_5=0.769643
INFO:root:Epoch[82] Batch [20]	Speed: 228.37 samples/sec	accuracy=0.985119	top_k_accuracy_5=1.000000
INFO:root:Epoch[82] Batch [40]	Speed: 221.46 samples/sec	accuracy=0.990625	top_k_accuracy_5=0.999375
INFO:root:Epoch[82] Batch [60]	Speed: 221.63 samples/sec	accuracy=0.990625	top_k_accuracy_5=1.000000
INFO:root:Epoch[82] Batch [80]	Speed: 222.05 samples/sec	accuracy=0.986875	top_k_accuracy_5=1.000000
INFO:root:Epoch[82] Batch [100]	Speed: 223.31 samples/sec	accuracy=0.985000	top_k_accuracy_5=1.000000
INFO:root:Epoch[82] Batch [120]	Speed: 222.42 samples/sec	accuracy=0.987500	top_k_accuracy_5=0.999375
INFO:root:Epoch[82] Train-accuracy=1.000000
INFO:root:Epoch[82] Train-top_k_accuracy_5=1.000000
INFO:root:Epoch[82] Time cost=43.987
INFO:root:Saved checkpoint to "./models/resnext-34-standford-512-lr-0.01/resnext-34-standford-512-lr-0.01-0083.params"
INFO:root:Epoch[82] Validation-accuracy=0.391667
INFO:root:Epoch[82] Validation-top_k_accuracy_5=0.685417
INFO:root:Epoch[83] Batch [20]	Speed: 227.79 samples/sec	accuracy=0.989286	top_k_accuracy_5=1.000000
INFO:root:Epoch[83] Batch [40]	Speed: 222.52 samples/sec	accuracy=0.988125	top_k_accuracy_5=1.000000
INFO:root:Epoch[83] Batch [60]	Speed: 221.79 samples/sec	accuracy=0.985625	top_k_accuracy_5=1.000000
INFO:root:Epoch[83] Batch [80]	Speed: 223.10 samples/sec	accuracy=0.992500	top_k_accuracy_5=1.000000
INFO:root:Epoch[83] Batch [100]	Speed: 222.24 samples/sec	accuracy=0.991875	top_k_accuracy_5=1.000000
INFO:root:Epoch[83] Batch [120]	Speed: 224.48 samples/sec	accuracy=0.988750	top_k_accuracy_5=1.000000
INFO:root:Epoch[83] Train-accuracy=nan
INFO:root:Epoch[83] Train-top_k_accuracy_5=nan
INFO:root:Epoch[83] Time cost=43.523
INFO:root:Saved checkpoint to "./models/resnext-34-standford-512-lr-0.01/resnext-34-standford-512-lr-0.01-0084.params"
INFO:root:Epoch[83] Validation-accuracy=0.429167
INFO:root:Epoch[83] Validation-top_k_accuracy_5=0.722917
INFO:root:Epoch[84] Batch [20]	Speed: 227.76 samples/sec	accuracy=0.992857	top_k_accuracy_5=1.000000
INFO:root:Epoch[84] Batch [40]	Speed: 220.46 samples/sec	accuracy=0.995000	top_k_accuracy_5=1.000000
INFO:root:Epoch[84] Batch [60]	Speed: 224.02 samples/sec	accuracy=0.993125	top_k_accuracy_5=1.000000
INFO:root:Epoch[84] Batch [80]	Speed: 223.67 samples/sec	accuracy=0.987500	top_k_accuracy_5=1.000000
INFO:root:Epoch[84] Batch [100]	Speed: 223.40 samples/sec	accuracy=0.990000	top_k_accuracy_5=1.000000
INFO:root:Epoch[84] Batch [120]	Speed: 224.83 samples/sec	accuracy=0.990000	top_k_accuracy_5=1.000000
INFO:root:Epoch[84] Train-accuracy=nan
INFO:root:Epoch[84] Train-top_k_accuracy_5=nan
INFO:root:Epoch[84] Time cost=43.468
INFO:root:Saved checkpoint to "./models/resnext-34-standford-512-lr-0.01/resnext-34-standford-512-lr-0.01-0085.params"
INFO:root:Epoch[84] Validation-accuracy=0.444643
INFO:root:Epoch[84] Validation-top_k_accuracy_5=0.721429
INFO:root:Epoch[85] Batch [20]	Speed: 228.16 samples/sec	accuracy=0.988095	top_k_accuracy_5=1.000000
INFO:root:Epoch[85] Batch [40]	Speed: 219.98 samples/sec	accuracy=0.991875	top_k_accuracy_5=1.000000
INFO:root:Epoch[85] Batch [60]	Speed: 223.89 samples/sec	accuracy=0.995000	top_k_accuracy_5=0.999375
INFO:root:Epoch[85] Batch [80]	Speed: 223.29 samples/sec	accuracy=0.988750	top_k_accuracy_5=1.000000
INFO:root:Epoch[85] Batch [100]	Speed: 223.25 samples/sec	accuracy=0.994375	top_k_accuracy_5=1.000000
INFO:root:Epoch[85] Batch [120]	Speed: 224.80 samples/sec	accuracy=0.990625	top_k_accuracy_5=0.999375
INFO:root:Epoch[85] Train-accuracy=1.000000
INFO:root:Epoch[85] Train-top_k_accuracy_5=1.000000
INFO:root:Epoch[85] Time cost=43.812
INFO:root:Saved checkpoint to "./models/resnext-34-standford-512-lr-0.01/resnext-34-standford-512-lr-0.01-0086.params"
INFO:root:Epoch[85] Validation-accuracy=0.454167
INFO:root:Epoch[85] Validation-top_k_accuracy_5=0.729167
INFO:root:Epoch[86] Batch [20]	Speed: 227.33 samples/sec	accuracy=0.991667	top_k_accuracy_5=1.000000
INFO:root:Epoch[86] Batch [40]	Speed: 221.52 samples/sec	accuracy=0.995000	top_k_accuracy_5=1.000000
INFO:root:Epoch[86] Batch [60]	Speed: 221.35 samples/sec	accuracy=0.991250	top_k_accuracy_5=0.999375
INFO:root:Epoch[86] Batch [80]	Speed: 223.42 samples/sec	accuracy=0.991250	top_k_accuracy_5=1.000000
INFO:root:Epoch[86] Batch [100]	Speed: 221.17 samples/sec	accuracy=0.993125	top_k_accuracy_5=1.000000
INFO:root:Epoch[86] Batch [120]	Speed: 224.29 samples/sec	accuracy=0.988125	top_k_accuracy_5=1.000000
INFO:root:Epoch[86] Train-accuracy=nan
INFO:root:Epoch[86] Train-top_k_accuracy_5=nan
INFO:root:Epoch[86] Time cost=43.622
INFO:root:Saved checkpoint to "./models/resnext-34-standford-512-lr-0.01/resnext-34-standford-512-lr-0.01-0087.params"
INFO:root:Epoch[86] Validation-accuracy=0.400000
INFO:root:Epoch[86] Validation-top_k_accuracy_5=0.683929
INFO:root:Epoch[87] Batch [20]	Speed: 227.16 samples/sec	accuracy=0.989286	top_k_accuracy_5=1.000000
INFO:root:Epoch[87] Batch [40]	Speed: 223.58 samples/sec	accuracy=0.988750	top_k_accuracy_5=1.000000
INFO:root:Epoch[87] Batch [60]	Speed: 223.49 samples/sec	accuracy=0.988750	top_k_accuracy_5=0.999375
INFO:root:Epoch[87] Batch [80]	Speed: 222.62 samples/sec	accuracy=0.993125	top_k_accuracy_5=1.000000
INFO:root:Epoch[87] Batch [100]	Speed: 223.64 samples/sec	accuracy=0.995625	top_k_accuracy_5=1.000000
INFO:root:Epoch[87] Batch [120]	Speed: 225.98 samples/sec	accuracy=0.996250	top_k_accuracy_5=1.000000
INFO:root:Epoch[87] Train-accuracy=nan
INFO:root:Epoch[87] Train-top_k_accuracy_5=nan
INFO:root:Epoch[87] Time cost=43.406
INFO:root:Saved checkpoint to "./models/resnext-34-standford-512-lr-0.01/resnext-34-standford-512-lr-0.01-0088.params"
INFO:root:Epoch[87] Validation-accuracy=0.481250
INFO:root:Epoch[87] Validation-top_k_accuracy_5=0.775000
INFO:root:Epoch[88] Batch [20]	Speed: 226.48 samples/sec	accuracy=0.997024	top_k_accuracy_5=1.000000
INFO:root:Epoch[88] Batch [40]	Speed: 218.17 samples/sec	accuracy=0.995000	top_k_accuracy_5=1.000000
./run_train_script.sh: line 68: 30267 Terminated              python train_ccs-train.py --network resnext --num-layers 34 --model-prefix ./models/resnext-34-standford-512-lr-0.01/resnext-34-standford-512-lr-0.01
